<?xml version="1.0" encoding="UTF-8"?>
<coverage generated="1645622946594" clover="3.2.0">
  <project timestamp="1645622946594" name="All files">
    <metrics statements="4124" coveredstatements="3832" conditionals="918" coveredconditionals="628" methods="1041" coveredmethods="939" elements="6083" coveredelements="5399" complexity="0" loc="4124" ncloc="4124" packages="118" files="286" classes="286"/>
    <package name="src.app">
      <metrics statements="188" coveredstatements="184" conditionals="30" coveredconditionals="28" methods="25" coveredmethods="22"/>
      <file name="app-user.service.ts" path="/Users/Niall.Bunting/work/cvs/cvs-app-vtm/src/app/app-user.service.ts">
        <metrics statements="9" coveredstatements="9" conditionals="0" coveredconditionals="0" methods="4" coveredmethods="4"/>
        <line num="1" count="70" type="stmt"/>
        <line num="6" count="140" type="stmt"/>
        <line num="11" count="70" type="stmt"/>
        <line num="12" count="1" type="stmt"/>
        <line num="13" count="1" type="stmt"/>
        <line num="14" count="1" type="stmt"/>
        <line num="17" count="70" type="stmt"/>
        <line num="18" count="1" type="stmt"/>
        <line num="20" count="70" type="stmt"/>
      </file>
      <file name="app.component.html" path="/Users/Niall.Bunting/work/cvs/cvs-app-vtm/src/app/app.component.html">
        <metrics statements="1" coveredstatements="1" conditionals="0" coveredconditionals="0" methods="0" coveredmethods="0"/>
        <line num="1" count="1" type="stmt"/>
      </file>
      <file name="app.component.ts" path="/Users/Niall.Bunting/work/cvs/cvs-app-vtm/src/app/app.component.ts">
        <metrics statements="5" coveredstatements="5" conditionals="0" coveredconditionals="0" methods="2" coveredmethods="2"/>
        <line num="1" count="1" type="stmt"/>
        <line num="2" count="1" type="stmt"/>
        <line num="10" count="2" type="stmt"/>
        <line num="12" count="1" type="stmt"/>
        <line num="14" count="1" type="stmt"/>
      </file>
      <file name="app.config.ts" path="/Users/Niall.Bunting/work/cvs/cvs-app-vtm/src/app/app.config.ts">
        <metrics statements="13" coveredstatements="9" conditionals="2" coveredconditionals="0" methods="4" coveredmethods="1"/>
        <line num="1" count="12" type="stmt"/>
        <line num="2" count="12" type="stmt"/>
        <line num="3" count="12" type="stmt"/>
        <line num="4" count="12" type="stmt"/>
        <line num="6" count="12" type="stmt"/>
        <line num="9" count="24" type="stmt"/>
        <line num="11" count="0" type="stmt"/>
        <line num="12" count="12" type="stmt"/>
        <line num="13" count="0" type="cond" truecount="0" falsecount="2"/>
        <line num="15" count="0" type="stmt"/>
        <line num="18" count="12" type="stmt"/>
        <line num="19" count="0" type="stmt"/>
        <line num="21" count="12" type="stmt"/>
      </file>
      <file name="app.enums.ts" path="/Users/Niall.Bunting/work/cvs/cvs-app-vtm/src/app/app.enums.ts">
        <metrics statements="118" coveredstatements="118" conditionals="28" coveredconditionals="28" methods="14" coveredmethods="14"/>
        <line num="1" count="73" type="cond" truecount="2" falsecount="0"/>
        <line num="2" count="73" type="stmt"/>
        <line num="3" count="73" type="stmt"/>
        <line num="4" count="73" type="stmt"/>
        <line num="5" count="73" type="stmt"/>
        <line num="6" count="73" type="stmt"/>
        <line num="7" count="73" type="stmt"/>
        <line num="10" count="73" type="cond" truecount="2" falsecount="0"/>
        <line num="11" count="73" type="stmt"/>
        <line num="12" count="73" type="stmt"/>
        <line num="13" count="73" type="stmt"/>
        <line num="16" count="73" type="stmt"/>
        <line num="17" count="73" type="stmt"/>
        <line num="18" count="73" type="stmt"/>
        <line num="19" count="73" type="cond" truecount="2" falsecount="0"/>
        <line num="20" count="73" type="stmt"/>
        <line num="21" count="73" type="stmt"/>
        <line num="22" count="73" type="stmt"/>
        <line num="25" count="73" type="cond" truecount="2" falsecount="0"/>
        <line num="26" count="73" type="stmt"/>
        <line num="27" count="73" type="stmt"/>
        <line num="28" count="73" type="stmt"/>
        <line num="29" count="73" type="stmt"/>
        <line num="30" count="73" type="stmt"/>
        <line num="33" count="73" type="cond" truecount="2" falsecount="0"/>
        <line num="34" count="73" type="stmt"/>
        <line num="35" count="73" type="stmt"/>
        <line num="36" count="73" type="stmt"/>
        <line num="37" count="73" type="stmt"/>
        <line num="40" count="73" type="cond" truecount="2" falsecount="0"/>
        <line num="41" count="73" type="stmt"/>
        <line num="42" count="73" type="stmt"/>
        <line num="43" count="73" type="stmt"/>
        <line num="46" count="73" type="cond" truecount="2" falsecount="0"/>
        <line num="47" count="73" type="stmt"/>
        <line num="48" count="73" type="stmt"/>
        <line num="49" count="73" type="stmt"/>
        <line num="50" count="73" type="stmt"/>
        <line num="51" count="73" type="stmt"/>
        <line num="52" count="73" type="stmt"/>
        <line num="55" count="73" type="cond" truecount="2" falsecount="0"/>
        <line num="56" count="73" type="stmt"/>
        <line num="57" count="73" type="stmt"/>
        <line num="58" count="73" type="stmt"/>
        <line num="61" count="73" type="cond" truecount="2" falsecount="0"/>
        <line num="62" count="73" type="stmt"/>
        <line num="63" count="73" type="stmt"/>
        <line num="66" count="73" type="cond" truecount="2" falsecount="0"/>
        <line num="67" count="73" type="stmt"/>
        <line num="68" count="73" type="stmt"/>
        <line num="71" count="73" type="cond" truecount="2" falsecount="0"/>
        <line num="72" count="73" type="stmt"/>
        <line num="73" count="73" type="stmt"/>
        <line num="74" count="73" type="stmt"/>
        <line num="77" count="73" type="cond" truecount="2" falsecount="0"/>
        <line num="78" count="73" type="stmt"/>
        <line num="79" count="73" type="stmt"/>
        <line num="80" count="73" type="stmt"/>
        <line num="81" count="73" type="stmt"/>
        <line num="82" count="73" type="stmt"/>
        <line num="83" count="73" type="stmt"/>
        <line num="84" count="73" type="stmt"/>
        <line num="85" count="73" type="stmt"/>
        <line num="86" count="73" type="stmt"/>
        <line num="87" count="73" type="stmt"/>
        <line num="88" count="73" type="stmt"/>
        <line num="89" count="73" type="stmt"/>
        <line num="90" count="73" type="stmt"/>
        <line num="91" count="73" type="stmt"/>
        <line num="92" count="73" type="stmt"/>
        <line num="93" count="73" type="stmt"/>
        <line num="94" count="73" type="stmt"/>
        <line num="95" count="73" type="stmt"/>
        <line num="96" count="73" type="stmt"/>
        <line num="97" count="73" type="stmt"/>
        <line num="98" count="73" type="stmt"/>
        <line num="99" count="73" type="stmt"/>
        <line num="100" count="73" type="stmt"/>
        <line num="101" count="73" type="stmt"/>
        <line num="102" count="73" type="stmt"/>
        <line num="103" count="73" type="stmt"/>
        <line num="104" count="73" type="stmt"/>
        <line num="105" count="73" type="stmt"/>
        <line num="106" count="73" type="stmt"/>
        <line num="107" count="73" type="stmt"/>
        <line num="108" count="73" type="stmt"/>
        <line num="109" count="73" type="stmt"/>
        <line num="110" count="73" type="stmt"/>
        <line num="111" count="73" type="stmt"/>
        <line num="112" count="73" type="stmt"/>
        <line num="113" count="73" type="stmt"/>
        <line num="114" count="73" type="stmt"/>
        <line num="115" count="73" type="stmt"/>
        <line num="118" count="73" type="cond" truecount="2" falsecount="0"/>
        <line num="119" count="73" type="stmt"/>
        <line num="120" count="73" type="stmt"/>
        <line num="121" count="73" type="stmt"/>
        <line num="122" count="73" type="stmt"/>
        <line num="123" count="73" type="stmt"/>
        <line num="126" count="73" type="cond" truecount="2" falsecount="0"/>
        <line num="127" count="73" type="stmt"/>
        <line num="128" count="73" type="stmt"/>
        <line num="129" count="73" type="stmt"/>
        <line num="130" count="73" type="stmt"/>
        <line num="131" count="73" type="stmt"/>
        <line num="132" count="73" type="stmt"/>
        <line num="133" count="73" type="stmt"/>
        <line num="134" count="73" type="stmt"/>
        <line num="135" count="73" type="stmt"/>
        <line num="136" count="73" type="stmt"/>
        <line num="137" count="73" type="stmt"/>
        <line num="138" count="73" type="stmt"/>
        <line num="139" count="73" type="stmt"/>
        <line num="140" count="73" type="stmt"/>
        <line num="141" count="73" type="stmt"/>
        <line num="142" count="73" type="stmt"/>
        <line num="143" count="73" type="stmt"/>
        <line num="144" count="73" type="stmt"/>
      </file>
      <file name="material.module.ts" path="/Users/Niall.Bunting/work/cvs/cvs-app-vtm/src/app/material.module.ts">
        <metrics statements="42" coveredstatements="42" conditionals="0" coveredconditionals="0" methods="1" coveredmethods="1"/>
        <line num="1" count="9" type="stmt"/>
        <line num="2" count="9" type="stmt"/>
        <line num="3" count="9" type="stmt"/>
        <line num="4" count="9" type="stmt"/>
        <line num="5" count="9" type="stmt"/>
        <line num="6" count="9" type="stmt"/>
        <line num="7" count="9" type="stmt"/>
        <line num="8" count="9" type="stmt"/>
        <line num="9" count="9" type="stmt"/>
        <line num="10" count="9" type="stmt"/>
        <line num="11" count="9" type="stmt"/>
        <line num="12" count="9" type="stmt"/>
        <line num="13" count="9" type="stmt"/>
        <line num="14" count="9" type="stmt"/>
        <line num="15" count="9" type="stmt"/>
        <line num="16" count="9" type="stmt"/>
        <line num="17" count="9" type="stmt"/>
        <line num="18" count="9" type="stmt"/>
        <line num="19" count="9" type="stmt"/>
        <line num="20" count="9" type="stmt"/>
        <line num="21" count="9" type="stmt"/>
        <line num="22" count="9" type="stmt"/>
        <line num="23" count="9" type="stmt"/>
        <line num="24" count="9" type="stmt"/>
        <line num="25" count="9" type="stmt"/>
        <line num="26" count="9" type="stmt"/>
        <line num="27" count="9" type="stmt"/>
        <line num="28" count="9" type="stmt"/>
        <line num="29" count="9" type="stmt"/>
        <line num="30" count="9" type="stmt"/>
        <line num="31" count="9" type="stmt"/>
        <line num="32" count="9" type="stmt"/>
        <line num="33" count="9" type="stmt"/>
        <line num="34" count="9" type="stmt"/>
        <line num="35" count="9" type="stmt"/>
        <line num="36" count="9" type="stmt"/>
        <line num="37" count="9" type="stmt"/>
        <line num="38" count="9" type="stmt"/>
        <line num="39" count="9" type="stmt"/>
        <line num="40" count="9" type="stmt"/>
        <line num="41" count="9" type="stmt"/>
        <line num="88" count="18" type="stmt"/>
      </file>
    </package>
    <package name="src.app.directives.form-connector">
      <metrics statements="20" coveredstatements="13" conditionals="4" coveredconditionals="0" methods="5" coveredmethods="2"/>
      <file name="form-connector.directive.ts" path="/Users/Niall.Bunting/work/cvs/cvs-app-vtm/src/app/directives/form-connector/form-connector.directive.ts">
        <metrics statements="20" coveredstatements="13" conditionals="4" coveredconditionals="0" methods="5" coveredmethods="2"/>
        <line num="1" count="63" type="stmt"/>
        <line num="2" count="63" type="stmt"/>
        <line num="4" count="63" type="stmt"/>
        <line num="5" count="63" type="stmt"/>
        <line num="7" count="63" type="stmt"/>
        <line num="8" count="63" type="stmt"/>
        <line num="13" count="126" type="stmt"/>
        <line num="14" count="63" type="stmt"/>
        <line num="15" count="64" type="stmt"/>
        <line num="23" count="1" type="stmt"/>
        <line num="25" count="63" type="stmt"/>
        <line num="26" count="0" type="stmt"/>
        <line num="30" count="0" type="stmt"/>
        <line num="32" count="0" type="stmt"/>
        <line num="33" count="0" type="cond" truecount="0" falsecount="4"/>
        <line num="34" count="0" type="stmt"/>
        <line num="40" count="0" type="stmt"/>
        <line num="43" count="63" type="stmt"/>
        <line num="44" count="0" type="stmt"/>
        <line num="46" count="63" type="stmt"/>
      </file>
    </package>
    <package name="src.app.guards">
      <metrics statements="23" coveredstatements="14" conditionals="4" coveredconditionals="0" methods="10" coveredmethods="4"/>
      <file name="form-state.guard.ts" path="/Users/Niall.Bunting/work/cvs/cvs-app-vtm/src/app/guards/form-state.guard.ts">
        <metrics statements="23" coveredstatements="14" conditionals="4" coveredconditionals="0" methods="10" coveredmethods="4"/>
        <line num="7" count="1" type="stmt"/>
        <line num="8" count="1" type="stmt"/>
        <line num="9" count="1" type="stmt"/>
        <line num="11" count="1" type="stmt"/>
        <line num="12" count="1" type="stmt"/>
        <line num="13" count="1" type="stmt"/>
        <line num="14" count="1" type="stmt"/>
        <line num="17" count="2" type="stmt"/>
        <line num="18" count="1" type="stmt"/>
        <line num="20" count="1" type="stmt"/>
        <line num="21" count="1" type="stmt"/>
        <line num="24" count="2" type="stmt"/>
        <line num="25" count="1" type="stmt"/>
        <line num="27" count="0" type="cond" truecount="0" falsecount="2"/>
        <line num="28" count="0" type="stmt"/>
        <line num="35" count="0" type="stmt"/>
        <line num="39" count="1" type="stmt"/>
        <line num="42" count="0" type="stmt"/>
        <line num="43" count="0" type="stmt"/>
        <line num="48" count="0" type="stmt"/>
        <line num="50" count="0" type="cond" truecount="0" falsecount="2"/>
        <line num="51" count="0" type="stmt"/>
        <line num="52" count="0" type="stmt"/>
      </file>
    </package>
    <package name="src.app.landing-page">
      <metrics statements="5" coveredstatements="5" conditionals="0" coveredconditionals="0" methods="3" coveredmethods="3"/>
      <file name="landing-page.component.html" path="/Users/Niall.Bunting/work/cvs/cvs-app-vtm/src/app/landing-page/landing-page.component.html">
        <metrics statements="1" coveredstatements="1" conditionals="0" coveredconditionals="0" methods="0" coveredmethods="0"/>
        <line num="1" count="1" type="stmt"/>
      </file>
      <file name="landing-page.component.ts" path="/Users/Niall.Bunting/work/cvs/cvs-app-vtm/src/app/landing-page/landing-page.component.ts">
        <metrics statements="4" coveredstatements="4" conditionals="0" coveredconditionals="0" methods="3" coveredmethods="3"/>
        <line num="1" count="1" type="stmt"/>
        <line num="9" count="2" type="stmt"/>
        <line num="12" count="1" type="stmt"/>
        <line num="13" count="1" type="stmt"/>
      </file>
    </package>
    <package name="src.app.modal">
      <metrics statements="99" coveredstatements="94" conditionals="13" coveredconditionals="8" methods="27" coveredmethods="24"/>
      <file name="modal.actions.ts" path="/Users/Niall.Bunting/work/cvs/cvs-app-vtm/src/app/modal/modal.actions.ts">
        <metrics statements="16" coveredstatements="16" conditionals="2" coveredconditionals="2" methods="7" coveredmethods="7"/>
        <line num="4" count="12" type="cond" truecount="2" falsecount="0"/>
        <line num="5" count="12" type="stmt"/>
        <line num="6" count="12" type="stmt"/>
        <line num="7" count="12" type="stmt"/>
        <line num="10" count="12" type="stmt"/>
        <line num="11" count="2" type="stmt"/>
        <line num="12" count="2" type="stmt"/>
        <line num="13" count="12" type="stmt"/>
        <line num="15" count="12" type="stmt"/>
        <line num="16" count="3" type="stmt"/>
        <line num="17" count="3" type="stmt"/>
        <line num="18" count="12" type="stmt"/>
        <line num="20" count="12" type="stmt"/>
        <line num="21" count="4" type="stmt"/>
        <line num="22" count="4" type="stmt"/>
        <line num="23" count="12" type="stmt"/>
      </file>
      <file name="modal.component.ts" path="/Users/Niall.Bunting/work/cvs/cvs-app-vtm/src/app/modal/modal.component.ts">
        <metrics statements="9" coveredstatements="9" conditionals="0" coveredconditionals="0" methods="4" coveredmethods="4"/>
        <line num="1" count="3" type="stmt"/>
        <line num="2" count="3" type="stmt"/>
        <line num="14" count="6" type="stmt"/>
        <line num="17" count="3" type="stmt"/>
        <line num="18" count="3" type="stmt"/>
        <line num="23" count="3" type="stmt"/>
        <line num="25" count="3" type="stmt"/>
        <line num="26" count="1" type="stmt"/>
        <line num="32" count="3" type="stmt"/>
      </file>
      <file name="modal.container.component.ts" path="/Users/Niall.Bunting/work/cvs/cvs-app-vtm/src/app/modal/modal.container.component.ts">
        <metrics statements="26" coveredstatements="22" conditionals="4" coveredconditionals="1" methods="6" coveredmethods="4"/>
        <line num="1" count="2" type="stmt"/>
        <line num="2" count="2" type="stmt"/>
        <line num="4" count="2" type="stmt"/>
        <line num="6" count="2" type="stmt"/>
        <line num="7" count="2" type="stmt"/>
        <line num="10" count="2" type="stmt"/>
        <line num="11" count="2" type="stmt"/>
        <line num="21" count="4" type="stmt"/>
        <line num="23" count="1" type="stmt"/>
        <line num="24" count="1" type="stmt"/>
        <line num="27" count="3" type="stmt"/>
        <line num="28" count="1" type="stmt"/>
        <line num="29" count="1" type="cond" truecount="1" falsecount="1"/>
        <line num="30" count="1" type="stmt"/>
        <line num="31" count="1" type="stmt"/>
        <line num="32" count="1" type="stmt"/>
        <line num="33" count="1" type="stmt"/>
        <line num="34" count="1" type="stmt"/>
        <line num="37" count="1" type="stmt"/>
        <line num="38" count="1" type="stmt"/>
        <line num="39" count="0" type="stmt"/>
        <line num="42" count="0" type="stmt"/>
        <line num="47" count="2" type="stmt"/>
        <line num="48" count="0" type="cond" truecount="0" falsecount="2"/>
        <line num="49" count="0" type="stmt"/>
        <line num="52" count="2" type="stmt"/>
      </file>
      <file name="modal.effects.ts" path="/Users/Niall.Bunting/work/cvs/cvs-app-vtm/src/app/modal/modal.effects.ts">
        <metrics statements="26" coveredstatements="26" conditionals="2" coveredconditionals="1" methods="6" coveredmethods="6"/>
        <line num="1" count="4" type="stmt"/>
        <line num="2" count="4" type="stmt"/>
        <line num="3" count="4" type="stmt"/>
        <line num="4" count="4" type="stmt"/>
        <line num="5" count="4" type="stmt"/>
        <line num="6" count="4" type="stmt"/>
        <line num="8" count="4" type="stmt"/>
        <line num="10" count="4" type="stmt"/>
        <line num="12" count="4" type="stmt"/>
        <line num="16" count="8" type="stmt"/>
        <line num="18" count="6" type="stmt"/>
        <line num="21" count="1" type="stmt"/>
        <line num="23" count="1" type="stmt"/>
        <line num="25" count="1" type="stmt"/>
        <line num="26" count="1" type="cond" truecount="1" falsecount="1"/>
        <line num="27" count="1" type="stmt"/>
        <line num="29" count="1" type="stmt"/>
        <line num="34" count="6" type="stmt"/>
        <line num="36" count="1" type="stmt"/>
        <line num="38" count="1" type="stmt"/>
        <line num="39" count="1" type="stmt"/>
        <line num="43" count="2" type="stmt"/>
        <line num="44" count="2" type="stmt"/>
        <line num="45" count="2" type="stmt"/>
        <line num="46" count="2" type="stmt"/>
        <line num="48" count="4" type="stmt"/>
      </file>
      <file name="modal.module.ts" path="/Users/Niall.Bunting/work/cvs/cvs-app-vtm/src/app/modal/modal.module.ts">
        <metrics statements="8" coveredstatements="8" conditionals="0" coveredconditionals="0" methods="1" coveredmethods="1"/>
        <line num="1" count="1" type="stmt"/>
        <line num="2" count="1" type="stmt"/>
        <line num="3" count="1" type="stmt"/>
        <line num="4" count="1" type="stmt"/>
        <line num="5" count="1" type="stmt"/>
        <line num="6" count="1" type="stmt"/>
        <line num="7" count="1" type="stmt"/>
        <line num="15" count="2" type="stmt"/>
      </file>
      <file name="modal.reducer.ts" path="/Users/Niall.Bunting/work/cvs/cvs-app-vtm/src/app/modal/modal.reducer.ts">
        <metrics statements="9" coveredstatements="9" conditionals="5" coveredconditionals="4" methods="1" coveredmethods="1"/>
        <line num="1" count="7" type="stmt"/>
        <line num="2" count="7" type="stmt"/>
        <line num="10" count="7" type="stmt"/>
        <line num="14" count="7" type="stmt"/>
        <line num="15" count="3" type="cond" truecount="1" falsecount="1"/>
        <line num="18" count="3" type="stmt"/>
        <line num="20" count="1" type="stmt"/>
        <line num="28" count="1" type="stmt"/>
        <line num="36" count="1" type="stmt"/>
      </file>
      <file name="modal.selectors.ts" path="/Users/Niall.Bunting/work/cvs/cvs-app-vtm/src/app/modal/modal.selectors.ts">
        <metrics statements="5" coveredstatements="4" conditionals="0" coveredconditionals="0" methods="2" coveredmethods="1"/>
        <line num="1" count="30" type="stmt"/>
        <line num="4" count="30" type="stmt"/>
        <line num="6" count="30" type="stmt"/>
        <line num="8" count="30" type="stmt"/>
        <line num="10" count="0" type="stmt"/>
      </file>
    </package>
    <package name="src.app.modal.components.lose-changes">
      <metrics statements="10" coveredstatements="10" conditionals="0" coveredconditionals="0" methods="5" coveredmethods="5"/>
      <file name="lose-changes.component.html" path="/Users/Niall.Bunting/work/cvs/cvs-app-vtm/src/app/modal/components/lose-changes/lose-changes.component.html">
        <metrics statements="1" coveredstatements="1" conditionals="0" coveredconditionals="0" methods="0" coveredmethods="0"/>
        <line num="1" count="2" type="stmt"/>
      </file>
      <file name="lose-changes.component.ts" path="/Users/Niall.Bunting/work/cvs/cvs-app-vtm/src/app/modal/components/lose-changes/lose-changes.component.ts">
        <metrics statements="9" coveredstatements="9" conditionals="0" coveredconditionals="0" methods="5" coveredmethods="5"/>
        <line num="1" count="2" type="stmt"/>
        <line num="10" count="4" type="stmt"/>
        <line num="11" count="5" type="stmt"/>
        <line num="15" count="2" type="stmt"/>
        <line num="17" count="2" type="stmt"/>
        <line num="18" count="1" type="stmt"/>
        <line num="21" count="2" type="stmt"/>
        <line num="22" count="1" type="stmt"/>
        <line num="24" count="2" type="stmt"/>
      </file>
    </package>
    <package name="src.app.multiple-records">
      <metrics statements="21" coveredstatements="20" conditionals="0" coveredconditionals="0" methods="8" coveredmethods="7"/>
      <file name="multiple-records.component.html" path="/Users/Niall.Bunting/work/cvs/cvs-app-vtm/src/app/multiple-records/multiple-records.component.html">
        <metrics statements="1" coveredstatements="1" conditionals="0" coveredconditionals="0" methods="0" coveredmethods="0"/>
        <line num="1" count="1" type="stmt"/>
      </file>
      <file name="multiple-records.component.ts" path="/Users/Niall.Bunting/work/cvs/cvs-app-vtm/src/app/multiple-records/multiple-records.component.ts">
        <metrics statements="8" coveredstatements="7" conditionals="0" coveredconditionals="0" methods="4" coveredmethods="3"/>
        <line num="1" count="1" type="stmt"/>
        <line num="16" count="2" type="stmt"/>
        <line num="17" count="1" type="stmt"/>
        <line num="18" count="2" type="stmt"/>
        <line num="22" count="1" type="stmt"/>
        <line num="24" count="1" type="stmt"/>
        <line num="25" count="0" type="stmt"/>
        <line num="27" count="1" type="stmt"/>
      </file>
      <file name="multiple-records.container.ts" path="/Users/Niall.Bunting/work/cvs/cvs-app-vtm/src/app/multiple-records/multiple-records.container.ts">
        <metrics statements="12" coveredstatements="12" conditionals="0" coveredconditionals="0" methods="4" coveredmethods="4"/>
        <line num="1" count="1" type="stmt"/>
        <line num="3" count="1" type="stmt"/>
        <line num="6" count="1" type="stmt"/>
        <line num="8" count="1" type="stmt"/>
        <line num="9" count="1" type="stmt"/>
        <line num="24" count="2" type="stmt"/>
        <line num="27" count="2" type="stmt"/>
        <line num="28" count="2" type="stmt"/>
        <line num="31" count="1" type="stmt"/>
        <line num="33" count="1" type="stmt"/>
        <line num="34" count="1" type="stmt"/>
        <line num="41" count="1" type="stmt"/>
      </file>
    </package>
    <package name="src.app.pipes">
      <metrics statements="100" coveredstatements="99" conditionals="44" coveredconditionals="41" methods="37" coveredmethods="37"/>
      <file name="DefaultNullOrEmptyPipe.ts" path="/Users/Niall.Bunting/work/cvs/cvs-app-vtm/src/app/pipes/DefaultNullOrEmptyPipe.ts">
        <metrics statements="9" coveredstatements="9" conditionals="10" coveredconditionals="10" methods="2" coveredmethods="2"/>
        <line num="1" count="64" type="stmt"/>
        <line num="4" count="128" type="stmt"/>
        <line num="5" count="64" type="stmt"/>
        <line num="6" count="361" type="cond" truecount="2" falsecount="0"/>
        <line num="7" count="152" type="cond" truecount="2" falsecount="0"/>
        <line num="8" count="209" type="cond" truecount="2" falsecount="0"/>
        <line num="9" count="19" type="cond" truecount="2" falsecount="0"/>
        <line num="11" count="190" type="cond" truecount="2" falsecount="0"/>
        <line num="14" count="64" type="stmt"/>
      </file>
      <file name="FilterMultipleRecordsPipe.ts" path="/Users/Niall.Bunting/work/cvs/cvs-app-vtm/src/app/pipes/FilterMultipleRecordsPipe.ts">
        <metrics statements="25" coveredstatements="24" conditionals="6" coveredconditionals="5" methods="8" coveredmethods="8"/>
        <line num="1" count="64" type="stmt"/>
        <line num="6" count="128" type="stmt"/>
        <line num="7" count="69" type="stmt"/>
        <line num="8" count="5" type="stmt"/>
        <line num="10" count="5" type="stmt"/>
        <line num="11" count="12" type="stmt"/>
        <line num="12" count="12" type="stmt"/>
        <line num="14" count="12" type="cond" truecount="1" falsecount="1"/>
        <line num="15" count="12" type="stmt"/>
        <line num="17" count="0" type="stmt"/>
        <line num="20" count="5" type="stmt"/>
        <line num="23" count="64" type="stmt"/>
        <line num="26" count="24" type="stmt"/>
        <line num="27" count="32" type="stmt"/>
        <line num="29" count="24" type="cond" truecount="2" falsecount="0"/>
        <line num="30" count="8" type="stmt"/>
        <line num="33" count="16" type="stmt"/>
        <line num="34" count="24" type="stmt"/>
        <line num="36" count="16" type="cond" truecount="2" falsecount="0"/>
        <line num="37" count="8" type="stmt"/>
        <line num="40" count="8" type="stmt"/>
        <line num="41" count="16" type="stmt"/>
        <line num="42" count="8" type="stmt"/>
        <line num="44" count="8" type="stmt"/>
        <line num="46" count="64" type="stmt"/>
      </file>
      <file name="FilterRecordPipe.ts" path="/Users/Niall.Bunting/work/cvs/cvs-app-vtm/src/app/pipes/FilterRecordPipe.ts">
        <metrics statements="16" coveredstatements="16" conditionals="10" coveredconditionals="9" methods="6" coveredmethods="6"/>
        <line num="1" count="64" type="stmt"/>
        <line num="3" count="128" type="stmt"/>
        <line num="4" count="64" type="stmt"/>
        <line num="5" count="5" type="cond" truecount="4" falsecount="0"/>
        <line num="6" count="6" type="stmt"/>
        <line num="7" count="4" type="cond" truecount="2" falsecount="0"/>
        <line num="8" count="1" type="stmt"/>
        <line num="11" count="4" type="stmt"/>
        <line num="12" count="3" type="cond" truecount="2" falsecount="0"/>
        <line num="13" count="1" type="stmt"/>
        <line num="16" count="3" type="stmt"/>
        <line num="17" count="2" type="stmt"/>
        <line num="18" count="2" type="cond" truecount="1" falsecount="1"/>
        <line num="19" count="2" type="stmt"/>
        <line num="22" count="1" type="stmt"/>
        <line num="25" count="64" type="stmt"/>
      </file>
      <file name="IsPrimaryVrmPipe.ts" path="/Users/Niall.Bunting/work/cvs/cvs-app-vtm/src/app/pipes/IsPrimaryVrmPipe.ts">
        <metrics statements="6" coveredstatements="6" conditionals="2" coveredconditionals="2" methods="3" coveredmethods="3"/>
        <line num="1" count="64" type="stmt"/>
        <line num="3" count="128" type="stmt"/>
        <line num="4" count="64" type="stmt"/>
        <line num="5" count="3" type="cond" truecount="2" falsecount="0"/>
        <line num="6" count="4" type="stmt"/>
        <line num="9" count="64" type="stmt"/>
      </file>
      <file name="OrderByStatusPipe.ts" path="/Users/Niall.Bunting/work/cvs/cvs-app-vtm/src/app/pipes/OrderByStatusPipe.ts">
        <metrics statements="20" coveredstatements="20" conditionals="8" coveredconditionals="7" methods="7" coveredmethods="7"/>
        <line num="1" count="64" type="stmt"/>
        <line num="5" count="128" type="stmt"/>
        <line num="6" count="64" type="stmt"/>
        <line num="7" count="7" type="cond" truecount="2" falsecount="0"/>
        <line num="8" count="6" type="stmt"/>
        <line num="9" count="6" type="stmt"/>
        <line num="10" count="8" type="stmt"/>
        <line num="12" count="6" type="cond" truecount="2" falsecount="0"/>
        <line num="13" count="4" type="stmt"/>
        <line num="16" count="11" type="stmt"/>
        <line num="17" count="6" type="cond" truecount="2" falsecount="0"/>
        <line num="18" count="5" type="stmt"/>
        <line num="21" count="6" type="stmt"/>
        <line num="22" count="13" type="stmt"/>
        <line num="24" count="6" type="stmt"/>
        <line num="25" count="1" type="stmt"/>
        <line num="27" count="6" type="cond" truecount="1" falsecount="1"/>
        <line num="28" count="6" type="stmt"/>
        <line num="31" count="6" type="stmt"/>
        <line num="34" count="64" type="stmt"/>
      </file>
      <file name="SortByDatePipe.ts" path="/Users/Niall.Bunting/work/cvs/cvs-app-vtm/src/app/pipes/SortByDatePipe.ts">
        <metrics statements="7" coveredstatements="7" conditionals="2" coveredconditionals="2" methods="3" coveredmethods="3"/>
        <line num="1" count="64" type="stmt"/>
        <line num="4" count="128" type="stmt"/>
        <line num="5" count="64" type="stmt"/>
        <line num="6" count="5" type="cond" truecount="2" falsecount="0"/>
        <line num="7" count="4" type="stmt"/>
        <line num="8" count="4" type="stmt"/>
        <line num="12" count="64" type="stmt"/>
      </file>
      <file name="capitalize-string.ts" path="/Users/Niall.Bunting/work/cvs/cvs-app-vtm/src/app/pipes/capitalize-string.ts">
        <metrics statements="5" coveredstatements="5" conditionals="2" coveredconditionals="2" methods="2" coveredmethods="2"/>
        <line num="1" count="64" type="stmt"/>
        <line num="4" count="128" type="stmt"/>
        <line num="5" count="64" type="stmt"/>
        <line num="6" count="20" type="stmt"/>
        <line num="10" count="64" type="stmt"/>
      </file>
      <file name="display-by-delimiter.ts" path="/Users/Niall.Bunting/work/cvs/cvs-app-vtm/src/app/pipes/display-by-delimiter.ts">
        <metrics statements="6" coveredstatements="6" conditionals="2" coveredconditionals="2" methods="3" coveredmethods="3"/>
        <line num="1" count="64" type="stmt"/>
        <line num="4" count="128" type="stmt"/>
        <line num="5" count="64" type="stmt"/>
        <line num="6" count="54" type="cond" truecount="2" falsecount="0"/>
        <line num="7" count="23" type="stmt"/>
        <line num="9" count="64" type="stmt"/>
      </file>
      <file name="display-options.pipe.ts" path="/Users/Niall.Bunting/work/cvs/cvs-app-vtm/src/app/pipes/display-options.pipe.ts">
        <metrics statements="6" coveredstatements="6" conditionals="2" coveredconditionals="2" methods="3" coveredmethods="3"/>
        <line num="1" count="66" type="stmt"/>
        <line num="14" count="132" type="stmt"/>
        <line num="15" count="66" type="cond" truecount="2" falsecount="0"/>
        <line num="16" count="58" type="stmt"/>
        <line num="17" count="447" type="stmt"/>
        <line num="24" count="66" type="stmt"/>
      </file>
    </package>
    <package name="src.app.shared">
      <metrics statements="29" coveredstatements="29" conditionals="0" coveredconditionals="0" methods="1" coveredmethods="1"/>
      <file name="index.ts" path="/Users/Niall.Bunting/work/cvs/cvs-app-vtm/src/app/shared/index.ts">
        <metrics statements="1" coveredstatements="1" conditionals="0" coveredconditionals="0" methods="0" coveredmethods="0"/>
        <line num="1" count="29" type="stmt"/>
      </file>
      <file name="shared.module.ts" path="/Users/Niall.Bunting/work/cvs/cvs-app-vtm/src/app/shared/shared.module.ts">
        <metrics statements="28" coveredstatements="28" conditionals="0" coveredconditionals="0" methods="1" coveredmethods="1"/>
        <line num="1" count="63" type="stmt"/>
        <line num="2" count="63" type="stmt"/>
        <line num="3" count="63" type="stmt"/>
        <line num="4" count="63" type="stmt"/>
        <line num="6" count="63" type="stmt"/>
        <line num="7" count="63" type="stmt"/>
        <line num="8" count="63" type="stmt"/>
        <line num="9" count="63" type="stmt"/>
        <line num="10" count="63" type="stmt"/>
        <line num="12" count="63" type="stmt"/>
        <line num="13" count="63" type="stmt"/>
        <line num="14" count="63" type="stmt"/>
        <line num="15" count="63" type="stmt"/>
        <line num="16" count="63" type="stmt"/>
        <line num="17" count="63" type="stmt"/>
        <line num="18" count="63" type="stmt"/>
        <line num="19" count="63" type="stmt"/>
        <line num="20" count="63" type="stmt"/>
        <line num="21" count="63" type="stmt"/>
        <line num="22" count="63" type="stmt"/>
        <line num="23" count="63" type="stmt"/>
        <line num="24" count="63" type="stmt"/>
        <line num="25" count="63" type="stmt"/>
        <line num="26" count="63" type="stmt"/>
        <line num="27" count="63" type="stmt"/>
        <line num="28" count="63" type="stmt"/>
        <line num="30" count="63" type="stmt"/>
        <line num="67" count="126" type="stmt"/>
      </file>
    </package>
    <package name="src.app.shared.adr-reason-modal">
      <metrics statements="11" coveredstatements="11" conditionals="0" coveredconditionals="0" methods="4" coveredmethods="4"/>
      <file name="adr-reason-modal.component.html" path="/Users/Niall.Bunting/work/cvs/cvs-app-vtm/src/app/shared/adr-reason-modal/adr-reason-modal.component.html">
        <metrics statements="1" coveredstatements="1" conditionals="0" coveredconditionals="0" methods="0" coveredmethods="0"/>
        <line num="1" count="65" type="stmt"/>
      </file>
      <file name="adr-reason-modal.component.ts" path="/Users/Niall.Bunting/work/cvs/cvs-app-vtm/src/app/shared/adr-reason-modal/adr-reason-modal.component.ts">
        <metrics statements="10" coveredstatements="10" conditionals="0" coveredconditionals="0" methods="4" coveredmethods="4"/>
        <line num="1" count="65" type="stmt"/>
        <line num="2" count="65" type="stmt"/>
        <line num="14" count="130" type="stmt"/>
        <line num="16" count="3" type="stmt"/>
        <line num="17" count="3" type="stmt"/>
        <line num="20" count="65" type="stmt"/>
        <line num="21" count="1" type="stmt"/>
        <line num="24" count="65" type="stmt"/>
        <line num="25" count="1" type="stmt"/>
        <line num="27" count="65" type="stmt"/>
      </file>
    </package>
    <package name="src.app.shared.components">
      <metrics statements="2" coveredstatements="2" conditionals="0" coveredconditionals="0" methods="1" coveredmethods="1"/>
      <file name="control.ts" path="/Users/Niall.Bunting/work/cvs/cvs-app-vtm/src/app/shared/components/control.ts">
        <metrics statements="2" coveredstatements="2" conditionals="0" coveredconditionals="0" methods="1" coveredmethods="1"/>
        <line num="3" count="66" type="stmt"/>
        <line num="11" count="66" type="stmt"/>
      </file>
    </package>
    <package name="src.app.shared.components.autocomplete">
      <metrics statements="42" coveredstatements="40" conditionals="0" coveredconditionals="0" methods="15" coveredmethods="13"/>
      <file name="autocomplete.component.html" path="/Users/Niall.Bunting/work/cvs/cvs-app-vtm/src/app/shared/components/autocomplete/autocomplete.component.html">
        <metrics statements="1" coveredstatements="1" conditionals="0" coveredconditionals="0" methods="0" coveredmethods="0"/>
        <line num="1" count="64" type="stmt"/>
      </file>
      <file name="autocomplete.component.ts" path="/Users/Niall.Bunting/work/cvs/cvs-app-vtm/src/app/shared/components/autocomplete/autocomplete.component.ts">
        <metrics statements="41" coveredstatements="39" conditionals="0" coveredconditionals="0" methods="15" coveredmethods="13"/>
        <line num="1" count="64" type="stmt"/>
        <line num="11" count="64" type="stmt"/>
        <line num="12" count="64" type="stmt"/>
        <line num="13" count="64" type="stmt"/>
        <line num="14" count="64" type="stmt"/>
        <line num="22" count="209" type="stmt"/>
        <line num="31" count="128" type="stmt"/>
        <line num="33" count="64" type="stmt"/>
        <line num="34" count="64" type="stmt"/>
        <line num="35" count="75" type="stmt"/>
        <line num="36" count="64" type="stmt"/>
        <line num="39" count="75" type="stmt"/>
        <line num="43" count="11" type="stmt"/>
        <line num="44" count="11" type="stmt"/>
        <line num="46" count="11" type="stmt"/>
        <line num="47" count="11" type="stmt"/>
        <line num="48" count="11" type="stmt"/>
        <line num="51" count="128" type="stmt"/>
        <line num="52" count="6" type="stmt"/>
        <line num="53" count="6" type="stmt"/>
        <line num="56" count="52" type="stmt"/>
        <line num="59" count="64" type="stmt"/>
        <line num="60" count="7" type="stmt"/>
        <line num="61" count="7" type="stmt"/>
        <line num="64" count="0" type="stmt"/>
        <line num="67" count="11" type="stmt"/>
        <line num="69" count="70" type="stmt"/>
        <line num="70" count="6" type="stmt"/>
        <line num="71" count="6" type="stmt"/>
        <line num="73" count="7" type="stmt"/>
        <line num="79" count="64" type="stmt"/>
        <line num="80" count="8" type="stmt"/>
        <line num="81" count="8" type="stmt"/>
        <line num="84" count="64" type="stmt"/>
        <line num="85" count="0" type="stmt"/>
        <line num="88" count="64" type="stmt"/>
        <line num="89" count="8" type="stmt"/>
        <line num="92" count="64" type="stmt"/>
        <line num="93" count="8" type="stmt"/>
        <line num="96" count="64" type="stmt"/>
        <line num="97" count="64" type="stmt"/>
      </file>
    </package>
    <package name="src.app.shared.components.date-input">
      <metrics statements="52" coveredstatements="50" conditionals="15" coveredconditionals="14" methods="17" coveredmethods="15"/>
      <file name="date-input.component.html" path="/Users/Niall.Bunting/work/cvs/cvs-app-vtm/src/app/shared/components/date-input/date-input.component.html">
        <metrics statements="1" coveredstatements="1" conditionals="0" coveredconditionals="0" methods="0" coveredmethods="0"/>
        <line num="1" count="64" type="stmt"/>
      </file>
      <file name="date-input.component.ts" path="/Users/Niall.Bunting/work/cvs/cvs-app-vtm/src/app/shared/components/date-input/date-input.component.ts">
        <metrics statements="51" coveredstatements="49" conditionals="15" coveredconditionals="14" methods="17" coveredmethods="15"/>
        <line num="1" count="64" type="stmt"/>
        <line num="11" count="64" type="stmt"/>
        <line num="18" count="64" type="stmt"/>
        <line num="19" count="64" type="stmt"/>
        <line num="20" count="64" type="stmt"/>
        <line num="39" count="64" type="stmt"/>
        <line num="42" count="47" type="stmt"/>
        <line num="43" count="47" type="cond" truecount="2" falsecount="0"/>
        <line num="52" count="203" type="stmt"/>
        <line num="61" count="128" type="stmt"/>
        <line num="74" count="26" type="stmt"/>
        <line num="75" count="26" type="stmt"/>
        <line num="77" count="64" type="stmt"/>
        <line num="80" count="90" type="stmt"/>
        <line num="83" count="128" type="stmt"/>
        <line num="84" count="26" type="stmt"/>
        <line num="85" count="26" type="stmt"/>
        <line num="88" count="192" type="stmt"/>
        <line num="90" count="26" type="stmt"/>
        <line num="92" count="90" type="stmt"/>
        <line num="93" count="64" type="stmt"/>
        <line num="94" count="30" type="stmt"/>
        <line num="95" count="30" type="stmt"/>
        <line num="98" count="0" type="stmt"/>
        <line num="101" count="26" type="stmt"/>
        <line num="102" count="26" type="stmt"/>
        <line num="104" count="26" type="stmt"/>
        <line num="105" count="26" type="stmt"/>
        <line num="108" count="90" type="stmt"/>
        <line num="109" count="26" type="stmt"/>
        <line num="116" count="26" type="stmt"/>
        <line num="118" count="30" type="stmt"/>
        <line num="119" count="30" type="cond" truecount="5" falsecount="0"/>
        <line num="120" count="24" type="cond" truecount="5" falsecount="1"/>
        <line num="122" count="6" type="stmt"/>
        <line num="124" count="30" type="stmt"/>
        <line num="130" count="64" type="stmt"/>
        <line num="131" count="20" type="stmt"/>
        <line num="132" count="20" type="stmt"/>
        <line num="135" count="64" type="stmt"/>
        <line num="138" count="0" type="stmt"/>
        <line num="141" count="64" type="stmt"/>
        <line num="142" count="27" type="stmt"/>
        <line num="143" count="27" type="stmt"/>
        <line num="144" count="27" type="stmt"/>
        <line num="146" count="27" type="cond" truecount="2" falsecount="0"/>
        <line num="148" count="27" type="stmt"/>
        <line num="151" count="64" type="stmt"/>
        <line num="152" count="27" type="stmt"/>
        <line num="155" count="64" type="stmt"/>
        <line num="156" count="64" type="stmt"/>
      </file>
    </package>
    <package name="src.app.shared.components.time-input">
      <metrics statements="53" coveredstatements="50" conditionals="2" coveredconditionals="1" methods="16" coveredmethods="14"/>
      <file name="time-input.component.html" path="/Users/Niall.Bunting/work/cvs/cvs-app-vtm/src/app/shared/components/time-input/time-input.component.html">
        <metrics statements="1" coveredstatements="1" conditionals="0" coveredconditionals="0" methods="0" coveredmethods="0"/>
        <line num="1" count="1" type="stmt"/>
      </file>
      <file name="time-input.component.ts" path="/Users/Niall.Bunting/work/cvs/cvs-app-vtm/src/app/shared/components/time-input/time-input.component.ts">
        <metrics statements="52" coveredstatements="49" conditionals="2" coveredconditionals="1" methods="16" coveredmethods="14"/>
        <line num="1" count="1" type="stmt"/>
        <line num="11" count="1" type="stmt"/>
        <line num="18" count="1" type="stmt"/>
        <line num="19" count="1" type="stmt"/>
        <line num="20" count="1" type="stmt"/>
        <line num="22" count="1" type="stmt"/>
        <line num="30" count="6" type="stmt"/>
        <line num="39" count="2" type="stmt"/>
        <line num="42" count="3" type="stmt"/>
        <line num="43" count="3" type="stmt"/>
        <line num="46" count="4" type="stmt"/>
        <line num="48" count="1" type="stmt"/>
        <line num="50" count="2" type="stmt"/>
        <line num="51" count="3" type="stmt"/>
        <line num="52" count="3" type="stmt"/>
        <line num="55" count="32" type="stmt"/>
        <line num="57" count="3" type="stmt"/>
        <line num="59" count="4" type="stmt"/>
        <line num="60" count="1" type="stmt"/>
        <line num="61" count="4" type="stmt"/>
        <line num="62" count="4" type="stmt"/>
        <line num="65" count="0" type="stmt"/>
        <line num="68" count="3" type="stmt"/>
        <line num="69" count="3" type="stmt"/>
        <line num="71" count="3" type="stmt"/>
        <line num="72" count="3" type="stmt"/>
        <line num="75" count="4" type="stmt"/>
        <line num="76" count="3" type="stmt"/>
        <line num="80" count="3" type="stmt"/>
        <line num="82" count="4" type="stmt"/>
        <line num="83" count="4" type="stmt"/>
        <line num="85" count="4" type="stmt"/>
        <line num="86" count="4" type="stmt"/>
        <line num="88" count="4" type="cond" truecount="1" falsecount="1"/>
        <line num="89" count="4" type="stmt"/>
        <line num="92" count="0" type="stmt"/>
        <line num="95" count="4" type="stmt"/>
        <line num="102" count="1" type="stmt"/>
        <line num="103" count="2" type="stmt"/>
        <line num="104" count="2" type="stmt"/>
        <line num="107" count="1" type="stmt"/>
        <line num="108" count="0" type="stmt"/>
        <line num="111" count="1" type="stmt"/>
        <line num="112" count="4" type="stmt"/>
        <line num="113" count="4" type="stmt"/>
        <line num="114" count="4" type="stmt"/>
        <line num="116" count="4" type="stmt"/>
        <line num="120" count="4" type="stmt"/>
        <line num="123" count="1" type="stmt"/>
        <line num="124" count="4" type="stmt"/>
        <line num="127" count="1" type="stmt"/>
        <line num="128" count="1" type="stmt"/>
      </file>
    </package>
    <package name="src.app.shared.components.tree">
      <metrics statements="48" coveredstatements="47" conditionals="20" coveredconditionals="18" methods="15" coveredmethods="14"/>
      <file name="tree.component.html" path="/Users/Niall.Bunting/work/cvs/cvs-app-vtm/src/app/shared/components/tree/tree.component.html">
        <metrics statements="1" coveredstatements="1" conditionals="0" coveredconditionals="0" methods="0" coveredmethods="0"/>
        <line num="1" count="1" type="stmt"/>
      </file>
      <file name="tree.component.ts" path="/Users/Niall.Bunting/work/cvs/cvs-app-vtm/src/app/shared/components/tree/tree.component.ts">
        <metrics statements="47" coveredstatements="46" conditionals="20" coveredconditionals="18" methods="15" coveredmethods="14"/>
        <line num="1" count="1" type="stmt"/>
        <line num="2" count="1" type="stmt"/>
        <line num="3" count="1" type="stmt"/>
        <line num="4" count="1" type="stmt"/>
        <line num="8" count="1" type="stmt"/>
        <line num="11" count="9" type="stmt"/>
        <line num="12" count="9" type="cond" truecount="2" falsecount="0"/>
        <line num="14" count="1" type="stmt"/>
        <line num="20" count="2" type="stmt"/>
        <line num="21" count="1" type="stmt"/>
        <line num="22" count="10" type="stmt"/>
        <line num="24" count="9" type="stmt"/>
        <line num="33" count="9" type="stmt"/>
        <line num="40" count="9" type="stmt"/>
        <line num="45" count="9" type="stmt"/>
        <line num="48" count="1" type="stmt"/>
        <line num="49" count="9" type="cond" truecount="1" falsecount="1"/>
        <line num="52" count="1" type="stmt"/>
        <line num="53" count="2" type="stmt"/>
        <line num="58" count="1" type="stmt"/>
        <line num="59" count="4" type="cond" truecount="2" falsecount="0"/>
        <line num="61" count="4" type="cond" truecount="2" falsecount="0"/>
        <line num="62" count="1" type="stmt"/>
        <line num="64" count="3" type="stmt"/>
        <line num="68" count="1" type="stmt"/>
        <line num="69" count="2" type="cond" truecount="5" falsecount="0"/>
        <line num="70" count="1" type="stmt"/>
        <line num="72" count="1" type="cond" truecount="4" falsecount="1"/>
        <line num="73" count="1" type="stmt"/>
        <line num="75" count="0" type="stmt"/>
        <line num="78" count="1" type="stmt"/>
        <line num="79" count="1" type="cond" truecount="2" falsecount="0"/>
        <line num="82" count="1" type="stmt"/>
        <line num="83" count="1" type="stmt"/>
        <line num="86" count="1" type="stmt"/>
        <line num="87" count="1" type="stmt"/>
        <line num="90" count="1" type="stmt"/>
        <line num="91" count="1" type="stmt"/>
        <line num="92" count="1" type="stmt"/>
        <line num="95" count="1" type="stmt"/>
        <line num="96" count="1" type="stmt"/>
        <line num="99" count="1" type="stmt"/>
        <line num="100" count="1" type="stmt"/>
        <line num="101" count="1" type="stmt"/>
        <line num="103" count="1" type="stmt"/>
        <line num="105" count="1" type="stmt"/>
        <line num="107" count="1" type="stmt"/>
      </file>
    </package>
    <package name="src.app.shared.delayed-retry">
      <metrics statements="14" coveredstatements="9" conditionals="6" coveredconditionals="0" methods="5" coveredmethods="2"/>
      <file name="delayed-retry.ts" path="/Users/Niall.Bunting/work/cvs/cvs-app-vtm/src/app/shared/delayed-retry/delayed-retry.ts">
        <metrics statements="14" coveredstatements="9" conditionals="6" coveredconditionals="0" methods="5" coveredmethods="2"/>
        <line num="1" count="13" type="stmt"/>
        <line num="2" count="13" type="stmt"/>
        <line num="4" count="13" type="stmt"/>
        <line num="8" count="13" type="stmt"/>
        <line num="9" count="13" type="stmt"/>
        <line num="11" count="13" type="stmt"/>
        <line num="12" count="12" type="stmt"/>
        <line num="14" count="12" type="stmt"/>
        <line num="15" count="10" type="stmt"/>
        <line num="17" count="0" type="stmt"/>
        <line num="19" count="0" type="cond" truecount="0" falsecount="4"/>
        <line num="20" count="0" type="stmt"/>
        <line num="22" count="0" type="stmt"/>
        <line num="26" count="0" type="cond" truecount="0" falsecount="2"/>
      </file>
    </package>
    <package name="src.app.shared.dialog-box">
      <metrics statements="12" coveredstatements="12" conditionals="0" coveredconditionals="0" methods="5" coveredmethods="5"/>
      <file name="dialog-box.component.html" path="/Users/Niall.Bunting/work/cvs/cvs-app-vtm/src/app/shared/dialog-box/dialog-box.component.html">
        <metrics statements="1" coveredstatements="1" conditionals="0" coveredconditionals="0" methods="0" coveredmethods="0"/>
        <line num="1" count="64" type="stmt"/>
      </file>
      <file name="dialog-box.component.ts" path="/Users/Niall.Bunting/work/cvs/cvs-app-vtm/src/app/shared/dialog-box/dialog-box.component.ts">
        <metrics statements="11" coveredstatements="11" conditionals="0" coveredconditionals="0" methods="5" coveredmethods="5"/>
        <line num="1" count="64" type="stmt"/>
        <line num="2" count="64" type="stmt"/>
        <line num="10" count="128" type="stmt"/>
        <line num="12" count="3" type="stmt"/>
        <line num="13" count="3" type="stmt"/>
        <line num="16" count="64" type="stmt"/>
        <line num="18" count="64" type="stmt"/>
        <line num="19" count="1" type="stmt"/>
        <line num="22" count="64" type="stmt"/>
        <line num="23" count="1" type="stmt"/>
        <line num="25" count="64" type="stmt"/>
      </file>
    </package>
    <package name="src.app.shared.dialog-box-confirmation">
      <metrics statements="12" coveredstatements="12" conditionals="0" coveredconditionals="0" methods="5" coveredmethods="5"/>
      <file name="dialog-box-confirmation.component.html" path="/Users/Niall.Bunting/work/cvs/cvs-app-vtm/src/app/shared/dialog-box-confirmation/dialog-box-confirmation.component.html">
        <metrics statements="1" coveredstatements="1" conditionals="0" coveredconditionals="0" methods="0" coveredmethods="0"/>
        <line num="1" count="64" type="stmt"/>
      </file>
      <file name="dialog-box-confirmation.component.ts" path="/Users/Niall.Bunting/work/cvs/cvs-app-vtm/src/app/shared/dialog-box-confirmation/dialog-box-confirmation.component.ts">
        <metrics statements="11" coveredstatements="11" conditionals="0" coveredconditionals="0" methods="5" coveredmethods="5"/>
        <line num="1" count="64" type="stmt"/>
        <line num="2" count="64" type="stmt"/>
        <line num="15" count="128" type="stmt"/>
        <line num="17" count="3" type="stmt"/>
        <line num="18" count="3" type="stmt"/>
        <line num="21" count="64" type="stmt"/>
        <line num="23" count="64" type="stmt"/>
        <line num="24" count="1" type="stmt"/>
        <line num="27" count="64" type="stmt"/>
        <line num="28" count="1" type="stmt"/>
        <line num="30" count="64" type="stmt"/>
      </file>
    </package>
    <package name="src.app.shared.dialog-ministry-plates">
      <metrics statements="13" coveredstatements="13" conditionals="0" coveredconditionals="0" methods="5" coveredmethods="5"/>
      <file name="dialog-ministry-plates.component.html" path="/Users/Niall.Bunting/work/cvs/cvs-app-vtm/src/app/shared/dialog-ministry-plates/dialog-ministry-plates.component.html">
        <metrics statements="1" coveredstatements="1" conditionals="0" coveredconditionals="0" methods="0" coveredmethods="0"/>
        <line num="1" count="65" type="stmt"/>
      </file>
      <file name="dialog-ministry-plates.component.ts" path="/Users/Niall.Bunting/work/cvs/cvs-app-vtm/src/app/shared/dialog-ministry-plates/dialog-ministry-plates.component.ts">
        <metrics statements="12" coveredstatements="12" conditionals="0" coveredconditionals="0" methods="5" coveredmethods="5"/>
        <line num="1" count="65" type="stmt"/>
        <line num="2" count="65" type="stmt"/>
        <line num="15" count="130" type="stmt"/>
        <line num="17" count="3" type="stmt"/>
        <line num="18" count="3" type="stmt"/>
        <line num="21" count="65" type="stmt"/>
        <line num="23" count="65" type="stmt"/>
        <line num="24" count="1" type="stmt"/>
        <line num="27" count="65" type="stmt"/>
        <line num="28" count="1" type="stmt"/>
        <line num="29" count="1" type="stmt"/>
        <line num="31" count="65" type="stmt"/>
      </file>
    </package>
    <package name="src.app.shared.directives">
      <metrics statements="21" coveredstatements="21" conditionals="2" coveredconditionals="1" methods="7" coveredmethods="7"/>
      <file name="back-button.directive.ts" path="/Users/Niall.Bunting/work/cvs/cvs-app-vtm/src/app/shared/directives/back-button.directive.ts">
        <metrics statements="7" coveredstatements="7" conditionals="0" coveredconditionals="0" methods="3" coveredmethods="3"/>
        <line num="1" count="64" type="stmt"/>
        <line num="2" count="64" type="stmt"/>
        <line num="7" count="128" type="stmt"/>
        <line num="8" count="19" type="stmt"/>
        <line num="11" count="128" type="stmt"/>
        <line num="12" count="1" type="stmt"/>
        <line num="14" count="64" type="stmt"/>
      </file>
      <file name="directives.module.ts" path="/Users/Niall.Bunting/work/cvs/cvs-app-vtm/src/app/shared/directives/directives.module.ts">
        <metrics statements="6" coveredstatements="6" conditionals="0" coveredconditionals="0" methods="1" coveredmethods="1"/>
        <line num="1" count="63" type="stmt"/>
        <line num="2" count="63" type="stmt"/>
        <line num="4" count="63" type="stmt"/>
        <line num="5" count="63" type="stmt"/>
        <line num="7" count="63" type="stmt"/>
        <line num="14" count="126" type="stmt"/>
      </file>
      <file name="null-value.directive.ts" path="/Users/Niall.Bunting/work/cvs/cvs-app-vtm/src/app/shared/directives/null-value.directive.ts">
        <metrics statements="8" coveredstatements="8" conditionals="2" coveredconditionals="1" methods="3" coveredmethods="3"/>
        <line num="1" count="64" type="stmt"/>
        <line num="2" count="64" type="stmt"/>
        <line num="7" count="128" type="stmt"/>
        <line num="8" count="144" type="stmt"/>
        <line num="12" count="128" type="stmt"/>
        <line num="13" count="1" type="cond" truecount="1" falsecount="1"/>
        <line num="14" count="1" type="stmt"/>
        <line num="17" count="64" type="stmt"/>
      </file>
    </package>
    <package name="src.app.shared.error-summary">
      <metrics statements="8" coveredstatements="8" conditionals="0" coveredconditionals="0" methods="2" coveredmethods="2"/>
      <file name="error-summary.component.html" path="/Users/Niall.Bunting/work/cvs/cvs-app-vtm/src/app/shared/error-summary/error-summary.component.html">
        <metrics statements="1" coveredstatements="1" conditionals="0" coveredconditionals="0" methods="0" coveredmethods="0"/>
        <line num="1" count="64" type="stmt"/>
      </file>
      <file name="error-summary.component.ts" path="/Users/Niall.Bunting/work/cvs/cvs-app-vtm/src/app/shared/error-summary/error-summary.component.ts">
        <metrics statements="7" coveredstatements="7" conditionals="0" coveredconditionals="0" methods="2" coveredmethods="2"/>
        <line num="1" count="64" type="stmt"/>
        <line num="2" count="64" type="stmt"/>
        <line num="6" count="64" type="stmt"/>
        <line num="14" count="128" type="stmt"/>
        <line num="16" count="2" type="stmt"/>
        <line num="17" count="2" type="stmt"/>
        <line num="19" count="64" type="stmt"/>
      </file>
    </package>
    <package name="src.app.shared.libraries.accordion">
      <metrics statements="5" coveredstatements="5" conditionals="0" coveredconditionals="0" methods="3" coveredmethods="3"/>
      <file name="accordion.component.html" path="/Users/Niall.Bunting/work/cvs/cvs-app-vtm/src/app/shared/libraries/accordion/accordion.component.html">
        <metrics statements="1" coveredstatements="1" conditionals="0" coveredconditionals="0" methods="0" coveredmethods="0"/>
        <line num="1" count="1" type="stmt"/>
      </file>
      <file name="accordion.component.ts" path="/Users/Niall.Bunting/work/cvs/cvs-app-vtm/src/app/shared/libraries/accordion/accordion.component.ts">
        <metrics statements="4" coveredstatements="4" conditionals="0" coveredconditionals="0" methods="3" coveredmethods="3"/>
        <line num="1" count="1" type="stmt"/>
        <line num="8" count="2" type="stmt"/>
        <line num="11" count="1" type="stmt"/>
        <line num="12" count="1" type="stmt"/>
      </file>
    </package>
    <package name="src.app.shared.libraries.accordion-item">
      <metrics statements="7" coveredstatements="7" conditionals="2" coveredconditionals="1" methods="3" coveredmethods="3"/>
      <file name="accordion-item.component.html" path="/Users/Niall.Bunting/work/cvs/cvs-app-vtm/src/app/shared/libraries/accordion-item/accordion-item.component.html">
        <metrics statements="1" coveredstatements="1" conditionals="0" coveredconditionals="0" methods="0" coveredmethods="0"/>
        <line num="1" count="1" type="stmt"/>
      </file>
      <file name="accordion-item.component.ts" path="/Users/Niall.Bunting/work/cvs/cvs-app-vtm/src/app/shared/libraries/accordion-item/accordion-item.component.ts">
        <metrics statements="6" coveredstatements="6" conditionals="2" coveredconditionals="1" methods="3" coveredmethods="3"/>
        <line num="1" count="1" type="stmt"/>
        <line num="8" count="2" type="stmt"/>
        <line num="9" count="1" type="stmt"/>
        <line num="14" count="1" type="stmt"/>
        <line num="15" count="2" type="cond" truecount="1" falsecount="1"/>
        <line num="17" count="1" type="stmt"/>
      </file>
    </package>
    <package name="src.app.shared.page-not-found-component">
      <metrics statements="5" coveredstatements="5" conditionals="0" coveredconditionals="0" methods="3" coveredmethods="3"/>
      <file name="page-not-found-component.component.html" path="/Users/Niall.Bunting/work/cvs/cvs-app-vtm/src/app/shared/page-not-found-component/page-not-found-component.component.html">
        <metrics statements="1" coveredstatements="1" conditionals="0" coveredconditionals="0" methods="0" coveredmethods="0"/>
        <line num="1" count="64" type="stmt"/>
      </file>
      <file name="page-not-found-component.component.ts" path="/Users/Niall.Bunting/work/cvs/cvs-app-vtm/src/app/shared/page-not-found-component/page-not-found-component.component.ts">
        <metrics statements="4" coveredstatements="4" conditionals="0" coveredconditionals="0" methods="3" coveredmethods="3"/>
        <line num="1" count="64" type="stmt"/>
        <line num="7" count="128" type="stmt"/>
        <line num="10" count="64" type="stmt"/>
        <line num="11" count="64" type="stmt"/>
      </file>
    </package>
    <package name="src.app.shared.pending-changes-guard">
      <metrics statements="7" coveredstatements="7" conditionals="2" coveredconditionals="2" methods="3" coveredmethods="3"/>
      <file name="pending-changes.guard.ts" path="/Users/Niall.Bunting/work/cvs/cvs-app-vtm/src/app/shared/pending-changes-guard/pending-changes.guard.ts">
        <metrics statements="7" coveredstatements="7" conditionals="2" coveredconditionals="2" methods="3" coveredmethods="3"/>
        <line num="1" count="1" type="stmt"/>
        <line num="5" count="1" type="stmt"/>
        <line num="12" count="2" type="stmt"/>
        <line num="13" count="3" type="stmt"/>
        <line num="15" count="1" type="stmt"/>
        <line num="16" count="2" type="cond" truecount="2" falsecount="0"/>
        <line num="18" count="1" type="stmt"/>
      </file>
    </package>
    <package name="src.app.shared.pending-changes-service">
      <metrics statements="18" coveredstatements="16" conditionals="2" coveredconditionals="2" methods="6" coveredmethods="5"/>
      <file name="pending-changes.service.ts" path="/Users/Niall.Bunting/work/cvs/cvs-app-vtm/src/app/shared/pending-changes-service/pending-changes.service.ts">
        <metrics statements="18" coveredstatements="16" conditionals="2" coveredconditionals="2" methods="6" coveredmethods="5"/>
        <line num="1" count="65" type="stmt"/>
        <line num="2" count="65" type="stmt"/>
        <line num="3" count="65" type="stmt"/>
        <line num="4" count="65" type="stmt"/>
        <line num="5" count="65" type="stmt"/>
        <line num="6" count="65" type="stmt"/>
        <line num="11" count="130" type="stmt"/>
        <line num="12" count="4" type="stmt"/>
        <line num="14" count="68" type="stmt"/>
        <line num="15" count="3" type="stmt"/>
        <line num="16" count="3" type="stmt"/>
        <line num="17" count="0" type="stmt"/>
        <line num="18" count="0" type="stmt"/>
        <line num="20" count="3" type="stmt"/>
        <line num="24" count="3" type="stmt"/>
        <line num="25" count="2" type="cond" truecount="2" falsecount="0"/>
        <line num="26" count="1" type="stmt"/>
        <line num="29" count="65" type="stmt"/>
      </file>
    </package>
    <package name="src.app.shared.prevent-page-leave-modal">
      <metrics statements="10" coveredstatements="10" conditionals="0" coveredconditionals="0" methods="4" coveredmethods="4"/>
      <file name="prevent-leave-page-modal.component.html" path="/Users/Niall.Bunting/work/cvs/cvs-app-vtm/src/app/shared/prevent-page-leave-modal/prevent-leave-page-modal.component.html">
        <metrics statements="1" coveredstatements="1" conditionals="0" coveredconditionals="0" methods="0" coveredmethods="0"/>
        <line num="1" count="66" type="stmt"/>
      </file>
      <file name="prevent-leave-page-modal.component.ts" path="/Users/Niall.Bunting/work/cvs/cvs-app-vtm/src/app/shared/prevent-page-leave-modal/prevent-leave-page-modal.component.ts">
        <metrics statements="9" coveredstatements="9" conditionals="0" coveredconditionals="0" methods="4" coveredmethods="4"/>
        <line num="1" count="66" type="stmt"/>
        <line num="2" count="66" type="stmt"/>
        <line num="10" count="132" type="stmt"/>
        <line num="11" count="3" type="stmt"/>
        <line num="13" count="66" type="stmt"/>
        <line num="14" count="1" type="stmt"/>
        <line num="17" count="66" type="stmt"/>
        <line num="18" count="1" type="stmt"/>
        <line num="20" count="66" type="stmt"/>
      </file>
    </package>
    <package name="src.app.shared.spinner-loader">
      <metrics statements="7" coveredstatements="7" conditionals="0" coveredconditionals="0" methods="3" coveredmethods="2"/>
      <file name="spinner-loader.component.html" path="/Users/Niall.Bunting/work/cvs/cvs-app-vtm/src/app/shared/spinner-loader/spinner-loader.component.html">
        <metrics statements="1" coveredstatements="1" conditionals="0" coveredconditionals="0" methods="0" coveredmethods="0"/>
        <line num="1" count="1" type="stmt"/>
      </file>
      <file name="spinner-loader.component.ts" path="/Users/Niall.Bunting/work/cvs/cvs-app-vtm/src/app/shared/spinner-loader/spinner-loader.component.ts">
        <metrics statements="6" coveredstatements="6" conditionals="0" coveredconditionals="0" methods="3" coveredmethods="2"/>
        <line num="1" count="1" type="stmt"/>
        <line num="3" count="1" type="stmt"/>
        <line num="12" count="2" type="stmt"/>
        <line num="14" count="1" type="stmt"/>
        <line num="15" count="1" type="stmt"/>
        <line num="17" count="1" type="stmt"/>
      </file>
    </package>
    <package name="src.app.shell">
      <metrics statements="4" coveredstatements="4" conditionals="0" coveredconditionals="0" methods="2" coveredmethods="2"/>
      <file name="shell.page.html" path="/Users/Niall.Bunting/work/cvs/cvs-app-vtm/src/app/shell/shell.page.html">
        <metrics statements="1" coveredstatements="1" conditionals="0" coveredconditionals="0" methods="0" coveredmethods="0"/>
        <line num="1" count="1" type="stmt"/>
      </file>
      <file name="shell.page.ts" path="/Users/Niall.Bunting/work/cvs/cvs-app-vtm/src/app/shell/shell.page.ts">
        <metrics statements="3" coveredstatements="3" conditionals="0" coveredconditionals="0" methods="2" coveredmethods="2"/>
        <line num="1" count="1" type="stmt"/>
        <line num="8" count="2" type="stmt"/>
        <line num="10" count="1" type="stmt"/>
      </file>
    </package>
    <package name="src.app.shell.footer">
      <metrics statements="5" coveredstatements="5" conditionals="0" coveredconditionals="0" methods="3" coveredmethods="3"/>
      <file name="footer.component.html" path="/Users/Niall.Bunting/work/cvs/cvs-app-vtm/src/app/shell/footer/footer.component.html">
        <metrics statements="1" coveredstatements="1" conditionals="0" coveredconditionals="0" methods="0" coveredmethods="0"/>
        <line num="1" count="1" type="stmt"/>
      </file>
      <file name="footer.component.ts" path="/Users/Niall.Bunting/work/cvs/cvs-app-vtm/src/app/shell/footer/footer.component.ts">
        <metrics statements="4" coveredstatements="4" conditionals="0" coveredconditionals="0" methods="3" coveredmethods="3"/>
        <line num="1" count="1" type="stmt"/>
        <line num="7" count="2" type="stmt"/>
        <line num="10" count="1" type="stmt"/>
        <line num="11" count="1" type="stmt"/>
      </file>
    </package>
    <package name="src.app.shell.header">
      <metrics statements="20" coveredstatements="19" conditionals="6" coveredconditionals="4" methods="6" coveredmethods="6"/>
      <file name="header.component.html" path="/Users/Niall.Bunting/work/cvs/cvs-app-vtm/src/app/shell/header/header.component.html">
        <metrics statements="1" coveredstatements="1" conditionals="0" coveredconditionals="0" methods="0" coveredmethods="0"/>
        <line num="1" count="1" type="stmt"/>
      </file>
      <file name="header.component.ts" path="/Users/Niall.Bunting/work/cvs/cvs-app-vtm/src/app/shell/header/header.component.ts">
        <metrics statements="19" coveredstatements="18" conditionals="6" coveredconditionals="4" methods="6" coveredmethods="6"/>
        <line num="1" count="1" type="stmt"/>
        <line num="2" count="1" type="stmt"/>
        <line num="3" count="1" type="stmt"/>
        <line num="4" count="1" type="stmt"/>
        <line num="11" count="2" type="stmt"/>
        <line num="13" count="5" type="stmt"/>
        <line num="15" count="5" type="stmt"/>
        <line num="17" count="1" type="stmt"/>
        <line num="18" count="6" type="cond" truecount="1" falsecount="1"/>
        <line num="21" count="1" type="stmt"/>
        <line num="22" count="1" type="stmt"/>
        <line num="25" count="3" type="stmt"/>
        <line num="26" count="2" type="cond" truecount="1" falsecount="1"/>
        <line num="27" count="2" type="stmt"/>
        <line num="31" count="2" type="stmt"/>
        <line num="32" count="2" type="cond" truecount="2" falsecount="0"/>
        <line num="33" count="1" type="stmt"/>
        <line num="37" count="0" type="stmt"/>
        <line num="40" count="1" type="stmt"/>
      </file>
    </package>
    <package name="src.app.shell.header.logout-modal">
      <metrics statements="10" coveredstatements="10" conditionals="0" coveredconditionals="0" methods="4" coveredmethods="4"/>
      <file name="logout-modal.component.html" path="/Users/Niall.Bunting/work/cvs/cvs-app-vtm/src/app/shell/header/logout-modal/logout-modal.component.html">
        <metrics statements="1" coveredstatements="1" conditionals="0" coveredconditionals="0" methods="0" coveredmethods="0"/>
        <line num="1" count="2" type="stmt"/>
      </file>
      <file name="logout-modal.component.ts" path="/Users/Niall.Bunting/work/cvs/cvs-app-vtm/src/app/shell/header/logout-modal/logout-modal.component.ts">
        <metrics statements="9" coveredstatements="9" conditionals="0" coveredconditionals="0" methods="4" coveredmethods="4"/>
        <line num="1" count="2" type="stmt"/>
        <line num="2" count="2" type="stmt"/>
        <line num="10" count="4" type="stmt"/>
        <line num="11" count="3" type="stmt"/>
        <line num="13" count="2" type="stmt"/>
        <line num="14" count="1" type="stmt"/>
        <line num="17" count="2" type="stmt"/>
        <line num="18" count="1" type="stmt"/>
        <line num="20" count="2" type="stmt"/>
      </file>
    </package>
    <package name="src.app.store.actions">
      <metrics statements="154" coveredstatements="154" conditionals="12" coveredconditionals="12" methods="61" coveredmethods="61"/>
      <file name="Error.actions.ts" path="/Users/Niall.Bunting/work/cvs/cvs-app-vtm/src/app/store/actions/Error.actions.ts">
        <metrics statements="10" coveredstatements="10" conditionals="2" coveredconditionals="2" methods="4" coveredmethods="4"/>
        <line num="3" count="13" type="cond" truecount="2" falsecount="0"/>
        <line num="4" count="13" type="stmt"/>
        <line num="5" count="13" type="stmt"/>
        <line num="8" count="13" type="stmt"/>
        <line num="9" count="11" type="stmt"/>
        <line num="10" count="11" type="stmt"/>
        <line num="11" count="13" type="stmt"/>
        <line num="13" count="13" type="stmt"/>
        <line num="14" count="11" type="stmt"/>
        <line num="15" count="13" type="stmt"/>
      </file>
      <file name="Loader.actions.ts" path="/Users/Niall.Bunting/work/cvs/cvs-app-vtm/src/app/store/actions/Loader.actions.ts">
        <metrics statements="9" coveredstatements="9" conditionals="2" coveredconditionals="2" methods="3" coveredmethods="3"/>
        <line num="3" count="16" type="cond" truecount="2" falsecount="0"/>
        <line num="4" count="16" type="stmt"/>
        <line num="5" count="16" type="stmt"/>
        <line num="8" count="16" type="stmt"/>
        <line num="9" count="19" type="stmt"/>
        <line num="10" count="16" type="stmt"/>
        <line num="12" count="16" type="stmt"/>
        <line num="13" count="13" type="stmt"/>
        <line num="14" count="16" type="stmt"/>
      </file>
      <file name="ReferenceData.actions.ts" path="/Users/Niall.Bunting/work/cvs/cvs-app-vtm/src/app/store/actions/ReferenceData.actions.ts">
        <metrics statements="24" coveredstatements="24" conditionals="2" coveredconditionals="2" methods="9" coveredmethods="9"/>
        <line num="6" count="8" type="cond" truecount="2" falsecount="0"/>
        <line num="7" count="8" type="stmt"/>
        <line num="8" count="8" type="stmt"/>
        <line num="9" count="8" type="stmt"/>
        <line num="10" count="8" type="stmt"/>
        <line num="11" count="8" type="stmt"/>
        <line num="14" count="8" type="stmt"/>
        <line num="15" count="1" type="stmt"/>
        <line num="16" count="8" type="stmt"/>
        <line num="18" count="8" type="stmt"/>
        <line num="19" count="2" type="stmt"/>
        <line num="20" count="8" type="stmt"/>
        <line num="22" count="8" type="stmt"/>
        <line num="23" count="6" type="stmt"/>
        <line num="24" count="6" type="stmt"/>
        <line num="25" count="8" type="stmt"/>
        <line num="27" count="8" type="stmt"/>
        <line num="28" count="2" type="stmt"/>
        <line num="29" count="2" type="stmt"/>
        <line num="30" count="8" type="stmt"/>
        <line num="32" count="8" type="stmt"/>
        <line num="33" count="6" type="stmt"/>
        <line num="34" count="6" type="stmt"/>
        <line num="35" count="8" type="stmt"/>
      </file>
      <file name="VehicleTechRecordModel.actions.ts" path="/Users/Niall.Bunting/work/cvs/cvs-app-vtm/src/app/store/actions/VehicleTechRecordModel.actions.ts">
        <metrics statements="46" coveredstatements="46" conditionals="2" coveredconditionals="2" methods="19" coveredmethods="19"/>
        <line num="11" count="11" type="cond" truecount="2" falsecount="0"/>
        <line num="12" count="11" type="stmt"/>
        <line num="13" count="11" type="stmt"/>
        <line num="15" count="11" type="stmt"/>
        <line num="17" count="11" type="stmt"/>
        <line num="18" count="11" type="stmt"/>
        <line num="20" count="11" type="stmt"/>
        <line num="21" count="11" type="stmt"/>
        <line num="22" count="11" type="stmt"/>
        <line num="23" count="11" type="stmt"/>
        <line num="26" count="11" type="stmt"/>
        <line num="27" count="18" type="stmt"/>
        <line num="29" count="18" type="stmt"/>
        <line num="30" count="11" type="stmt"/>
        <line num="32" count="11" type="stmt"/>
        <line num="33" count="6" type="stmt"/>
        <line num="35" count="6" type="stmt"/>
        <line num="36" count="11" type="stmt"/>
        <line num="38" count="11" type="stmt"/>
        <line num="39" count="2" type="stmt"/>
        <line num="40" count="2" type="stmt"/>
        <line num="41" count="11" type="stmt"/>
        <line num="43" count="11" type="stmt"/>
        <line num="44" count="4" type="stmt"/>
        <line num="45" count="4" type="stmt"/>
        <line num="46" count="11" type="stmt"/>
        <line num="48" count="11" type="stmt"/>
        <line num="49" count="6" type="stmt"/>
        <line num="50" count="6" type="stmt"/>
        <line num="51" count="11" type="stmt"/>
        <line num="53" count="11" type="stmt"/>
        <line num="54" count="4" type="stmt"/>
        <line num="55" count="4" type="stmt"/>
        <line num="56" count="11" type="stmt"/>
        <line num="58" count="11" type="stmt"/>
        <line num="59" count="6" type="stmt"/>
        <line num="60" count="6" type="stmt"/>
        <line num="61" count="11" type="stmt"/>
        <line num="63" count="11" type="stmt"/>
        <line num="64" count="5" type="stmt"/>
        <line num="65" count="5" type="stmt"/>
        <line num="66" count="11" type="stmt"/>
        <line num="68" count="11" type="stmt"/>
        <line num="69" count="10" type="stmt"/>
        <line num="70" count="10" type="stmt"/>
        <line num="71" count="11" type="stmt"/>
      </file>
      <file name="VehicleTestResultModel.actions.ts" path="/Users/Niall.Bunting/work/cvs/cvs-app-vtm/src/app/store/actions/VehicleTestResultModel.actions.ts">
        <metrics statements="56" coveredstatements="56" conditionals="2" coveredconditionals="2" methods="23" coveredmethods="23"/>
        <line num="7" count="11" type="cond" truecount="2" falsecount="0"/>
        <line num="8" count="11" type="stmt"/>
        <line num="9" count="11" type="stmt"/>
        <line num="10" count="11" type="stmt"/>
        <line num="11" count="11" type="stmt"/>
        <line num="12" count="11" type="stmt"/>
        <line num="13" count="11" type="stmt"/>
        <line num="14" count="11" type="stmt"/>
        <line num="15" count="11" type="stmt"/>
        <line num="16" count="11" type="stmt"/>
        <line num="17" count="11" type="stmt"/>
        <line num="18" count="11" type="stmt"/>
        <line num="21" count="11" type="stmt"/>
        <line num="22" count="5" type="stmt"/>
        <line num="23" count="5" type="stmt"/>
        <line num="24" count="11" type="stmt"/>
        <line num="26" count="11" type="stmt"/>
        <line num="27" count="4" type="stmt"/>
        <line num="28" count="4" type="stmt"/>
        <line num="29" count="11" type="stmt"/>
        <line num="31" count="11" type="stmt"/>
        <line num="32" count="2" type="stmt"/>
        <line num="33" count="2" type="stmt"/>
        <line num="34" count="11" type="stmt"/>
        <line num="36" count="11" type="stmt"/>
        <line num="37" count="5" type="stmt"/>
        <line num="38" count="5" type="stmt"/>
        <line num="39" count="11" type="stmt"/>
        <line num="41" count="11" type="stmt"/>
        <line num="42" count="4" type="stmt"/>
        <line num="43" count="4" type="stmt"/>
        <line num="44" count="11" type="stmt"/>
        <line num="46" count="11" type="stmt"/>
        <line num="47" count="2" type="stmt"/>
        <line num="48" count="2" type="stmt"/>
        <line num="49" count="11" type="stmt"/>
        <line num="51" count="11" type="stmt"/>
        <line num="52" count="1" type="stmt"/>
        <line num="53" count="1" type="stmt"/>
        <line num="54" count="11" type="stmt"/>
        <line num="56" count="11" type="stmt"/>
        <line num="57" count="1" type="stmt"/>
        <line num="58" count="1" type="stmt"/>
        <line num="59" count="11" type="stmt"/>
[...]
        <line num="48" count="3" type="stmt"/>
        <line num="51" count="1" type="stmt"/>
        <line num="52" count="1" type="stmt"/>
        <line num="55" count="4" type="stmt"/>
        <line num="56" count="3" type="stmt"/>
        <line num="57" count="3" type="cond" truecount="1" falsecount="1"/>
        <line num="58" count="3" type="stmt"/>
        <line num="63" count="3" type="stmt"/>
        <line num="67" count="3" type="stmt"/>
        <line num="72" count="3" type="stmt"/>
        <line num="73" count="3" type="cond" truecount="1" falsecount="1"/>
        <line num="74" count="3" type="stmt"/>
        <line num="75" count="3" type="stmt"/>
        <line num="78" count="3" type="cond" truecount="1" falsecount="1"/>
        <line num="79" count="3" type="stmt"/>
        <line num="143" count="3" type="stmt"/>
        <line num="146" count="0" type="stmt"/>
        <line num="151" count="1" type="stmt"/>
        <line num="152" count="3" type="stmt"/>
        <line num="153" count="46" type="stmt"/>
        <line num="157" count="1" type="stmt"/>
        <line num="158" count="0" type="stmt"/>
        <line num="169" count="0" type="stmt"/>
        <line num="170" count="0" type="cond" truecount="0" falsecount="2"/>
        <line num="171" count="0" type="stmt"/>
        <line num="175" count="1" type="stmt"/>
      </file>
    </package>
    <package name="src.app.test-record.vehicle">
      <metrics statements="11" coveredstatements="10" conditionals="0" coveredconditionals="0" methods="3" coveredmethods="2"/>
      <file name="vehicle.component.html" path="/Users/Niall.Bunting/work/cvs/cvs-app-vtm/src/app/test-record/vehicle/vehicle.component.html">
        <metrics statements="1" coveredstatements="1" conditionals="0" coveredconditionals="0" methods="0" coveredmethods="0"/>
        <line num="1" count="1" type="stmt"/>
      </file>
      <file name="vehicle.component.ts" path="/Users/Niall.Bunting/work/cvs/cvs-app-vtm/src/app/test-record/vehicle/vehicle.component.ts">
        <metrics statements="10" coveredstatements="9" conditionals="0" coveredconditionals="0" methods="3" coveredmethods="2"/>
        <line num="1" count="1" type="stmt"/>
        <line num="4" count="1" type="stmt"/>
        <line num="5" count="1" type="stmt"/>
        <line num="12" count="2" type="stmt"/>
        <line num="13" count="1" type="stmt"/>
        <line num="14" count="1" type="stmt"/>
        <line num="15" count="1" type="stmt"/>
        <line num="20" count="1" type="stmt"/>
        <line num="21" count="0" type="stmt"/>
        <line num="23" count="1" type="stmt"/>
      </file>
    </package>
    <package name="src.app.test-record.vehicle.edit">
      <metrics statements="35" coveredstatements="35" conditionals="18" coveredconditionals="11" methods="4" coveredmethods="4"/>
      <file name="vehicle-edit.component.html" path="/Users/Niall.Bunting/work/cvs/cvs-app-vtm/src/app/test-record/vehicle/edit/vehicle-edit.component.html">
        <metrics statements="1" coveredstatements="1" conditionals="0" coveredconditionals="0" methods="0" coveredmethods="0"/>
        <line num="1" count="1" type="stmt"/>
      </file>
      <file name="vehicle-edit.component.ts" path="/Users/Niall.Bunting/work/cvs/cvs-app-vtm/src/app/test-record/vehicle/edit/vehicle-edit.component.ts">
        <metrics statements="34" coveredstatements="34" conditionals="18" coveredconditionals="11" methods="4" coveredmethods="4"/>
        <line num="1" count="1" type="stmt"/>
        <line num="2" count="1" type="stmt"/>
        <line num="3" count="1" type="stmt"/>
        <line num="11" count="1" type="stmt"/>
        <line num="19" count="2" type="stmt"/>
        <line num="20" count="1" type="stmt"/>
        <line num="21" count="1" type="stmt"/>
        <line num="22" count="1" type="stmt"/>
        <line num="24" count="4" type="stmt"/>
        <line num="25" count="4" type="stmt"/>
        <line num="31" count="4" type="stmt"/>
        <line num="34" count="1" type="stmt"/>
        <line num="35" count="7" type="stmt"/>
        <line num="37" count="7" type="stmt"/>
        <line num="45" count="7" type="stmt"/>
        <line num="52" count="7" type="stmt"/>
        <line num="56" count="7" type="stmt"/>
        <line num="60" count="7" type="stmt"/>
        <line num="64" count="7" type="stmt"/>
        <line num="68" count="7" type="stmt"/>
        <line num="72" count="7" type="stmt"/>
        <line num="81" count="7" type="stmt"/>
        <line num="83" count="7" type="stmt"/>
        <line num="84" count="7" type="cond" truecount="2" falsecount="2"/>
        <line num="88" count="7" type="cond" truecount="1" falsecount="1"/>
        <line num="89" count="7" type="stmt"/>
        <line num="91" count="4" type="stmt"/>
        <line num="92" count="4" type="stmt"/>
        <line num="94" count="1" type="stmt"/>
        <line num="95" count="1" type="stmt"/>
        <line num="97" count="1" type="stmt"/>
        <line num="98" count="1" type="stmt"/>
        <line num="100" count="1" type="stmt"/>
        <line num="104" count="1" type="stmt"/>
      </file>
    </package>
    <package name="src.app.test-record.visit">
      <metrics statements="9" coveredstatements="9" conditionals="0" coveredconditionals="0" methods="3" coveredmethods="3"/>
      <file name="visit.component.html" path="/Users/Niall.Bunting/work/cvs/cvs-app-vtm/src/app/test-record/visit/visit.component.html">
        <metrics statements="1" coveredstatements="1" conditionals="0" coveredconditionals="0" methods="0" coveredmethods="0"/>
        <line num="1" count="1" type="stmt"/>
      </file>
      <file name="visit.component.ts" path="/Users/Niall.Bunting/work/cvs/cvs-app-vtm/src/app/test-record/visit/visit.component.ts">
        <metrics statements="8" coveredstatements="8" conditionals="0" coveredconditionals="0" methods="3" coveredmethods="3"/>
        <line num="1" count="1" type="stmt"/>
        <line num="3" count="1" type="stmt"/>
        <line num="11" count="2" type="stmt"/>
        <line num="12" count="1" type="stmt"/>
        <line num="13" count="1" type="stmt"/>
        <line num="14" count="1" type="stmt"/>
        <line num="18" count="1" type="stmt"/>
        <line num="19" count="1" type="stmt"/>
      </file>
    </package>
    <package name="src.app.test-record.visit.edit">
      <metrics statements="35" coveredstatements="31" conditionals="18" coveredconditionals="8" methods="7" coveredmethods="6"/>
      <file name="visit-edit.component.html" path="/Users/Niall.Bunting/work/cvs/cvs-app-vtm/src/app/test-record/visit/edit/visit-edit.component.html">
        <metrics statements="1" coveredstatements="1" conditionals="0" coveredconditionals="0" methods="0" coveredmethods="0"/>
        <line num="1" count="1" type="stmt"/>
      </file>
      <file name="visit-edit.component.ts" path="/Users/Niall.Bunting/work/cvs/cvs-app-vtm/src/app/test-record/visit/edit/visit-edit.component.ts">
        <metrics statements="34" coveredstatements="30" conditionals="18" coveredconditionals="8" methods="7" coveredmethods="6"/>
        <line num="1" count="1" type="stmt"/>
        <line num="3" count="1" type="stmt"/>
        <line num="5" count="1" type="stmt"/>
        <line num="13" count="2" type="stmt"/>
        <line num="14" count="1" type="stmt"/>
        <line num="15" count="1" type="stmt"/>
        <line num="16" count="1" type="stmt"/>
        <line num="19" count="2" type="stmt"/>
        <line num="20" count="2" type="stmt"/>
        <line num="21" count="2" type="stmt"/>
        <line num="24" count="2" type="stmt"/>
        <line num="25" count="2" type="stmt"/>
        <line num="28" count="3" type="stmt"/>
        <line num="29" count="2" type="stmt"/>
        <line num="32" count="2" type="stmt"/>
        <line num="35" count="2" type="stmt"/>
        <line num="39" count="2" type="stmt"/>
        <line num="43" count="2" type="stmt"/>
        <line num="55" count="2" type="stmt"/>
        <line num="59" count="2" type="stmt"/>
        <line num="64" count="2" type="stmt"/>
        <line num="66" count="2" type="stmt"/>
        <line num="67" count="2" type="cond" truecount="1" falsecount="1"/>
        <line num="73" count="2" type="stmt"/>
        <line num="76" count="0" type="stmt"/>
        <line num="77" count="0" type="cond" truecount="0" falsecount="2"/>
        <line num="78" count="0" type="stmt"/>
        <line num="79" count="0" type="stmt"/>
        <line num="83" count="1" type="stmt"/>
        <line num="85" count="1" type="stmt"/>
        <line num="86" count="1" type="cond" truecount="1" falsecount="1"/>
        <line num="87" count="1" type="stmt"/>
        <line num="91" count="1" type="stmt"/>
        <line num="93" count="1" type="stmt"/>
      </file>
    </package>
    <package name="src.app.utils">
      <metrics statements="130" coveredstatements="127" conditionals="80" coveredconditionals="66" methods="58" coveredmethods="56"/>
      <file name="form.utils.ts" path="/Users/Niall.Bunting/work/cvs/cvs-app-vtm/src/app/utils/form.utils.ts">
        <metrics statements="4" coveredstatements="4" conditionals="2" coveredconditionals="2" methods="2" coveredmethods="2"/>
        <line num="1" count="21" type="stmt"/>
        <line num="12" count="21" type="stmt"/>
        <line num="17" count="4" type="stmt"/>
        <line num="18" count="32" type="stmt"/>
      </file>
      <file name="index.ts" path="/Users/Niall.Bunting/work/cvs/cvs-app-vtm/src/app/utils/index.ts">
        <metrics statements="5" coveredstatements="5" conditionals="0" coveredconditionals="0" methods="0" coveredmethods="0"/>
        <line num="1" count="21" type="stmt"/>
        <line num="2" count="21" type="stmt"/>
        <line num="3" count="21" type="stmt"/>
        <line num="4" count="21" type="stmt"/>
        <line num="5" count="21" type="stmt"/>
      </file>
      <file name="mockStore.ts" path="/Users/Niall.Bunting/work/cvs/cvs-app-vtm/src/app/utils/mockStore.ts">
        <metrics statements="46" coveredstatements="43" conditionals="76" coveredconditionals="62" methods="20" coveredmethods="18"/>
        <line num="1" count="26" type="stmt"/>
        <line num="4" count="26" type="stmt"/>
        <line num="5" count="26" type="stmt"/>
        <line num="12" count="26" type="stmt"/>
        <line num="18" count="26" type="stmt"/>
        <line num="19" count="26" type="stmt"/>
        <line num="20" count="26" type="stmt"/>
        <line num="21" count="26" type="stmt"/>
        <line num="23" count="26" type="stmt"/>
        <line num="27" count="12" type="stmt"/>
        <line num="30" count="26" type="stmt"/>
        <line num="31" count="85" type="stmt"/>
        <line num="33" count="2" type="stmt"/>
        <line num="35" count="3" type="cond" truecount="2" falsecount="0"/>
        <line num="42" count="13" type="stmt"/>
        <line num="44" count="8" type="cond" truecount="2" falsecount="0"/>
        <line num="51" count="13" type="stmt"/>
        <line num="53" count="8" type="cond" truecount="2" falsecount="0"/>
        <line num="60" count="4" type="stmt"/>
        <line num="62" count="5" type="cond" truecount="2" falsecount="0"/>
        <line num="69" count="4" type="stmt"/>
        <line num="71" count="5" type="cond" truecount="4" falsecount="0"/>
        <line num="76" count="5" type="stmt"/>
        <line num="78" count="6" type="cond" truecount="4" falsecount="0"/>
        <line num="83" count="10" type="stmt"/>
        <line num="85" count="7" type="cond" truecount="2" falsecount="0"/>
        <line num="92" count="0" type="stmt"/>
        <line num="94" count="0" type="cond" truecount="0" falsecount="4"/>
        <line num="99" count="6" type="stmt"/>
        <line num="101" count="5" type="cond" truecount="4" falsecount="0"/>
        <line num="106" count="3" type="stmt"/>
        <line num="108" count="2" type="cond" truecount="3" falsecount="1"/>
        <line num="113" count="3" type="stmt"/>
        <line num="115" count="2" type="cond" truecount="3" falsecount="1"/>
        <line num="120" count="6" type="stmt"/>
        <line num="122" count="1" type="cond" truecount="2" falsecount="0"/>
        <line num="129" count="6" type="stmt"/>
        <line num="131" count="1" type="cond" truecount="3" falsecount="1"/>
        <line num="135" count="3" type="stmt"/>
        <line num="137" count="2" type="cond" truecount="2" falsecount="0"/>
        <line num="143" count="1" type="stmt"/>
        <line num="145" count="0" type="cond" truecount="0" falsecount="2"/>
        <line num="152" count="6" type="stmt"/>
        <line num="156" count="26" type="stmt"/>
        <line num="157" count="9" type="stmt"/>
        <line num="159" count="26" type="stmt"/>
      </file>
      <file name="test-model.utils.ts" path="/Users/Niall.Bunting/work/cvs/cvs-app-vtm/src/app/utils/test-model.utils.ts">
        <metrics statements="7" coveredstatements="7" conditionals="0" coveredconditionals="0" methods="3" coveredmethods="3"/>
        <line num="5" count="39" type="stmt"/>
        <line num="12" count="38" type="stmt"/>
        <line num="22" count="38" type="stmt"/>
        <line num="26" count="67" type="stmt"/>
        <line num="39" count="67" type="stmt"/>
        <line num="43" count="3" type="stmt"/>
        <line num="59" count="3" type="stmt"/>
      </file>
      <file name="test-type-applicable-models.utils.ts" path="/Users/Niall.Bunting/work/cvs/cvs-app-vtm/src/app/utils/test-type-applicable-models.utils.ts">
        <metrics statements="2" coveredstatements="2" conditionals="0" coveredconditionals="0" methods="1" coveredmethods="1"/>
        <line num="3" count="5" type="stmt"/>
        <line num="8" count="11" type="stmt"/>
      </file>
      <file name="testing.utils.ts" path="/Users/Niall.Bunting/work/cvs/cvs-app-vtm/src/app/utils/testing.utils.ts">
        <metrics statements="63" coveredstatements="63" conditionals="2" coveredconditionals="2" methods="30" coveredmethods="30"/>
        <line num="1" count="66" type="stmt"/>
        <line num="46" count="66" type="stmt"/>
        <line num="74" count="82" type="cond" truecount="2" falsecount="0"/>
        <line num="75" count="82" type="stmt"/>
        <line num="76" count="82" type="stmt"/>
        <line num="77" count="82" type="stmt"/>
        <line num="81" count="60" type="stmt"/>
        <line num="89" count="60" type="stmt"/>
        <line num="93" count="1" type="stmt"/>
        <line num="99" count="1" type="stmt"/>
        <line num="103" count="63" type="stmt"/>
        <line num="108" count="63" type="stmt"/>
        <line num="112" count="59" type="stmt"/>
        <line num="117" count="59" type="stmt"/>
        <line num="121" count="8" type="stmt"/>
        <line num="127" count="8" type="stmt"/>
        <line num="131" count="6" type="stmt"/>
        <line num="137" count="6" type="stmt"/>
        <line num="141" count="22" type="stmt"/>
        <line num="152" count="22" type="stmt"/>
        <line num="156" count="16" type="stmt"/>
        <line num="167" count="16" type="stmt"/>
        <line num="171" count="59" type="stmt"/>
        <line num="190" count="59" type="stmt"/>
        <line num="194" count="25" type="stmt"/>
        <line num="199" count="25" type="stmt"/>
        <line num="203" count="6" type="stmt"/>
        <line num="231" count="5" type="stmt"/>
        <line num="240" count="5" type="stmt"/>
        <line num="244" count="3" type="stmt"/>
        <line num="248" count="3" type="stmt"/>
        <line num="252" count="3" type="stmt"/>
        <line num="257" count="3" type="stmt"/>
        <line num="261" count="1" type="stmt"/>
        <line num="267" count="1" type="stmt"/>
        <line num="271" count="1" type="stmt"/>
        <line num="278" count="1" type="stmt"/>
        <line num="282" count="1" type="stmt"/>
        <line num="287" count="1" type="stmt"/>
        <line num="291" count="1" type="stmt"/>
        <line num="297" count="1" type="stmt"/>
        <line num="301" count="1" type="stmt"/>
        <line num="307" count="1" type="stmt"/>
        <line num="311" count="29" type="stmt"/>
        <line num="316" count="29" type="stmt"/>
        <line num="320" count="29" type="stmt"/>
        <line num="327" count="29" type="stmt"/>
        <line num="331" count="29" type="stmt"/>
        <line num="337" count="29" type="stmt"/>
        <line num="341" count="29" type="stmt"/>
        <line num="347" count="29" type="stmt"/>
        <line num="351" count="3" type="stmt"/>
        <line num="356" count="3" type="stmt"/>
        <line num="362" count="1" type="stmt"/>
        <line num="368" count="1" type="stmt"/>
        <line num="374" count="1" type="stmt"/>
        <line num="380" count="1" type="stmt"/>
        <line num="384" count="2" type="stmt"/>
        <line num="391" count="2" type="stmt"/>
        <line num="395" count="16" type="stmt"/>
        <line num="400" count="16" type="stmt"/>
        <line num="404" count="12" type="stmt"/>
        <line num="410" count="12" type="stmt"/>
      </file>
      <file name="utils.functions.ts" path="/Users/Niall.Bunting/work/cvs/cvs-app-vtm/src/app/utils/utils.functions.ts">
        <metrics statements="3" coveredstatements="3" conditionals="0" coveredconditionals="0" methods="2" coveredmethods="2"/>
        <line num="1" count="21" type="stmt"/>
        <line num="2" count="1" type="stmt"/>
        <line num="3" count="2" type="stmt"/>
      </file>
    </package>
    <package name="src.environments">
      <metrics statements="1" coveredstatements="1" conditionals="0" coveredconditionals="0" methods="0" coveredmethods="0"/>
      <file name="environment.ts" path="/Users/Niall.Bunting/work/cvs/cvs-app-vtm/src/environments/environment.ts">
        <metrics statements="1" coveredstatements="1" conditionals="0" coveredconditionals="0" methods="0" coveredmethods="0"/>
        <line num="5" count="1" type="stmt"/>
      </file>
    </package>
    <package name="testconfig.services-mocks">
      <metrics statements="24" coveredstatements="24" conditionals="0" coveredconditionals="0" methods="11" coveredmethods="11"/>
      <file name="authentication-guard.mock.ts" path="/Users/Niall.Bunting/work/cvs/cvs-app-vtm/testconfig/services-mocks/authentication-guard.mock.ts">
        <metrics statements="17" coveredstatements="17" conditionals="0" coveredconditionals="0" methods="8" coveredmethods="8"/>
        <line num="1" count="1" type="stmt"/>
        <line num="3" count="1" type="stmt"/>
        <line num="10" count="1" type="stmt"/>
        <line num="11" count="1" type="stmt"/>
        <line num="14" count="1" type="stmt"/>
        <line num="15" count="1" type="stmt"/>
        <line num="18" count="1" type="stmt"/>
        <line num="19" count="1" type="stmt"/>
        <line num="22" count="1" type="stmt"/>
        <line num="23" count="1" type="stmt"/>
        <line num="26" count="1" type="stmt"/>
        <line num="27" count="1" type="stmt"/>
        <line num="30" count="1" type="stmt"/>
        <line num="31" count="1" type="stmt"/>
        <line num="34" count="1" type="stmt"/>
        <line num="35" count="1" type="stmt"/>
        <line num="38" count="1" type="stmt"/>
      </file>
      <file name="technical-record-service.mock.ts" path="/Users/Niall.Bunting/work/cvs/cvs-app-vtm/testconfig/services-mocks/technical-record-service.mock.ts">
        <metrics statements="7" coveredstatements="7" conditionals="0" coveredconditionals="0" methods="3" coveredmethods="3"/>
        <line num="1" count="2" type="stmt"/>
        <line num="3" count="2" type="stmt"/>
        <line num="5" count="2" type="stmt"/>
        <line num="6" count="1" type="stmt"/>
        <line num="9" count="2" type="stmt"/>
        <line num="10" count="1" type="stmt"/>
        <line num="13" count="2" type="stmt"/>
      </file>
    </package>
  </project>
</coverage>
