{"/Users/Niall.Bunting/work/cvs/cvs-app-vtm/src/app/app-user.service.ts": {"path":"/Users/Niall.Bunting/work/cvs/cvs-app-vtm/src/app/app-user.service.ts","statementMap":{"0":{"start":{"line":1,"column":0},"end":{"line":1,"column":null}},"1":{"start":{"line":6,"column":0},"end":{"line":6,"column":13}},"2":{"start":{"line":11,"column":2},"end":{"line":11,"column":10}},"3":{"start":{"line":12,"column":4},"end":{"line":12,"column":9}},"4":{"start":{"line":13,"column":4},"end":{"line":13,"column":9}},"5":{"start":{"line":14,"column":4},"end":{"line":14,"column":9}},"6":{"start":{"line":17,"column":2},"end":{"line":17,"column":null}},"7":{"start":{"line":18,"column":4},"end":{"line":18,"column":11}},"8":{"start":{"line":6,"column":13},"end":{"line":6,"column":24}},"9":{"start":{"line":20,"column":0},"end":{"line":20,"column":1}}},"fnMap":{"0":{"name":"(anonymous_2)","decl":{"start":{"line":6,"column":0},"end":{"line":6,"column":13}},"loc":{"start":{"line":6,"column":0},"end":{"line":20,"column":null}}},"1":{"name":"UserService","decl":{"start":{"line":9,"column":2},"end":{"line":9,"column":18}},"loc":{"start":{"line":9,"column":2},"end":{"line":9,"column":null}}},"2":{"name":"(anonymous_4)","decl":{"start":{"line":11,"column":2},"end":{"line":11,"column":10}},"loc":{"start":{"line":11,"column":21},"end":{"line":15,"column":null}}},"3":{"name":"(anonymous_5)","decl":{"start":{"line":17,"column":2},"end":{"line":17,"column":null}},"loc":{"start":{"line":17,"column":2},"end":{"line":19,"column":null}}}},"branchMap":{},"s":{"0":70,"1":70,"2":70,"3":1,"4":1,"5":1,"6":70,"7":1,"8":140,"9":70},"f":{"0":70,"1":1,"2":1,"3":1},"b":{}}
,"/Users/Niall.Bunting/work/cvs/cvs-app-vtm/src/app/app.component.html": {"data":{"path":"/Users/Niall.Bunting/work/cvs/cvs-app-vtm/src/app/app.component.html","statementMap":{"0":{"start":{"line":1,"column":0},"end":{"line":1,"column":42}}},"fnMap":{},"branchMap":{},"s":{"0":1},"f":{},"b":{},"_coverageSchema":"43e27e138ebf9cfc5966b082cf9a028302ed4184","hash":"4fbd6b2550fbe0e8531ff89e55ae3eaf850b4a21"}}
,"/Users/Niall.Bunting/work/cvs/cvs-app-vtm/src/app/app.component.ts": {"path":"/Users/Niall.Bunting/work/cvs/cvs-app-vtm/src/app/app.component.ts","statementMap":{"0":{"start":{"line":1,"column":0},"end":{"line":1,"column":null}},"1":{"start":{"line":2,"column":0},"end":{"line":2,"column":null}},"2":{"start":{"line":10,"column":0},"end":{"line":10,"column":13}},"3":{"start":{"line":12,"column":4},"end":{"line":12,"column":null}},"4":{"start":{"line":10,"column":13},"end":{"line":10,"column":25}},"5":{"start":{"line":14,"column":0},"end":{"line":14,"column":1}}},"fnMap":{"0":{"name":"(anonymous_2)","decl":{"start":{"line":10,"column":0},"end":{"line":10,"column":13}},"loc":{"start":{"line":10,"column":0},"end":{"line":14,"column":null}}},"1":{"name":"AppComponent","decl":{"start":{"line":11,"column":2},"end":{"line":11,"column":null}},"loc":{"start":{"line":11,"column":2},"end":{"line":13,"column":null}}}},"branchMap":{},"s":{"0":1,"1":1,"2":1,"3":1,"4":2,"5":1},"f":{"0":1,"1":1},"b":{}}
,"/Users/Niall.Bunting/work/cvs/cvs-app-vtm/src/app/app.config.ts": {"path":"/Users/Niall.Bunting/work/cvs/cvs-app-vtm/src/app/app.config.ts","statementMap":{"0":{"start":{"line":1,"column":0},"end":{"line":1,"column":null}},"1":{"start":{"line":2,"column":0},"end":{"line":2,"column":null}},"2":{"start":{"line":3,"column":0},"end":{"line":3,"column":null}},"3":{"start":{"line":4,"column":0},"end":{"line":4,"column":null}},"4":{"start":{"line":6,"column":0},"end":{"line":6,"column":null}},"5":{"start":{"line":9,"column":0},"end":{"line":9,"column":13}},"6":{"start":{"line":11,"column":22},"end":{"line":11,"column":28}},"7":{"start":{"line":12,"column":2},"end":{"line":12,"column":null}},"8":{"start":{"line":13,"column":4},"end":{"line":13,"column":9}},"9":{"start":{"line":15,"column":4},"end":{"line":15,"column":11}},"10":{"start":{"line":18,"column":2},"end":{"line":18,"column":6}},"11":{"start":{"line":19,"column":4},"end":{"line":19,"column":11}},"12":{"start":{"line":9,"column":13},"end":{"line":9,"column":22}},"13":{"start":{"line":21,"column":0},"end":{"line":21,"column":1}}},"fnMap":{"0":{"name":"(anonymous_2)","decl":{"start":{"line":9,"column":0},"end":{"line":9,"column":13}},"loc":{"start":{"line":9,"column":0},"end":{"line":21,"column":null}}},"1":{"name":"AppConfig","decl":{"start":{"line":11,"column":2},"end":{"line":11,"column":22}},"loc":{"start":{"line":11,"column":38},"end":{"line":11,"column":null}}},"2":{"name":"(anonymous_4)","decl":{"start":{"line":12,"column":2},"end":{"line":12,"column":null}},"loc":{"start":{"line":12,"column":2},"end":{"line":16,"column":null}}},"3":{"name":"(anonymous_5)","decl":{"start":{"line":18,"column":2},"end":{"line":18,"column":6}},"loc":{"start":{"line":18,"column":2},"end":{"line":20,"column":null}}}},"branchMap":{"0":{"loc":{"start":{"line":13,"column":35},"end":{"line":13,"column":48}},"type":"cond-expr","locations":[{"start":{"line":13,"column":35},"end":{"line":13,"column":48}},{"start":{"line":13,"column":65},"end":{"line":13,"column":78}}]}},"s":{"0":12,"1":12,"2":12,"3":12,"4":12,"5":12,"6":0,"7":12,"8":0,"9":0,"10":12,"11":0,"12":24,"13":12},"f":{"0":12,"1":0,"2":0,"3":0},"b":{"0":[0,0]}}
,"/Users/Niall.Bunting/work/cvs/cvs-app-vtm/src/app/app.enums.ts": {"path":"/Users/Niall.Bunting/work/cvs/cvs-app-vtm/src/app/app.enums.ts","statementMap":{"0":{"start":{"line":1,"column":0},"end":{"line":1,"column":12}},"1":{"start":{"line":2,"column":2},"end":{"line":2,"column":null}},"2":{"start":{"line":3,"column":2},"end":{"line":3,"column":null}},"3":{"start":{"line":4,"column":2},"end":{"line":4,"column":null}},"4":{"start":{"line":5,"column":2},"end":{"line":5,"column":null}},"5":{"start":{"line":6,"column":2},"end":{"line":6,"column":null}},"6":{"start":{"line":7,"column":2},"end":{"line":7,"column":null}},"7":{"start":{"line":10,"column":0},"end":{"line":10,"column":12}},"8":{"start":{"line":11,"column":2},"end":{"line":11,"column":null}},"9":{"start":{"line":12,"column":2},"end":{"line":12,"column":null}},"10":{"start":{"line":13,"column":2},"end":{"line":13,"column":null}},"11":{"start":{"line":16,"column":13},"end":{"line":16,"column":44}},"12":{"start":{"line":17,"column":13},"end":{"line":17,"column":44}},"13":{"start":{"line":18,"column":13},"end":{"line":18,"column":44}},"14":{"start":{"line":19,"column":0},"end":{"line":19,"column":12}},"15":{"start":{"line":20,"column":2},"end":{"line":20,"column":null}},"16":{"start":{"line":21,"column":2},"end":{"line":21,"column":null}},"17":{"start":{"line":22,"column":2},"end":{"line":22,"column":null}},"18":{"start":{"line":25,"column":0},"end":{"line":25,"column":12}},"19":{"start":{"line":26,"column":2},"end":{"line":26,"column":null}},"20":{"start":{"line":27,"column":2},"end":{"line":27,"column":null}},"21":{"start":{"line":28,"column":2},"end":{"line":28,"column":null}},"22":{"start":{"line":29,"column":2},"end":{"line":29,"column":null}},"23":{"start":{"line":30,"column":2},"end":{"line":30,"column":null}},"24":{"start":{"line":33,"column":0},"end":{"line":33,"column":12}},"25":{"start":{"line":34,"column":2},"end":{"line":34,"column":null}},"26":{"start":{"line":35,"column":2},"end":{"line":35,"column":null}},"27":{"start":{"line":36,"column":2},"end":{"line":36,"column":null}},"28":{"start":{"line":37,"column":2},"end":{"line":37,"column":null}},"29":{"start":{"line":40,"column":0},"end":{"line":40,"column":12}},"30":{"start":{"line":41,"column":2},"end":{"line":41,"column":null}},"31":{"start":{"line":42,"column":2},"end":{"line":42,"column":null}},"32":{"start":{"line":43,"column":2},"end":{"line":43,"column":null}},"33":{"start":{"line":46,"column":0},"end":{"line":46,"column":12}},"34":{"start":{"line":47,"column":2},"end":{"line":47,"column":null}},"35":{"start":{"line":48,"column":2},"end":{"line":48,"column":null}},"36":{"start":{"line":49,"column":2},"end":{"line":49,"column":null}},"37":{"start":{"line":50,"column":2},"end":{"line":50,"column":null}},"38":{"start":{"line":51,"column":2},"end":{"line":51,"column":null}},"39":{"start":{"line":52,"column":2},"end":{"line":52,"column":null}},"40":{"start":{"line":55,"column":0},"end":{"line":55,"column":12}},"41":{"start":{"line":56,"column":2},"end":{"line":56,"column":null}},"42":{"start":{"line":57,"column":2},"end":{"line":57,"column":null}},"43":{"start":{"line":58,"column":2},"end":{"line":58,"column":null}},"44":{"start":{"line":61,"column":0},"end":{"line":61,"column":12}},"45":{"start":{"line":62,"column":2},"end":{"line":62,"column":null}},"46":{"start":{"line":63,"column":2},"end":{"line":63,"column":null}},"47":{"start":{"line":66,"column":0},"end":{"line":66,"column":12}},"48":{"start":{"line":67,"column":2},"end":{"line":67,"column":null}},"49":{"start":{"line":68,"column":2},"end":{"line":68,"column":null}},"50":{"start":{"line":71,"column":0},"end":{"line":71,"column":12}},"51":{"start":{"line":72,"column":2},"end":{"line":72,"column":null}},"52":{"start":{"line":73,"column":2},"end":{"line":73,"column":null}},"53":{"start":{"line":74,"column":2},"end":{"line":74,"column":null}},"54":{"start":{"line":77,"column":0},"end":{"line":77,"column":12}},"55":{"start":{"line":78,"column":2},"end":{"line":78,"column":null}},"56":{"start":{"line":79,"column":2},"end":{"line":79,"column":null}},"57":{"start":{"line":80,"column":2},"end":{"line":80,"column":null}},"58":{"start":{"line":81,"column":2},"end":{"line":81,"column":null}},"59":{"start":{"line":82,"column":2},"end":{"line":82,"column":null}},"60":{"start":{"line":83,"column":2},"end":{"line":83,"column":null}},"61":{"start":{"line":84,"column":2},"end":{"line":84,"column":null}},"62":{"start":{"line":85,"column":2},"end":{"line":85,"column":null}},"63":{"start":{"line":86,"column":2},"end":{"line":86,"column":null}},"64":{"start":{"line":87,"column":2},"end":{"line":87,"column":null}},"65":{"start":{"line":88,"column":2},"end":{"line":88,"column":null}},"66":{"start":{"line":89,"column":2},"end":{"line":89,"column":null}},"67":{"start":{"line":90,"column":2},"end":{"line":90,"column":null}},"68":{"start":{"line":91,"column":2},"end":{"line":91,"column":null}},"69":{"start":{"line":92,"column":2},"end":{"line":92,"column":null}},"70":{"start":{"line":93,"column":2},"end":{"line":93,"column":null}},"71":{"start":{"line":94,"column":2},"end":{"line":94,"column":null}},"72":{"start":{"line":95,"column":2},"end":{"line":95,"column":null}},"73":{"start":{"line":96,"column":2},"end":{"line":96,"column":null}},"74":{"start":{"line":97,"column":2},"end":{"line":97,"column":null}},"75":{"start":{"line":98,"column":2},"end":{"line":98,"column":null}},"76":{"start":{"line":99,"column":2},"end":{"line":99,"column":null}},"77":{"start":{"line":100,"column":2},"end":{"line":100,"column":null}},"78":{"start":{"line":101,"column":2},"end":{"line":101,"column":null}},"79":{"start":{"line":102,"column":2},"end":{"line":102,"column":null}},"80":{"start":{"line":103,"column":2},"end":{"line":103,"column":null}},"81":{"start":{"line":104,"column":2},"end":{"line":104,"column":null}},"82":{"start":{"line":105,"column":2},"end":{"line":105,"column":null}},"83":{"start":{"line":106,"column":2},"end":{"line":106,"column":null}},"84":{"start":{"line":107,"column":2},"end":{"line":107,"column":null}},"85":{"start":{"line":108,"column":2},"end":{"line":108,"column":null}},"86":{"start":{"line":109,"column":2},"end":{"line":109,"column":null}},"87":{"start":{"line":110,"column":2},"end":{"line":110,"column":null}},"88":{"start":{"line":111,"column":2},"end":{"line":111,"column":null}},"89":{"start":{"line":112,"column":2},"end":{"line":112,"column":null}},"90":{"start":{"line":113,"column":2},"end":{"line":113,"column":null}},"91":{"start":{"line":114,"column":2},"end":{"line":114,"column":null}},"92":{"start":{"line":115,"column":2},"end":{"line":115,"column":null}},"93":{"start":{"line":118,"column":0},"end":{"line":118,"column":12}},"94":{"start":{"line":119,"column":2},"end":{"line":119,"column":null}},"95":{"start":{"line":120,"column":2},"end":{"line":120,"column":null}},"96":{"start":{"line":121,"column":2},"end":{"line":121,"column":null}},"97":{"start":{"line":122,"column":2},"end":{"line":122,"column":null}},"98":{"start":{"line":123,"column":2},"end":{"line":123,"column":null}},"99":{"start":{"line":126,"column":0},"end":{"line":126,"column":12}},"100":{"start":{"line":127,"column":2},"end":{"line":127,"column":null}},"101":{"start":{"line":128,"column":2},"end":{"line":128,"column":null}},"102":{"start":{"line":129,"column":2},"end":{"line":129,"column":null}},"103":{"start":{"line":130,"column":2},"end":{"line":130,"column":null}},"104":{"start":{"line":131,"column":2},"end":{"line":131,"column":null}},"105":{"start":{"line":132,"column":2},"end":{"line":132,"column":null}},"106":{"start":{"line":133,"column":2},"end":{"line":133,"column":null}},"107":{"start":{"line":134,"column":2},"end":{"line":134,"column":null}},"108":{"start":{"line":135,"column":2},"end":{"line":135,"column":null}},"109":{"start":{"line":136,"column":2},"end":{"line":136,"column":null}},"110":{"start":{"line":137,"column":2},"end":{"line":137,"column":null}},"111":{"start":{"line":138,"column":2},"end":{"line":138,"column":null}},"112":{"start":{"line":139,"column":2},"end":{"line":139,"column":null}},"113":{"start":{"line":140,"column":2},"end":{"line":140,"column":null}},"114":{"start":{"line":141,"column":2},"end":{"line":141,"column":null}},"115":{"start":{"line":142,"column":2},"end":{"line":142,"column":null}},"116":{"start":{"line":143,"column":2},"end":{"line":143,"column":null}},"117":{"start":{"line":144,"column":2},"end":{"line":144,"column":null}}},"fnMap":{"0":{"name":"(anonymous_0)","decl":{"start":{"line":1,"column":0},"end":{"line":1,"column":12}},"loc":{"start":{"line":1,"column":25},"end":{"line":8,"column":null}}},"1":{"name":"(anonymous_1)","decl":{"start":{"line":10,"column":0},"end":{"line":10,"column":12}},"loc":{"start":{"line":10,"column":25},"end":{"line":14,"column":null}}},"2":{"name":"(anonymous_2)","decl":{"start":{"line":19,"column":0},"end":{"line":19,"column":12}},"loc":{"start":{"line":19,"column":31},"end":{"line":23,"column":null}}},"3":{"name":"(anonymous_3)","decl":{"start":{"line":25,"column":0},"end":{"line":25,"column":12}},"loc":{"start":{"line":25,"column":27},"end":{"line":31,"column":null}}},"4":{"name":"(anonymous_4)","decl":{"start":{"line":33,"column":0},"end":{"line":33,"column":12}},"loc":{"start":{"line":33,"column":30},"end":{"line":38,"column":null}}},"5":{"name":"(anonymous_5)","decl":{"start":{"line":40,"column":0},"end":{"line":40,"column":12}},"loc":{"start":{"line":40,"column":45},"end":{"line":44,"column":null}}},"6":{"name":"(anonymous_6)","decl":{"start":{"line":46,"column":0},"end":{"line":46,"column":12}},"loc":{"start":{"line":46,"column":22},"end":{"line":53,"column":null}}},"7":{"name":"(anonymous_7)","decl":{"start":{"line":55,"column":0},"end":{"line":55,"column":12}},"loc":{"start":{"line":55,"column":28},"end":{"line":59,"column":null}}},"8":{"name":"(anonymous_8)","decl":{"start":{"line":61,"column":0},"end":{"line":61,"column":12}},"loc":{"start":{"line":61,"column":17},"end":{"line":64,"column":null}}},"9":{"name":"(anonymous_9)","decl":{"start":{"line":66,"column":0},"end":{"line":66,"column":12}},"loc":{"start":{"line":66,"column":17},"end":{"line":69,"column":null}}},"10":{"name":"(anonymous_10)","decl":{"start":{"line":71,"column":0},"end":{"line":71,"column":12}},"loc":{"start":{"line":71,"column":22},"end":{"line":75,"column":null}}},"11":{"name":"(anonymous_11)","decl":{"start":{"line":77,"column":0},"end":{"line":77,"column":12}},"loc":{"start":{"line":77,"column":35},"end":{"line":116,"column":null}}},"12":{"name":"(anonymous_12)","decl":{"start":{"line":118,"column":0},"end":{"line":118,"column":12}},"loc":{"start":{"line":118,"column":22},"end":{"line":124,"column":null}}},"13":{"name":"(anonymous_13)","decl":{"start":{"line":126,"column":0},"end":{"line":126,"column":12}},"loc":{"start":{"line":126,"column":23},"end":{"line":145,"column":null}}}},"branchMap":{"0":{"loc":{"start":{"line":1,"column":12},"end":{"line":1,"column":25}},"type":"binary-expr","locations":[{"start":{"line":1,"column":12},"end":{"line":1,"column":25}},{"start":{"line":1,"column":12},"end":{"line":1,"column":null}}]},"1":{"loc":{"start":{"line":10,"column":12},"end":{"line":10,"column":25}},"type":"binary-expr","locations":[{"start":{"line":10,"column":12},"end":{"line":10,"column":25}},{"start":{"line":10,"column":12},"end":{"line":10,"column":null}}]},"2":{"loc":{"start":{"line":19,"column":12},"end":{"line":19,"column":31}},"type":"binary-expr","locations":[{"start":{"line":19,"column":12},"end":{"line":19,"column":31}},{"start":{"line":19,"column":12},"end":{"line":19,"column":null}}]},"3":{"loc":{"start":{"line":25,"column":12},"end":{"line":25,"column":27}},"type":"binary-expr","locations":[{"start":{"line":25,"column":12},"end":{"line":25,"column":27}},{"start":{"line":25,"column":12},"end":{"line":25,"column":null}}]},"4":{"loc":{"start":{"line":33,"column":12},"end":{"line":33,"column":30}},"type":"binary-expr","locations":[{"start":{"line":33,"column":12},"end":{"line":33,"column":30}},{"start":{"line":33,"column":12},"end":{"line":33,"column":null}}]},"5":{"loc":{"start":{"line":40,"column":12},"end":{"line":40,"column":45}},"type":"binary-expr","locations":[{"start":{"line":40,"column":12},"end":{"line":40,"column":45}},{"start":{"line":40,"column":12},"end":{"line":40,"column":null}}]},"6":{"loc":{"start":{"line":46,"column":12},"end":{"line":46,"column":22}},"type":"binary-expr","locations":[{"start":{"line":46,"column":12},"end":{"line":46,"column":22}},{"start":{"line":46,"column":12},"end":{"line":46,"column":null}}]},"7":{"loc":{"start":{"line":55,"column":12},"end":{"line":55,"column":28}},"type":"binary-expr","locations":[{"start":{"line":55,"column":12},"end":{"line":55,"column":28}},{"start":{"line":55,"column":12},"end":{"line":55,"column":null}}]},"8":{"loc":{"start":{"line":61,"column":12},"end":{"line":61,"column":17}},"type":"binary-expr","locations":[{"start":{"line":61,"column":12},"end":{"line":61,"column":17}},{"start":{"line":61,"column":12},"end":{"line":61,"column":null}}]},"9":{"loc":{"start":{"line":66,"column":12},"end":{"line":66,"column":17}},"type":"binary-expr","locations":[{"start":{"line":66,"column":12},"end":{"line":66,"column":17}},{"start":{"line":66,"column":12},"end":{"line":66,"column":null}}]},"10":{"loc":{"start":{"line":71,"column":12},"end":{"line":71,"column":22}},"type":"binary-expr","locations":[{"start":{"line":71,"column":12},"end":{"line":71,"column":22}},{"start":{"line":71,"column":12},"end":{"line":71,"column":null}}]},"11":{"loc":{"start":{"line":77,"column":12},"end":{"line":77,"column":35}},"type":"binary-expr","locations":[{"start":{"line":77,"column":12},"end":{"line":77,"column":35}},{"start":{"line":77,"column":12},"end":{"line":77,"column":null}}]},"12":{"loc":{"start":{"line":118,"column":12},"end":{"line":118,"column":22}},"type":"binary-expr","locations":[{"start":{"line":118,"column":12},"end":{"line":118,"column":22}},{"start":{"line":118,"column":12},"end":{"line":118,"column":null}}]},"13":{"loc":{"start":{"line":126,"column":12},"end":{"line":126,"column":23}},"type":"binary-expr","locations":[{"start":{"line":126,"column":12},"end":{"line":126,"column":23}},{"start":{"line":126,"column":12},"end":{"line":126,"column":null}}]}},"s":{"0":73,"1":73,"2":73,"3":73,"4":73,"5":73,"6":73,"7":73,"8":73,"9":73,"10":73,"11":73,"12":73,"13":73,"14":73,"15":73,"16":73,"17":73,"18":73,"19":73,"20":73,"21":73,"22":73,"23":73,"24":73,"25":73,"26":73,"27":73,"28":73,"29":73,"30":73,"31":73,"32":73,"33":73,"34":73,"35":73,"36":73,"37":73,"38":73,"39":73,"40":73,"41":73,"42":73,"43":73,"44":73,"45":73,"46":73,"47":73,"48":73,"49":73,"50":73,"51":73,"52":73,"53":73,"54":73,"55":73,"56":73,"57":73,"58":73,"59":73,"60":73,"61":73,"62":73,"63":73,"64":73,"65":73,"66":73,"67":73,"68":73,"69":73,"70":73,"71":73,"72":73,"73":73,"74":73,"75":73,"76":73,"77":73,"78":73,"79":73,"80":73,"81":73,"82":73,"83":73,"84":73,"85":73,"86":73,"87":73,"88":73,"89":73,"90":73,"91":73,"92":73,"93":73,"94":73,"95":73,"96":73,"97":73,"98":73,"99":73,"100":73,"101":73,"102":73,"103":73,"104":73,"105":73,"106":73,"107":73,"108":73,"109":73,"110":73,"111":73,"112":73,"113":73,"114":73,"115":73,"116":73,"117":73},"f":{"0":73,"1":73,"2":73,"3":73,"4":73,"5":73,"6":73,"7":73,"8":73,"9":73,"10":73,"11":73,"12":73,"13":73},"b":{"0":[73,73],"1":[73,73],"2":[73,73],"3":[73,73],"4":[73,73],"5":[73,73],"6":[73,73],"7":[73,73],"8":[73,73],"9":[73,73],"10":[73,73],"11":[73,73],"12":[73,73],"13":[73,73]}}
,"/Users/Niall.Bunting/work/cvs/cvs-app-vtm/src/app/material.module.ts": {"path":"/Users/Niall.Bunting/work/cvs/cvs-app-vtm/src/app/material.module.ts","statementMap":{"0":{"start":{"line":1,"column":0},"end":{"line":1,"column":null}},"1":{"start":{"line":2,"column":0},"end":{"line":2,"column":null}},"2":{"start":{"line":3,"column":0},"end":{"line":3,"column":null}},"3":{"start":{"line":4,"column":0},"end":{"line":4,"column":null}},"4":{"start":{"line":5,"column":0},"end":{"line":5,"column":null}},"5":{"start":{"line":6,"column":0},"end":{"line":6,"column":null}},"6":{"start":{"line":7,"column":0},"end":{"line":7,"column":null}},"7":{"start":{"line":8,"column":0},"end":{"line":8,"column":null}},"8":{"start":{"line":9,"column":0},"end":{"line":9,"column":null}},"9":{"start":{"line":10,"column":0},"end":{"line":10,"column":null}},"10":{"start":{"line":11,"column":0},"end":{"line":11,"column":null}},"11":{"start":{"line":12,"column":0},"end":{"line":12,"column":null}},"12":{"start":{"line":13,"column":0},"end":{"line":13,"column":null}},"13":{"start":{"line":14,"column":0},"end":{"line":14,"column":null}},"14":{"start":{"line":15,"column":0},"end":{"line":15,"column":null}},"15":{"start":{"line":16,"column":0},"end":{"line":16,"column":null}},"16":{"start":{"line":17,"column":0},"end":{"line":17,"column":null}},"17":{"start":{"line":18,"column":0},"end":{"line":18,"column":null}},"18":{"start":{"line":19,"column":0},"end":{"line":19,"column":null}},"19":{"start":{"line":20,"column":0},"end":{"line":20,"column":null}},"20":{"start":{"line":21,"column":0},"end":{"line":21,"column":null}},"21":{"start":{"line":22,"column":0},"end":{"line":22,"column":null}},"22":{"start":{"line":23,"column":0},"end":{"line":23,"column":null}},"23":{"start":{"line":24,"column":0},"end":{"line":24,"column":null}},"24":{"start":{"line":25,"column":0},"end":{"line":25,"column":null}},"25":{"start":{"line":26,"column":0},"end":{"line":26,"column":null}},"26":{"start":{"line":27,"column":0},"end":{"line":27,"column":null}},"27":{"start":{"line":28,"column":0},"end":{"line":28,"column":null}},"28":{"start":{"line":29,"column":0},"end":{"line":29,"column":null}},"29":{"start":{"line":30,"column":0},"end":{"line":30,"column":null}},"30":{"start":{"line":31,"column":0},"end":{"line":31,"column":null}},"31":{"start":{"line":32,"column":0},"end":{"line":32,"column":null}},"32":{"start":{"line":33,"column":0},"end":{"line":33,"column":null}},"33":{"start":{"line":34,"column":0},"end":{"line":34,"column":null}},"34":{"start":{"line":35,"column":0},"end":{"line":35,"column":null}},"35":{"start":{"line":36,"column":0},"end":{"line":36,"column":null}},"36":{"start":{"line":37,"column":0},"end":{"line":37,"column":null}},"37":{"start":{"line":38,"column":0},"end":{"line":38,"column":null}},"38":{"start":{"line":39,"column":0},"end":{"line":39,"column":null}},"39":{"start":{"line":40,"column":0},"end":{"line":40,"column":null}},"40":{"start":{"line":41,"column":0},"end":{"line":41,"column":null}},"41":{"start":{"line":88,"column":0},"end":{"line":88,"column":13}},"42":{"start":{"line":88,"column":13},"end":{"line":88,"column":27}},"43":{"start":{"line":88,"column":29},"end":{"line":88,"column":30}}},"fnMap":{"0":{"name":"(anonymous_1)","decl":{"start":{"line":88,"column":0},"end":{"line":88,"column":13}},"loc":{"start":{"line":88,"column":0},"end":{"line":88,"column":null}}}},"branchMap":{},"s":{"0":9,"1":9,"2":9,"3":9,"4":9,"5":9,"6":9,"7":9,"8":9,"9":9,"10":9,"11":9,"12":9,"13":9,"14":9,"15":9,"16":9,"17":9,"18":9,"19":9,"20":9,"21":9,"22":9,"23":9,"24":9,"25":9,"26":9,"27":9,"28":9,"29":9,"30":9,"31":9,"32":9,"33":9,"34":9,"35":9,"36":9,"37":9,"38":9,"39":9,"40":9,"41":9,"42":18,"43":9},"f":{"0":44},"b":{}}
,"/Users/Niall.Bunting/work/cvs/cvs-app-vtm/src/app/directives/form-connector/form-connector.directive.ts": {"path":"/Users/Niall.Bunting/work/cvs/cvs-app-vtm/src/app/directives/form-connector/form-connector.directive.ts","statementMap":{"0":{"start":{"line":1,"column":0},"end":{"line":1,"column":null}},"1":{"start":{"line":2,"column":0},"end":{"line":2,"column":null}},"2":{"start":{"line":4,"column":0},"end":{"line":4,"column":null}},"3":{"start":{"line":5,"column":0},"end":{"line":5,"column":null}},"4":{"start":{"line":7,"column":0},"end":{"line":7,"column":null}},"5":{"start":{"line":8,"column":0},"end":{"line":8,"column":null}},"6":{"start":{"line":13,"column":0},"end":{"line":13,"column":13}},"7":{"start":{"line":23,"column":22},"end":{"line":23,"column":42}},"8":{"start":{"line":23,"column":70},"end":{"line":23,"column":77}},"9":{"start":{"line":15,"column":11},"end":{"line":15,"column":22}},"10":{"start":{"line":25,"column":2},"end":{"line":25,"column":null}},"11":{"start":{"line":26,"column":4},"end":{"line":26,"column":9}},"12":{"start":{"line":30,"column":14},"end":{"line":30,"column":25}},"13":{"start":{"line":30,"column":25},"end":{"line":30,"column":55}},"14":{"start":{"line":32,"column":10},"end":{"line":32,"column":17}},"15":{"start":{"line":33,"column":10},"end":{"line":35,"column":null}},"16":{"start":{"line":34,"column":12},"end":{"line":34,"column":16}},"17":{"start":{"line":40,"column":4},"end":{"line":40,"column":11}},"18":{"start":{"line":43,"column":2},"end":{"line":43,"column":null}},"19":{"start":{"line":44,"column":4},"end":{"line":44,"column":9}},"20":{"start":{"line":14,"column":29},"end":{"line":14,"column":42}},"21":{"start":{"line":13,"column":13},"end":{"line":13,"column":35}},"22":{"start":{"line":46,"column":0},"end":{"line":46,"column":1}}},"fnMap":{"0":{"name":"(anonymous_2)","decl":{"start":{"line":13,"column":0},"end":{"line":13,"column":13}},"loc":{"start":{"line":13,"column":0},"end":{"line":46,"column":null}}},"1":{"name":"FormConnectorDirective","decl":{"start":{"line":23,"column":2},"end":{"line":23,"column":22}},"loc":{"start":{"line":23,"column":93},"end":{"line":23,"column":null}}},"2":{"name":"(anonymous_4)","decl":{"start":{"line":25,"column":2},"end":{"line":25,"column":null}},"loc":{"start":{"line":25,"column":2},"end":{"line":41,"column":null}}},"3":{"name":"(anonymous_5)","decl":{"start":{"line":30,"column":12},"end":{"line":30,"column":13}},"loc":{"start":{"line":30,"column":55},"end":{"line":36,"column":null}}},"4":{"name":"(anonymous_6)","decl":{"start":{"line":43,"column":2},"end":{"line":43,"column":null}},"loc":{"start":{"line":43,"column":2},"end":{"line":45,"column":null}}}},"branchMap":{"0":{"loc":{"start":{"line":33,"column":10},"end":{"line":35,"column":null}},"type":"if","locations":[{"start":{"line":33,"column":10},"end":{"line":35,"column":null}},{"start":{"line":33,"column":10},"end":{"line":35,"column":null}}]},"1":{"loc":{"start":{"line":33,"column":14},"end":{"line":33,"column":56}},"type":"binary-expr","locations":[{"start":{"line":33,"column":14},"end":{"line":33,"column":56}},{"start":{"line":33,"column":56},"end":{"line":33,"column":65}}]}},"s":{"0":63,"1":63,"2":63,"3":63,"4":63,"5":63,"6":63,"7":1,"8":1,"9":64,"10":63,"11":0,"12":0,"13":0,"14":0,"15":0,"16":0,"17":0,"18":63,"19":0,"20":63,"21":126,"22":63},"f":{"0":63,"1":1,"2":0,"3":0,"4":0},"b":{"0":[0,0],"1":[0,0]}}
,"/Users/Niall.Bunting/work/cvs/cvs-app-vtm/src/app/guards/form-state.guard.ts": {"path":"/Users/Niall.Bunting/work/cvs/cvs-app-vtm/src/app/guards/form-state.guard.ts","statementMap":{"0":{"start":{"line":7,"column":0},"end":{"line":7,"column":null}},"1":{"start":{"line":8,"column":0},"end":{"line":8,"column":null}},"2":{"start":{"line":9,"column":0},"end":{"line":9,"column":null}},"3":{"start":{"line":11,"column":0},"end":{"line":11,"column":null}},"4":{"start":{"line":12,"column":0},"end":{"line":12,"column":null}},"5":{"start":{"line":13,"column":0},"end":{"line":13,"column":null}},"6":{"start":{"line":14,"column":0},"end":{"line":14,"column":null}},"7":{"start":{"line":17,"column":0},"end":{"line":17,"column":13}},"8":{"start":{"line":18,"column":22},"end":{"line":18,"column":29}},"9":{"start":{"line":20,"column":2},"end":{"line":20,"column":null}},"10":{"start":{"line":21,"column":4},"end":{"line":21,"column":11}},"11":{"start":{"line":24,"column":2},"end":{"line":24,"column":14}},"12":{"start":{"line":25,"column":4},"end":{"line":25,"column":11}},"13":{"start":{"line":27,"column":8},"end":{"line":34,"column":null}},"14":{"start":{"line":28,"column":10},"end":{"line":28,"column":14}},"15":{"start":{"line":35,"column":8},"end":{"line":35,"column":15}},"16":{"start":{"line":17,"column":13},"end":{"line":17,"column":27}},"17":{"start":{"line":39,"column":0},"end":{"line":39,"column":1}},"18":{"start":{"line":42,"column":2},"end":{"line":42,"column":9}},"19":{"start":{"line":43,"column":16},"end":{"line":43,"column":17}},"20":{"start":{"line":43,"column":39},"end":{"line":43,"column":46}},"21":{"start":{"line":48,"column":2},"end":{"line":48,"column":9}},"22":{"start":{"line":50,"column":4},"end":{"line":50,"column":13}},"23":{"start":{"line":51,"column":4},"end":{"line":51,"column":7}},"24":{"start":{"line":52,"column":4},"end":{"line":52,"column":11}}},"fnMap":{"0":{"name":"(anonymous_2)","decl":{"start":{"line":17,"column":0},"end":{"line":17,"column":13}},"loc":{"start":{"line":17,"column":0},"end":{"line":39,"column":null}}},"1":{"name":"FormStateGuard","decl":{"start":{"line":18,"column":2},"end":{"line":18,"column":22}},"loc":{"start":{"line":18,"column":45},"end":{"line":18,"column":null}}},"2":{"name":"(anonymous_4)","decl":{"start":{"line":20,"column":2},"end":{"line":20,"column":null}},"loc":{"start":{"line":20,"column":2},"end":{"line":22,"column":null}}},"3":{"name":"(anonymous_5)","decl":{"start":{"line":24,"column":2},"end":{"line":24,"column":14}},"loc":{"start":{"line":24,"column":43},"end":{"line":38,"column":null}}},"4":{"name":"(anonymous_6)","decl":{"start":{"line":26,"column":16},"end":{"line":26,"column":17}},"loc":{"start":{"line":26,"column":25},"end":{"line":36,"column":null}}},"5":{"name":"getResolvedUrl","decl":{"start":{"line":41,"column":0},"end":{"line":41,"column":24}},"loc":{"start":{"line":41,"column":53},"end":{"line":45,"column":null}}},"6":{"name":"(anonymous_8)","decl":{"start":{"line":43,"column":9},"end":{"line":43,"column":10}},"loc":{"start":{"line":43,"column":11},"end":{"line":43,"column":null}}},"7":{"name":"(anonymous_9)","decl":{"start":{"line":43,"column":26},"end":{"line":43,"column":27}},"loc":{"start":{"line":43,"column":34},"end":{"line":43,"column":59}}},"8":{"name":"getQueryString","decl":{"start":{"line":47,"column":0},"end":{"line":47,"column":24}},"loc":{"start":{"line":47,"column":43},"end":{"line":54,"column":null}}},"9":{"name":"(anonymous_11)","decl":{"start":{"line":48,"column":41},"end":{"line":48,"column":50}},"loc":{"start":{"line":48,"column":61},"end":{"line":53,"column":5}}}},"branchMap":{"0":{"loc":{"start":{"line":27,"column":8},"end":{"line":34,"column":null}},"type":"if","locations":[{"start":{"line":27,"column":8},"end":{"line":34,"column":null}},{"start":{"line":27,"column":8},"end":{"line":34,"column":null}}]},"1":{"loc":{"start":{"line":50,"column":26},"end":{"line":50,"column":32}},"type":"cond-expr","locations":[{"start":{"line":50,"column":26},"end":{"line":50,"column":32}},{"start":{"line":50,"column":32},"end":{"line":50,"column":null}}]}},"s":{"0":1,"1":1,"2":1,"3":1,"4":1,"5":1,"6":1,"7":1,"8":1,"9":1,"10":1,"11":2,"12":1,"13":0,"14":0,"15":0,"16":2,"17":1,"18":0,"19":0,"20":0,"21":0,"22":0,"23":0,"24":0},"f":{"0":1,"1":1,"2":1,"3":1,"4":0,"5":0,"6":0,"7":0,"8":0,"9":0},"b":{"0":[0,0],"1":[0,0]}}
,"/Users/Niall.Bunting/work/cvs/cvs-app-vtm/src/app/landing-page/landing-page.component.html": {"data":{"path":"/Users/Niall.Bunting/work/cvs/cvs-app-vtm/src/app/landing-page/landing-page.component.html","statementMap":{"0":{"start":{"line":1,"column":0},"end":{"line":1,"column":1423}}},"fnMap":{},"branchMap":{},"s":{"0":1},"f":{},"b":{},"_coverageSchema":"43e27e138ebf9cfc5966b082cf9a028302ed4184","hash":"a0d237b5c95b66dc86b41f873175ed4d1b1aa00b"}}
,"/Users/Niall.Bunting/work/cvs/cvs-app-vtm/src/app/landing-page/landing-page.component.ts": {"path":"/Users/Niall.Bunting/work/cvs/cvs-app-vtm/src/app/landing-page/landing-page.component.ts","statementMap":{"0":{"start":{"line":1,"column":0},"end":{"line":1,"column":null}},"1":{"start":{"line":9,"column":0},"end":{"line":9,"column":13}},"2":{"start":{"line":12,"column":2},"end":{"line":12,"column":15}},"3":{"start":{"line":9,"column":13},"end":{"line":9,"column":33}},"4":{"start":{"line":13,"column":0},"end":{"line":13,"column":1}}},"fnMap":{"0":{"name":"(anonymous_2)","decl":{"start":{"line":9,"column":0},"end":{"line":9,"column":13}},"loc":{"start":{"line":9,"column":0},"end":{"line":13,"column":null}}},"1":{"name":"LandingPageComponent","decl":{"start":{"line":10,"column":2},"end":{"line":10,"column":18}},"loc":{"start":{"line":10,"column":2},"end":{"line":10,"column":null}}},"2":{"name":"(anonymous_4)","decl":{"start":{"line":12,"column":2},"end":{"line":12,"column":15}},"loc":{"start":{"line":12,"column":2},"end":{"line":12,"column":null}}}},"branchMap":{},"s":{"0":1,"1":1,"2":1,"3":2,"4":1},"f":{"0":1,"1":1,"2":1},"b":{}}
,"/Users/Niall.Bunting/work/cvs/cvs-app-vtm/src/app/modal/modal.actions.ts": {"path":"/Users/Niall.Bunting/work/cvs/cvs-app-vtm/src/app/modal/modal.actions.ts","statementMap":{"0":{"start":{"line":4,"column":0},"end":{"line":4,"column":12}},"1":{"start":{"line":5,"column":2},"end":{"line":5,"column":null}},"2":{"start":{"line":6,"column":2},"end":{"line":6,"column":null}},"3":{"start":{"line":7,"column":2},"end":{"line":7,"column":null}},"4":{"start":{"line":10,"column":0},"end":{"line":10,"column":13}},"5":{"start":{"line":12,"column":21},"end":{"line":12,"column":40}},"6":{"start":{"line":11,"column":18},"end":{"line":11,"column":25}},"7":{"start":{"line":13,"column":0},"end":{"line":13,"column":1}},"8":{"start":{"line":10,"column":13},"end":{"line":10,"column":null}},"9":{"start":{"line":15,"column":0},"end":{"line":15,"column":13}},"10":{"start":{"line":17,"column":21},"end":{"line":17,"column":37}},"11":{"start":{"line":16,"column":18},"end":{"line":16,"column":25}},"12":{"start":{"line":18,"column":0},"end":{"line":18,"column":1}},"13":{"start":{"line":15,"column":13},"end":{"line":15,"column":null}},"14":{"start":{"line":20,"column":0},"end":{"line":20,"column":13}},"15":{"start":{"line":22,"column":21},"end":{"line":22,"column":42}},"16":{"start":{"line":21,"column":18},"end":{"line":21,"column":25}},"17":{"start":{"line":23,"column":0},"end":{"line":23,"column":1}},"18":{"start":{"line":20,"column":13},"end":{"line":20,"column":null}}},"fnMap":{"0":{"name":"(anonymous_0)","decl":{"start":{"line":4,"column":0},"end":{"line":4,"column":12}},"loc":{"start":{"line":4,"column":30},"end":{"line":8,"column":null}}},"1":{"name":"(anonymous_1)","decl":{"start":{"line":10,"column":0},"end":{"line":10,"column":13}},"loc":{"start":{"line":10,"column":0},"end":{"line":13,"column":null}}},"2":{"name":"LoadModal","decl":{"start":{"line":12,"column":2},"end":{"line":12,"column":21}},"loc":{"start":{"line":12,"column":40},"end":{"line":12,"column":null}}},"3":{"name":"(anonymous_3)","decl":{"start":{"line":15,"column":0},"end":{"line":15,"column":13}},"loc":{"start":{"line":15,"column":0},"end":{"line":18,"column":null}}},"4":{"name":"ResetModal","decl":{"start":{"line":17,"column":2},"end":{"line":17,"column":21}},"loc":{"start":{"line":17,"column":37},"end":{"line":17,"column":null}}},"5":{"name":"(anonymous_5)","decl":{"start":{"line":20,"column":0},"end":{"line":20,"column":13}},"loc":{"start":{"line":20,"column":0},"end":{"line":23,"column":null}}},"6":{"name":"ChangeView","decl":{"start":{"line":22,"column":2},"end":{"line":22,"column":21}},"loc":{"start":{"line":22,"column":42},"end":{"line":22,"column":null}}}},"branchMap":{"0":{"loc":{"start":{"line":4,"column":12},"end":{"line":4,"column":30}},"type":"binary-expr","locations":[{"start":{"line":4,"column":12},"end":{"line":4,"column":30}},{"start":{"line":4,"column":12},"end":{"line":4,"column":null}}]}},"s":{"0":12,"1":12,"2":12,"3":12,"4":12,"5":2,"6":2,"7":12,"8":12,"9":12,"10":3,"11":3,"12":12,"13":12,"14":12,"15":4,"16":4,"17":12,"18":12},"f":{"0":12,"1":12,"2":2,"3":12,"4":3,"5":12,"6":4},"b":{"0":[12,12]}}
,"/Users/Niall.Bunting/work/cvs/cvs-app-vtm/src/app/modal/modal.component.ts": {"path":"/Users/Niall.Bunting/work/cvs/cvs-app-vtm/src/app/modal/modal.component.ts","statementMap":{"0":{"start":{"line":1,"column":0},"end":{"line":1,"column":null}},"1":{"start":{"line":2,"column":0},"end":{"line":2,"column":null}},"2":{"start":{"line":14,"column":0},"end":{"line":14,"column":13}},"3":{"start":{"line":17,"column":52},"end":{"line":17,"column":63}},"4":{"start":{"line":18,"column":4},"end":{"line":18,"column":9}},"5":{"start":{"line":23,"column":2},"end":{"line":23,"column":15}},"6":{"start":{"line":25,"column":2},"end":{"line":25,"column":17}},"7":{"start":{"line":26,"column":4},"end":{"line":26,"column":9}},"8":{"start":{"line":14,"column":13},"end":{"line":14,"column":27}},"9":{"start":{"line":32,"column":0},"end":{"line":32,"column":1}}},"fnMap":{"0":{"name":"(anonymous_5)","decl":{"start":{"line":14,"column":0},"end":{"line":14,"column":13}},"loc":{"start":{"line":14,"column":0},"end":{"line":32,"column":null}}},"1":{"name":"ModalComponent","decl":{"start":{"line":17,"column":2},"end":{"line":17,"column":15}},"loc":{"start":{"line":17,"column":91},"end":{"line":21,"column":null}}},"2":{"name":"(anonymous_7)","decl":{"start":{"line":23,"column":2},"end":{"line":23,"column":15}},"loc":{"start":{"line":23,"column":2},"end":{"line":23,"column":null}}},"3":{"name":"(anonymous_8)","decl":{"start":{"line":25,"column":2},"end":{"line":25,"column":17}},"loc":{"start":{"line":25,"column":37},"end":{"line":31,"column":null}}}},"branchMap":{},"s":{"0":3,"1":3,"2":3,"3":3,"4":3,"5":3,"6":3,"7":1,"8":6,"9":3},"f":{"0":3,"1":3,"2":3,"3":1},"b":{}}
,"/Users/Niall.Bunting/work/cvs/cvs-app-vtm/src/app/modal/modal.container.component.ts": {"path":"/Users/Niall.Bunting/work/cvs/cvs-app-vtm/src/app/modal/modal.container.component.ts","statementMap":{"0":{"start":{"line":1,"column":0},"end":{"line":1,"column":null}},"1":{"start":{"line":2,"column":0},"end":{"line":2,"column":null}},"2":{"start":{"line":4,"column":0},"end":{"line":4,"column":null}},"3":{"start":{"line":6,"column":0},"end":{"line":6,"column":null}},"4":{"start":{"line":7,"column":0},"end":{"line":7,"column":null}},"5":{"start":{"line":10,"column":0},"end":{"line":10,"column":null}},"6":{"start":{"line":11,"column":0},"end":{"line":11,"column":null}},"7":{"start":{"line":21,"column":0},"end":{"line":21,"column":13}},"8":{"start":{"line":23,"column":21},"end":{"line":23,"column":29}},"9":{"start":{"line":23,"column":48},"end":{"line":23,"column":55}},"10":{"start":{"line":24,"column":4},"end":{"line":24,"column":9}},"11":{"start":{"line":27,"column":2},"end":{"line":27,"column":null}},"12":{"start":{"line":28,"column":4},"end":{"line":28,"column":9}},"13":{"start":{"line":29,"column":6},"end":{"line":43,"column":null}},"14":{"start":{"line":30,"column":29},"end":{"line":30,"column":33}},"15":{"start":{"line":31,"column":8},"end":{"line":31,"column":20}},"16":{"start":{"line":32,"column":8},"end":{"line":32,"column":20}},"17":{"start":{"line":33,"column":8},"end":{"line":33,"column":20}},"18":{"start":{"line":34,"column":8},"end":{"line":34,"column":20}},"19":{"start":{"line":37,"column":26},"end":{"line":37,"column":30}},"20":{"start":{"line":38,"column":8},"end":{"line":38,"column":17}},"21":{"start":{"line":39,"column":10},"end":{"line":39,"column":14}},"22":{"start":{"line":42,"column":8},"end":{"line":42,"column":12}},"23":{"start":{"line":47,"column":2},"end":{"line":47,"column":15}},"24":{"start":{"line":48,"column":4},"end":{"line":50,"column":null}},"25":{"start":{"line":49,"column":6},"end":{"line":49,"column":11}},"26":{"start":{"line":21,"column":13},"end":{"line":21,"column":36}},"27":{"start":{"line":52,"column":0},"end":{"line":52,"column":1}}},"fnMap":{"0":{"name":"(anonymous_3)","decl":{"start":{"line":21,"column":0},"end":{"line":21,"column":13}},"loc":{"start":{"line":21,"column":0},"end":{"line":52,"column":null}}},"1":{"name":"ModalContainerComponent","decl":{"start":{"line":23,"column":2},"end":{"line":23,"column":21}},"loc":{"start":{"line":23,"column":71},"end":{"line":25,"column":null}}},"2":{"name":"(anonymous_5)","decl":{"start":{"line":27,"column":2},"end":{"line":27,"column":null}},"loc":{"start":{"line":27,"column":2},"end":{"line":45,"column":null}}},"3":{"name":"(anonymous_6)","decl":{"start":{"line":28,"column":31},"end":{"line":28,"column":32}},"loc":{"start":{"line":28,"column":49},"end":{"line":44,"column":null}}},"4":{"name":"(anonymous_7)","decl":{"start":{"line":38,"column":42},"end":{"line":38,"column":43}},"loc":{"start":{"line":38,"column":49},"end":{"line":40,"column":null}}},"5":{"name":"(anonymous_8)","decl":{"start":{"line":47,"column":2},"end":{"line":47,"column":15}},"loc":{"start":{"line":47,"column":41},"end":{"line":51,"column":null}}}},"branchMap":{"0":{"loc":{"start":{"line":29,"column":6},"end":{"line":43,"column":null}},"type":"if","locations":[{"start":{"line":29,"column":6},"end":{"line":43,"column":null}},{"start":{"line":29,"column":6},"end":{"line":43,"column":null}}]},"1":{"loc":{"start":{"line":48,"column":4},"end":{"line":50,"column":null}},"type":"if","locations":[{"start":{"line":48,"column":4},"end":{"line":50,"column":null}},{"start":{"line":48,"column":4},"end":{"line":50,"column":null}}]}},"s":{"0":2,"1":2,"2":2,"3":2,"4":2,"5":2,"6":2,"7":2,"8":1,"9":1,"10":1,"11":3,"12":1,"13":1,"14":1,"15":1,"16":1,"17":1,"18":1,"19":1,"20":1,"21":0,"22":0,"23":2,"24":0,"25":0,"26":4,"27":2},"f":{"0":2,"1":1,"2":1,"3":1,"4":0,"5":0},"b":{"0":[1,0],"1":[0,0]}}
,"/Users/Niall.Bunting/work/cvs/cvs-app-vtm/src/app/modal/modal.effects.ts": {"path":"/Users/Niall.Bunting/work/cvs/cvs-app-vtm/src/app/modal/modal.effects.ts","statementMap":{"0":{"start":{"line":1,"column":0},"end":{"line":1,"column":null}},"1":{"start":{"line":2,"column":0},"end":{"line":2,"column":null}},"2":{"start":{"line":3,"column":0},"end":{"line":3,"column":null}},"3":{"start":{"line":4,"column":0},"end":{"line":4,"column":null}},"4":{"start":{"line":5,"column":0},"end":{"line":5,"column":null}},"5":{"start":{"line":6,"column":0},"end":{"line":6,"column":null}},"6":{"start":{"line":8,"column":0},"end":{"line":8,"column":null}},"7":{"start":{"line":10,"column":0},"end":{"line":10,"column":null}},"8":{"start":{"line":12,"column":0},"end":{"line":12,"column":null}},"9":{"start":{"line":16,"column":0},"end":{"line":16,"column":13}},"10":{"start":{"line":43,"column":2},"end":{"line":43,"column":null}},"11":{"start":{"line":44,"column":12},"end":{"line":44,"column":19}},"12":{"start":{"line":45,"column":12},"end":{"line":45,"column":22}},"13":{"start":{"line":46,"column":12},"end":{"line":46,"column":20}},"14":{"start":{"line":18,"column":2},"end":{"line":18,"column":15}},"15":{"start":{"line":21,"column":10},"end":{"line":21,"column":18}},"16":{"start":{"line":21,"column":18},"end":{"line":21,"column":55}},"17":{"start":{"line":21,"column":60},"end":{"line":21,"column":69}},"18":{"start":{"line":23,"column":22},"end":{"line":23,"column":null}},"19":{"start":{"line":25,"column":6},"end":{"line":25,"column":13}},"20":{"start":{"line":26,"column":6},"end":{"line":28,"column":null}},"21":{"start":{"line":27,"column":8},"end":{"line":27,"column":15}},"22":{"start":{"line":29,"column":6},"end":{"line":29,"column":13}},"23":{"start":{"line":34,"column":2},"end":{"line":34,"column":15}},"24":{"start":{"line":36,"column":20},"end":{"line":36,"column":26}},"25":{"start":{"line":38,"column":6},"end":{"line":38,"column":10}},"26":{"start":{"line":39,"column":6},"end":{"line":39,"column":13}},"27":{"start":{"line":16,"column":13},"end":{"line":16,"column":25}},"28":{"start":{"line":48,"column":0},"end":{"line":48,"column":1}}},"fnMap":{"0":{"name":"(anonymous_2)","decl":{"start":{"line":16,"column":0},"end":{"line":16,"column":13}},"loc":{"start":{"line":16,"column":0},"end":{"line":48,"column":null}}},"1":{"name":"ModalEffects","decl":{"start":{"line":43,"column":2},"end":{"line":43,"column":null}},"loc":{"start":{"line":46,"column":26},"end":{"line":47,"column":null}}},"2":{"name":"(anonymous_4)","decl":{"start":{"line":21,"column":8},"end":{"line":21,"column":9}},"loc":{"start":{"line":21,"column":55},"end":{"line":21,"column":null}}},"3":{"name":"(anonymous_5)","decl":{"start":{"line":22,"column":14},"end":{"line":22,"column":15}},"loc":{"start":{"line":22,"column":37},"end":{"line":30,"column":null}}},"4":{"name":"(anonymous_6)","decl":{"start":{"line":36,"column":8},"end":{"line":36,"column":9}},"loc":{"start":{"line":36,"column":15},"end":{"line":36,"column":null}}},"5":{"name":"(anonymous_7)","decl":{"start":{"line":37,"column":14},"end":{"line":37,"column":15}},"loc":{"start":{"line":37,"column":36},"end":{"line":40,"column":null}}}},"branchMap":{"0":{"loc":{"start":{"line":26,"column":6},"end":{"line":28,"column":null}},"type":"if","locations":[{"start":{"line":26,"column":6},"end":{"line":28,"column":null}},{"start":{"line":26,"column":6},"end":{"line":28,"column":null}}]}},"s":{"0":4,"1":4,"2":4,"3":4,"4":4,"5":4,"6":4,"7":4,"8":4,"9":4,"10":2,"11":2,"12":2,"13":2,"14":6,"15":1,"16":1,"17":1,"18":1,"19":1,"20":1,"21":1,"22":1,"23":6,"24":1,"25":1,"26":1,"27":8,"28":4},"f":{"0":4,"1":2,"2":1,"3":1,"4":1,"5":1},"b":{"0":[1,0]}}
,"/Users/Niall.Bunting/work/cvs/cvs-app-vtm/src/app/modal/modal.module.ts": {"path":"/Users/Niall.Bunting/work/cvs/cvs-app-vtm/src/app/modal/modal.module.ts","statementMap":{"0":{"start":{"line":1,"column":0},"end":{"line":1,"column":null}},"1":{"start":{"line":2,"column":0},"end":{"line":2,"column":null}},"2":{"start":{"line":3,"column":0},"end":{"line":3,"column":null}},"3":{"start":{"line":4,"column":0},"end":{"line":4,"column":null}},"4":{"start":{"line":5,"column":0},"end":{"line":5,"column":null}},"5":{"start":{"line":6,"column":0},"end":{"line":6,"column":null}},"6":{"start":{"line":7,"column":0},"end":{"line":7,"column":null}},"7":{"start":{"line":15,"column":0},"end":{"line":15,"column":13}},"8":{"start":{"line":15,"column":13},"end":{"line":15,"column":24}},"9":{"start":{"line":15,"column":26},"end":{"line":15,"column":27}}},"fnMap":{"0":{"name":"(anonymous_1)","decl":{"start":{"line":15,"column":0},"end":{"line":15,"column":13}},"loc":{"start":{"line":15,"column":0},"end":{"line":15,"column":null}}}},"branchMap":{},"s":{"0":1,"1":1,"2":1,"3":1,"4":1,"5":1,"6":1,"7":1,"8":2,"9":1},"f":{"0":2},"b":{}}
,"/Users/Niall.Bunting/work/cvs/cvs-app-vtm/src/app/modal/modal.reducer.ts": {"path":"/Users/Niall.Bunting/work/cvs/cvs-app-vtm/src/app/modal/modal.reducer.ts","statementMap":{"0":{"start":{"line":1,"column":0},"end":{"line":1,"column":null}},"1":{"start":{"line":2,"column":0},"end":{"line":2,"column":null}},"2":{"start":{"line":10,"column":13},"end":{"line":10,"column":45}},"3":{"start":{"line":15,"column":2},"end":{"line":15,"column":null}},"4":{"start":{"line":15,"column":2},"end":{"line":15,"column":22}},"5":{"start":{"line":18,"column":2},"end":{"line":18,"column":10}},"6":{"start":{"line":20,"column":6},"end":{"line":20,"column":null}},"7":{"start":{"line":28,"column":6},"end":{"line":28,"column":null}},"8":{"start":{"line":36,"column":6},"end":{"line":36,"column":13}},"9":{"start":{"line":14,"column":0},"end":{"line":14,"column":null}}},"fnMap":{"0":{"name":"ModalReducer","decl":{"start":{"line":14,"column":0},"end":{"line":14,"column":null}},"loc":{"start":{"line":16,"column":27},"end":{"line":38,"column":null}}}},"branchMap":{"0":{"loc":{"start":{"line":15,"column":2},"end":{"line":15,"column":null}},"type":"if","locations":[{"start":{"line":15,"column":2},"end":{"line":15,"column":null}},{"start":{"line":15,"column":2},"end":{"line":15,"column":null}}]},"1":{"loc":{"start":{"line":19,"column":4},"end":{"line":25,"column":null}},"type":"switch","locations":[{"start":{"line":19,"column":4},"end":{"line":25,"column":null}},{"start":{"line":27,"column":4},"end":{"line":33,"column":null}},{"start":{"line":35,"column":4},"end":{"line":36,"column":13}}]}},"s":{"0":7,"1":7,"2":7,"3":3,"4":0,"5":3,"6":1,"7":1,"8":1,"9":7},"f":{"0":3},"b":{"0":[0,3],"1":[1,1,1]}}
,"/Users/Niall.Bunting/work/cvs/cvs-app-vtm/src/app/modal/modal.selectors.ts": {"path":"/Users/Niall.Bunting/work/cvs/cvs-app-vtm/src/app/modal/modal.selectors.ts","statementMap":{"0":{"start":{"line":1,"column":0},"end":{"line":1,"column":null}},"1":{"start":{"line":4,"column":13},"end":{"line":4,"column":29}},"2":{"start":{"line":6,"column":13},"end":{"line":6,"column":36}},"3":{"start":{"line":6,"column":89},"end":{"line":6,"column":94}},"4":{"start":{"line":8,"column":13},"end":{"line":8,"column":31}},"5":{"start":{"line":10,"column":25},"end":{"line":10,"column":30}}},"fnMap":{"0":{"name":"(anonymous_0)","decl":{"start":{"line":6,"column":66},"end":{"line":6,"column":67}},"loc":{"start":{"line":6,"column":84},"end":{"line":6,"column":null}}},"1":{"name":"(anonymous_1)","decl":{"start":{"line":10,"column":2},"end":{"line":10,"column":3}},"loc":{"start":{"line":10,"column":20},"end":{"line":10,"column":null}}}},"branchMap":{},"s":{"0":30,"1":30,"2":30,"3":2,"4":30,"5":0},"f":{"0":2,"1":0},"b":{}}
,"/Users/Niall.Bunting/work/cvs/cvs-app-vtm/src/app/modal/components/lose-changes/lose-changes.component.html": {"data":{"path":"/Users/Niall.Bunting/work/cvs/cvs-app-vtm/src/app/modal/components/lose-changes/lose-changes.component.html","statementMap":{"0":{"start":{"line":1,"column":0},"end":{"line":1,"column":526}}},"fnMap":{},"branchMap":{},"s":{"0":2},"f":{},"b":{},"_coverageSchema":"43e27e138ebf9cfc5966b082cf9a028302ed4184","hash":"465396b98958bccc8b60981c6545f0ec8a9c88fb"}}
,"/Users/Niall.Bunting/work/cvs/cvs-app-vtm/src/app/modal/components/lose-changes/lose-changes.component.ts": {"path":"/Users/Niall.Bunting/work/cvs/cvs-app-vtm/src/app/modal/components/lose-changes/lose-changes.component.ts","statementMap":{"0":{"start":{"line":1,"column":0},"end":{"line":1,"column":null}},"1":{"start":{"line":10,"column":0},"end":{"line":10,"column":13}},"2":{"start":{"line":11,"column":12},"end":{"line":11,"column":29}},"3":{"start":{"line":15,"column":2},"end":{"line":15,"column":15}},"4":{"start":{"line":17,"column":2},"end":{"line":17,"column":null}},"5":{"start":{"line":18,"column":4},"end":{"line":18,"column":9}},"6":{"start":{"line":21,"column":2},"end":{"line":21,"column":null}},"7":{"start":{"line":22,"column":4},"end":{"line":22,"column":9}},"8":{"start":{"line":10,"column":13},"end":{"line":10,"column":33}},"9":{"start":{"line":24,"column":0},"end":{"line":24,"column":1}}},"fnMap":{"0":{"name":"(anonymous_2)","decl":{"start":{"line":10,"column":0},"end":{"line":10,"column":13}},"loc":{"start":{"line":10,"column":0},"end":{"line":24,"column":null}}},"1":{"name":"LoseChangesComponent","decl":{"start":{"line":13,"column":2},"end":{"line":13,"column":18}},"loc":{"start":{"line":13,"column":2},"end":{"line":13,"column":null}}},"2":{"name":"(anonymous_4)","decl":{"start":{"line":15,"column":2},"end":{"line":15,"column":15}},"loc":{"start":{"line":15,"column":2},"end":{"line":15,"column":null}}},"3":{"name":"(anonymous_5)","decl":{"start":{"line":17,"column":2},"end":{"line":17,"column":null}},"loc":{"start":{"line":17,"column":2},"end":{"line":19,"column":null}}},"4":{"name":"(anonymous_6)","decl":{"start":{"line":21,"column":2},"end":{"line":21,"column":null}},"loc":{"start":{"line":21,"column":2},"end":{"line":23,"column":null}}}},"branchMap":{},"s":{"0":2,"1":2,"2":5,"3":2,"4":2,"5":1,"6":2,"7":1,"8":4,"9":2},"f":{"0":2,"1":3,"2":3,"3":1,"4":1},"b":{}}
,"/Users/Niall.Bunting/work/cvs/cvs-app-vtm/src/app/multiple-records/multiple-records.component.html": {"data":{"path":"/Users/Niall.Bunting/work/cvs/cvs-app-vtm/src/app/multiple-records/multiple-records.component.html","statementMap":{"0":{"start":{"line":1,"column":0},"end":{"line":1,"column":4669}}},"fnMap":{},"branchMap":{},"s":{"0":1},"f":{},"b":{},"_coverageSchema":"43e27e138ebf9cfc5966b082cf9a028302ed4184","hash":"fcbaa9ba76813de227c6a5793726adc0035181b8"}}
,"/Users/Niall.Bunting/work/cvs/cvs-app-vtm/src/app/multiple-records/multiple-records.component.ts": {"path":"/Users/Niall.Bunting/work/cvs/cvs-app-vtm/src/app/multiple-records/multiple-records.component.ts","statementMap":{"0":{"start":{"line":1,"column":0},"end":{"line":1,"column":null}},"1":{"start":{"line":16,"column":0},"end":{"line":16,"column":13}},"2":{"start":{"line":18,"column":12},"end":{"line":18,"column":35}},"3":{"start":{"line":22,"column":2},"end":{"line":22,"column":15}},"4":{"start":{"line":24,"column":2},"end":{"line":24,"column":31}},"5":{"start":{"line":25,"column":4},"end":{"line":25,"column":9}},"6":{"start":{"line":17,"column":11},"end":{"line":17,"column":56}},"7":{"start":{"line":16,"column":13},"end":{"line":16,"column":37}},"8":{"start":{"line":27,"column":0},"end":{"line":27,"column":1}}},"fnMap":{"0":{"name":"(anonymous_2)","decl":{"start":{"line":16,"column":0},"end":{"line":16,"column":13}},"loc":{"start":{"line":16,"column":0},"end":{"line":27,"column":null}}},"1":{"name":"MultipleRecordsComponent","decl":{"start":{"line":20,"column":2},"end":{"line":20,"column":18}},"loc":{"start":{"line":20,"column":2},"end":{"line":20,"column":null}}},"2":{"name":"(anonymous_4)","decl":{"start":{"line":22,"column":2},"end":{"line":22,"column":15}},"loc":{"start":{"line":22,"column":2},"end":{"line":22,"column":null}}},"3":{"name":"(anonymous_5)","decl":{"start":{"line":24,"column":2},"end":{"line":24,"column":31}},"loc":{"start":{"line":24,"column":72},"end":{"line":26,"column":null}}}},"branchMap":{},"s":{"0":1,"1":1,"2":2,"3":1,"4":1,"5":0,"6":1,"7":2,"8":1},"f":{"0":1,"1":1,"2":1,"3":0},"b":{}}
,"/Users/Niall.Bunting/work/cvs/cvs-app-vtm/src/app/multiple-records/multiple-records.container.ts": {"path":"/Users/Niall.Bunting/work/cvs/cvs-app-vtm/src/app/multiple-records/multiple-records.container.ts","statementMap":{"0":{"start":{"line":1,"column":0},"end":{"line":1,"column":null}},"1":{"start":{"line":3,"column":0},"end":{"line":3,"column":null}},"2":{"start":{"line":6,"column":0},"end":{"line":6,"column":null}},"3":{"start":{"line":8,"column":0},"end":{"line":8,"column":null}},"4":{"start":{"line":9,"column":0},"end":{"line":9,"column":null}},"5":{"start":{"line":24,"column":0},"end":{"line":24,"column":13}},"6":{"start":{"line":27,"column":22},"end":{"line":27,"column":29}},"7":{"start":{"line":28,"column":4},"end":{"line":28,"column":9}},"8":{"start":{"line":31,"column":2},"end":{"line":31,"column":21}},"9":{"start":{"line":33,"column":2},"end":{"line":33,"column":33}},"10":{"start":{"line":34,"column":4},"end":{"line":34,"column":9}},"11":{"start":{"line":24,"column":13},"end":{"line":24,"column":37}},"12":{"start":{"line":41,"column":0},"end":{"line":41,"column":1}}},"fnMap":{"0":{"name":"(anonymous_2)","decl":{"start":{"line":24,"column":0},"end":{"line":24,"column":13}},"loc":{"start":{"line":24,"column":0},"end":{"line":41,"column":null}}},"1":{"name":"MultipleRecordsContainer","decl":{"start":{"line":27,"column":2},"end":{"line":27,"column":22}},"loc":{"start":{"line":27,"column":45},"end":{"line":29,"column":null}}},"2":{"name":"(anonymous_4)","decl":{"start":{"line":31,"column":2},"end":{"line":31,"column":21}},"loc":{"start":{"line":31,"column":2},"end":{"line":31,"column":null}}},"3":{"name":"(anonymous_5)","decl":{"start":{"line":33,"column":2},"end":{"line":33,"column":33}},"loc":{"start":{"line":33,"column":74},"end":{"line":40,"column":null}}}},"branchMap":{},"s":{"0":1,"1":1,"2":1,"3":1,"4":1,"5":1,"6":2,"7":2,"8":1,"9":1,"10":1,"11":2,"12":1},"f":{"0":1,"1":2,"2":2,"3":1},"b":{}}
,"/Users/Niall.Bunting/work/cvs/cvs-app-vtm/src/app/pipes/DefaultNullOrEmptyPipe.ts": {"path":"/Users/Niall.Bunting/work/cvs/cvs-app-vtm/src/app/pipes/DefaultNullOrEmptyPipe.ts","statementMap":{"0":{"start":{"line":1,"column":0},"end":{"line":1,"column":null}},"1":{"start":{"line":4,"column":0},"end":{"line":4,"column":13}},"2":{"start":{"line":5,"column":2},"end":{"line":5,"column":12}},"3":{"start":{"line":6,"column":4},"end":{"line":12,"column":null}},"4":{"start":{"line":7,"column":6},"end":{"line":7,"column":13}},"5":{"start":{"line":8,"column":11},"end":{"line":12,"column":null}},"6":{"start":{"line":9,"column":6},"end":{"line":9,"column":13}},"7":{"start":{"line":11,"column":6},"end":{"line":11,"column":13}},"8":{"start":{"line":4,"column":13},"end":{"line":4,"column":31}},"9":{"start":{"line":14,"column":0},"end":{"line":14,"column":1}}},"fnMap":{"0":{"name":"(anonymous_1)","decl":{"start":{"line":4,"column":0},"end":{"line":4,"column":13}},"loc":{"start":{"line":4,"column":0},"end":{"line":14,"column":null}}},"1":{"name":"(anonymous_3)","decl":{"start":{"line":5,"column":2},"end":{"line":5,"column":12}},"loc":{"start":{"line":5,"column":22},"end":{"line":13,"column":null}}}},"branchMap":{"0":{"loc":{"start":{"line":6,"column":4},"end":{"line":12,"column":null}},"type":"if","locations":[{"start":{"line":6,"column":4},"end":{"line":12,"column":null}},{"start":{"line":6,"column":4},"end":{"line":12,"column":null}}]},"1":{"loc":{"start":{"line":7,"column":39},"end":{"line":7,"column":47}},"type":"cond-expr","locations":[{"start":{"line":7,"column":39},"end":{"line":7,"column":47}},{"start":{"line":7,"column":47},"end":{"line":7,"column":null}}]},"2":{"loc":{"start":{"line":8,"column":11},"end":{"line":12,"column":null}},"type":"if","locations":[{"start":{"line":8,"column":11},"end":{"line":12,"column":null}},{"start":{"line":8,"column":11},"end":{"line":12,"column":null}}]},"3":{"loc":{"start":{"line":9,"column":21},"end":{"line":9,"column":29}},"type":"cond-expr","locations":[{"start":{"line":9,"column":21},"end":{"line":9,"column":29}},{"start":{"line":9,"column":29},"end":{"line":9,"column":null}}]},"4":{"loc":{"start":{"line":11,"column":29},"end":{"line":11,"column":35}},"type":"cond-expr","locations":[{"start":{"line":11,"column":29},"end":{"line":11,"column":35}},{"start":{"line":11,"column":35},"end":{"line":11,"column":null}}]}},"s":{"0":64,"1":64,"2":64,"3":361,"4":152,"5":209,"6":19,"7":190,"8":128,"9":64},"f":{"0":145,"1":361},"b":{"0":[152,209],"1":[125,27],"2":[19,190],"3":[11,8],"4":[130,60]}}
,"/Users/Niall.Bunting/work/cvs/cvs-app-vtm/src/app/pipes/FilterMultipleRecordsPipe.ts": {"path":"/Users/Niall.Bunting/work/cvs/cvs-app-vtm/src/app/pipes/FilterMultipleRecordsPipe.ts","statementMap":{"0":{"start":{"line":1,"column":0},"end":{"line":1,"column":null}},"1":{"start":{"line":6,"column":0},"end":{"line":6,"column":13}},"2":{"start":{"line":7,"column":2},"end":{"line":7,"column":12}},"3":{"start":{"line":8,"column":40},"end":{"line":8,"column":59}},"4":{"start":{"line":10,"column":4},"end":{"line":10,"column":27}},"5":{"start":{"line":11,"column":22},"end":{"line":11,"column":26}},"6":{"start":{"line":12,"column":22},"end":{"line":12,"column":26}},"7":{"start":{"line":14,"column":6},"end":{"line":18,"column":null}},"8":{"start":{"line":15,"column":8},"end":{"line":15,"column":15}},"9":{"start":{"line":17,"column":8},"end":{"line":17,"column":15}},"10":{"start":{"line":20,"column":4},"end":{"line":20,"column":11}},"11":{"start":{"line":23,"column":2},"end":{"line":23,"column":12}},"12":{"start":{"line":26,"column":4},"end":{"line":26,"column":10}},"13":{"start":{"line":27,"column":28},"end":{"line":27,"column":32}},"14":{"start":{"line":29,"column":4},"end":{"line":31,"column":null}},"15":{"start":{"line":30,"column":6},"end":{"line":30,"column":13}},"16":{"start":{"line":33,"column":4},"end":{"line":33,"column":10}},"17":{"start":{"line":34,"column":28},"end":{"line":34,"column":32}},"18":{"start":{"line":36,"column":4},"end":{"line":38,"column":null}},"19":{"start":{"line":37,"column":6},"end":{"line":37,"column":13}},"20":{"start":{"line":40,"column":4},"end":{"line":40,"column":10}},"21":{"start":{"line":41,"column":36},"end":{"line":41,"column":40}},"22":{"start":{"line":42,"column":22},"end":{"line":42,"column":26}},"23":{"start":{"line":44,"column":4},"end":{"line":44,"column":11}},"24":{"start":{"line":6,"column":13},"end":{"line":6,"column":38}},"25":{"start":{"line":46,"column":0},"end":{"line":46,"column":1}}},"fnMap":{"0":{"name":"(anonymous_1)","decl":{"start":{"line":6,"column":0},"end":{"line":6,"column":13}},"loc":{"start":{"line":6,"column":0},"end":{"line":46,"column":null}}},"1":{"name":"(anonymous_3)","decl":{"start":{"line":7,"column":2},"end":{"line":7,"column":12}},"loc":{"start":{"line":7,"column":57},"end":{"line":21,"column":null}}},"2":{"name":"(anonymous_4)","decl":{"start":{"line":10,"column":33},"end":{"line":10,"column":34}},"loc":{"start":{"line":10,"column":38},"end":{"line":19,"column":null}}},"3":{"name":"(anonymous_5)","decl":{"start":{"line":23,"column":2},"end":{"line":23,"column":12}},"loc":{"start":{"line":23,"column":53},"end":{"line":45,"column":null}}},"4":{"name":"(anonymous_6)","decl":{"start":{"line":27,"column":6},"end":{"line":27,"column":7}},"loc":{"start":{"line":27,"column":23},"end":{"line":27,"column":null}}},"5":{"name":"(anonymous_7)","decl":{"start":{"line":34,"column":6},"end":{"line":34,"column":7}},"loc":{"start":{"line":34,"column":23},"end":{"line":34,"column":null}}},"6":{"name":"(anonymous_8)","decl":{"start":{"line":41,"column":14},"end":{"line":41,"column":15}},"loc":{"start":{"line":41,"column":31},"end":{"line":41,"column":null}}},"7":{"name":"(anonymous_9)","decl":{"start":{"line":42,"column":12},"end":{"line":42,"column":13}},"loc":{"start":{"line":42,"column":17},"end":{"line":42,"column":89}}}},"branchMap":{"0":{"loc":{"start":{"line":14,"column":6},"end":{"line":18,"column":null}},"type":"if","locations":[{"start":{"line":14,"column":6},"end":{"line":18,"column":null}},{"start":{"line":14,"column":6},"end":{"line":18,"column":null}}]},"1":{"loc":{"start":{"line":29,"column":4},"end":{"line":31,"column":null}},"type":"if","locations":[{"start":{"line":29,"column":4},"end":{"line":31,"column":null}},{"start":{"line":29,"column":4},"end":{"line":31,"column":null}}]},"2":{"loc":{"start":{"line":36,"column":4},"end":{"line":38,"column":null}},"type":"if","locations":[{"start":{"line":36,"column":4},"end":{"line":38,"column":null}},{"start":{"line":36,"column":4},"end":{"line":38,"column":null}}]}},"s":{"0":64,"1":64,"2":69,"3":5,"4":5,"5":12,"6":12,"7":12,"8":12,"9":0,"10":5,"11":64,"12":24,"13":32,"14":24,"15":8,"16":16,"17":24,"18":16,"19":8,"20":8,"21":16,"22":8,"23":8,"24":128,"25":64},"f":{"0":66,"1":5,"2":12,"3":24,"4":32,"5":24,"6":16,"7":8},"b":{"0":[12,0],"1":[8,16],"2":[8,8]}}
,"/Users/Niall.Bunting/work/cvs/cvs-app-vtm/src/app/pipes/FilterRecordPipe.ts": {"path":"/Users/Niall.Bunting/work/cvs/cvs-app-vtm/src/app/pipes/FilterRecordPipe.ts","statementMap":{"0":{"start":{"line":1,"column":0},"end":{"line":1,"column":null}},"1":{"start":{"line":3,"column":0},"end":{"line":3,"column":13}},"2":{"start":{"line":4,"column":2},"end":{"line":4,"column":12}},"3":{"start":{"line":5,"column":4},"end":{"line":23,"column":null}},"4":{"start":{"line":6,"column":20},"end":{"line":6,"column":34}},"5":{"start":{"line":6,"column":57},"end":{"line":6,"column":63}},"6":{"start":{"line":7,"column":6},"end":{"line":9,"column":null}},"7":{"start":{"line":8,"column":8},"end":{"line":8,"column":15}},"8":{"start":{"line":11,"column":6},"end":{"line":11,"column":13}},"9":{"start":{"line":11,"column":53},"end":{"line":11,"column":59}},"10":{"start":{"line":12,"column":6},"end":{"line":14,"column":null}},"11":{"start":{"line":13,"column":8},"end":{"line":13,"column":15}},"12":{"start":{"line":16,"column":6},"end":{"line":16,"column":13}},"13":{"start":{"line":16,"column":55},"end":{"line":16,"column":61}},"14":{"start":{"line":17,"column":6},"end":{"line":17,"column":13}},"15":{"start":{"line":17,"column":29},"end":{"line":17,"column":33}},"16":{"start":{"line":18,"column":6},"end":{"line":20,"column":null}},"17":{"start":{"line":19,"column":8},"end":{"line":19,"column":15}},"18":{"start":{"line":22,"column":6},"end":{"line":22,"column":13}},"19":{"start":{"line":3,"column":13},"end":{"line":3,"column":29}},"20":{"start":{"line":25,"column":0},"end":{"line":25,"column":1}}},"fnMap":{"0":{"name":"(anonymous_1)","decl":{"start":{"line":3,"column":0},"end":{"line":3,"column":13}},"loc":{"start":{"line":3,"column":0},"end":{"line":25,"column":null}}},"1":{"name":"(anonymous_3)","decl":{"start":{"line":4,"column":2},"end":{"line":4,"column":12}},"loc":{"start":{"line":4,"column":31},"end":{"line":24,"column":null}}},"2":{"name":"(anonymous_4)","decl":{"start":{"line":6,"column":40},"end":{"line":6,"column":41}},"loc":{"start":{"line":6,"column":52},"end":{"line":6,"column":null}}},"3":{"name":"(anonymous_5)","decl":{"start":{"line":11,"column":36},"end":{"line":11,"column":37}},"loc":{"start":{"line":11,"column":48},"end":{"line":11,"column":null}}},"4":{"name":"(anonymous_6)","decl":{"start":{"line":16,"column":38},"end":{"line":16,"column":39}},"loc":{"start":{"line":16,"column":50},"end":{"line":16,"column":null}}},"5":{"name":"(anonymous_7)","decl":{"start":{"line":17,"column":19},"end":{"line":17,"column":20}},"loc":{"start":{"line":17,"column":24},"end":{"line":17,"column":null}}}},"branchMap":{"0":{"loc":{"start":{"line":5,"column":4},"end":{"line":23,"column":null}},"type":"if","locations":[{"start":{"line":5,"column":4},"end":{"line":23,"column":null}},{"start":{"line":5,"column":4},"end":{"line":23,"column":null}}]},"1":{"loc":{"start":{"line":5,"column":8},"end":{"line":5,"column":22}},"type":"binary-expr","locations":[{"start":{"line":5,"column":8},"end":{"line":5,"column":22}},{"start":{"line":5,"column":26},"end":{"line":5,"column":31}}]},"2":{"loc":{"start":{"line":7,"column":6},"end":{"line":9,"column":null}},"type":"if","locations":[{"start":{"line":7,"column":6},"end":{"line":9,"column":null}},{"start":{"line":7,"column":6},"end":{"line":9,"column":null}}]},"3":{"loc":{"start":{"line":12,"column":6},"end":{"line":14,"column":null}},"type":"if","locations":[{"start":{"line":12,"column":6},"end":{"line":14,"column":null}},{"start":{"line":12,"column":6},"end":{"line":14,"column":null}}]},"4":{"loc":{"start":{"line":18,"column":6},"end":{"line":20,"column":null}},"type":"if","locations":[{"start":{"line":18,"column":6},"end":{"line":20,"column":null}},{"start":{"line":18,"column":6},"end":{"line":20,"column":null}}]}},"s":{"0":64,"1":64,"2":64,"3":5,"4":4,"5":6,"6":4,"7":1,"8":3,"9":4,"10":3,"11":1,"12":2,"13":3,"14":2,"15":1,"16":2,"17":2,"18":1,"19":128,"20":64},"f":{"0":66,"1":5,"2":6,"3":4,"4":3,"5":1},"b":{"0":[4,1],"1":[5,4],"2":[1,3],"3":[1,2],"4":[2,0]}}
,"/Users/Niall.Bunting/work/cvs/cvs-app-vtm/src/app/pipes/IsPrimaryVrmPipe.ts": {"path":"/Users/Niall.Bunting/work/cvs/cvs-app-vtm/src/app/pipes/IsPrimaryVrmPipe.ts","statementMap":{"0":{"start":{"line":1,"column":0},"end":{"line":1,"column":null}},"1":{"start":{"line":3,"column":0},"end":{"line":3,"column":13}},"2":{"start":{"line":4,"column":2},"end":{"line":4,"column":12}},"3":{"start":{"line":5,"column":4},"end":{"line":7,"column":null}},"4":{"start":{"line":6,"column":6},"end":{"line":6,"column":13}},"5":{"start":{"line":6,"column":47},"end":{"line":6,"column":54}},"6":{"start":{"line":3,"column":13},"end":{"line":3,"column":29}},"7":{"start":{"line":9,"column":0},"end":{"line":9,"column":1}}},"fnMap":{"0":{"name":"(anonymous_1)","decl":{"start":{"line":3,"column":0},"end":{"line":3,"column":13}},"loc":{"start":{"line":3,"column":0},"end":{"line":9,"column":null}}},"1":{"name":"(anonymous_3)","decl":{"start":{"line":4,"column":2},"end":{"line":4,"column":12}},"loc":{"start":{"line":4,"column":45},"end":{"line":8,"column":null}}},"2":{"name":"(anonymous_4)","decl":{"start":{"line":6,"column":29},"end":{"line":6,"column":30}},"loc":{"start":{"line":6,"column":42},"end":{"line":6,"column":null}}}},"branchMap":{"0":{"loc":{"start":{"line":5,"column":4},"end":{"line":7,"column":null}},"type":"if","locations":[{"start":{"line":5,"column":4},"end":{"line":7,"column":null}},{"start":{"line":5,"column":4},"end":{"line":7,"column":null}}]}},"s":{"0":64,"1":64,"2":64,"3":3,"4":2,"5":4,"6":128,"7":64},"f":{"0":66,"1":3,"2":4},"b":{"0":[2,1]}}
,"/Users/Niall.Bunting/work/cvs/cvs-app-vtm/src/app/pipes/OrderByStatusPipe.ts": {"path":"/Users/Niall.Bunting/work/cvs/cvs-app-vtm/src/app/pipes/OrderByStatusPipe.ts","statementMap":{"0":{"start":{"line":1,"column":0},"end":{"line":1,"column":null}},"1":{"start":{"line":5,"column":0},"end":{"line":5,"column":13}},"2":{"start":{"line":6,"column":2},"end":{"line":6,"column":12}},"3":{"start":{"line":7,"column":4},"end":{"line":32,"column":null}},"4":{"start":{"line":8,"column":29},"end":{"line":8,"column":null}},"5":{"start":{"line":9,"column":32},"end":{"line":9,"column":46}},"6":{"start":{"line":10,"column":32},"end":{"line":10,"column":38}},"7":{"start":{"line":12,"column":6},"end":{"line":14,"column":null}},"8":{"start":{"line":13,"column":8},"end":{"line":13,"column":22}},"9":{"start":{"line":16,"column":6},"end":{"line":16,"column":13}},"10":{"start":{"line":16,"column":60},"end":{"line":16,"column":66}},"11":{"start":{"line":17,"column":6},"end":{"line":19,"column":null}},"12":{"start":{"line":18,"column":8},"end":{"line":18,"column":22}},"13":{"start":{"line":21,"column":44},"end":{"line":21,"column":58}},"14":{"start":{"line":22,"column":32},"end":{"line":22,"column":38}},"15":{"start":{"line":24,"column":6},"end":{"line":24,"column":21}},"16":{"start":{"line":25,"column":18},"end":{"line":25,"column":22}},"17":{"start":{"line":27,"column":6},"end":{"line":29,"column":null}},"18":{"start":{"line":28,"column":8},"end":{"line":28,"column":23}},"19":{"start":{"line":28,"column":45},"end":{"line":28,"column":59}},"20":{"start":{"line":31,"column":6},"end":{"line":31,"column":13}},"21":{"start":{"line":5,"column":13},"end":{"line":5,"column":30}},"22":{"start":{"line":34,"column":0},"end":{"line":34,"column":1}}},"fnMap":{"0":{"name":"(anonymous_1)","decl":{"start":{"line":5,"column":0},"end":{"line":5,"column":13}},"loc":{"start":{"line":5,"column":0},"end":{"line":34,"column":null}}},"1":{"name":"(anonymous_3)","decl":{"start":{"line":6,"column":2},"end":{"line":6,"column":12}},"loc":{"start":{"line":6,"column":40},"end":{"line":33,"column":null}}},"2":{"name":"(anonymous_4)","decl":{"start":{"line":10,"column":8},"end":{"line":10,"column":9}},"loc":{"start":{"line":10,"column":27},"end":{"line":10,"column":null}}},"3":{"name":"(anonymous_5)","decl":{"start":{"line":16,"column":36},"end":{"line":16,"column":37}},"loc":{"start":{"line":16,"column":55},"end":{"line":16,"column":null}}},"4":{"name":"(anonymous_6)","decl":{"start":{"line":22,"column":8},"end":{"line":22,"column":9}},"loc":{"start":{"line":22,"column":27},"end":{"line":22,"column":null}}},"5":{"name":"(anonymous_7)","decl":{"start":{"line":25,"column":8},"end":{"line":25,"column":9}},"loc":{"start":{"line":25,"column":13},"end":{"line":25,"column":null}}},"6":{"name":"(anonymous_8)","decl":{"start":{"line":28,"column":32},"end":{"line":28,"column":33}},"loc":{"start":{"line":28,"column":40},"end":{"line":28,"column":null}}}},"branchMap":{"0":{"loc":{"start":{"line":7,"column":4},"end":{"line":32,"column":null}},"type":"if","locations":[{"start":{"line":7,"column":4},"end":{"line":32,"column":null}},{"start":{"line":7,"column":4},"end":{"line":32,"column":null}}]},"1":{"loc":{"start":{"line":12,"column":6},"end":{"line":14,"column":null}},"type":"if","locations":[{"start":{"line":12,"column":6},"end":{"line":14,"column":null}},{"start":{"line":12,"column":6},"end":{"line":14,"column":null}}]},"2":{"loc":{"start":{"line":17,"column":6},"end":{"line":19,"column":null}},"type":"if","locations":[{"start":{"line":17,"column":6},"end":{"line":19,"column":null}},{"start":{"line":17,"column":6},"end":{"line":19,"column":null}}]},"3":{"loc":{"start":{"line":27,"column":6},"end":{"line":29,"column":null}},"type":"if","locations":[{"start":{"line":27,"column":6},"end":{"line":29,"column":null}},{"start":{"line":27,"column":6},"end":{"line":29,"column":null}}]}},"s":{"0":64,"1":64,"2":64,"3":7,"4":6,"5":6,"6":8,"7":6,"8":4,"9":6,"10":11,"11":6,"12":5,"13":6,"14":13,"15":6,"16":1,"17":6,"18":6,"19":4,"20":6,"21":128,"22":64},"f":{"0":68,"1":7,"2":8,"3":11,"4":13,"5":1,"6":4},"b":{"0":[6,1],"1":[4,2],"2":[5,1],"3":[6,0]}}
,"/Users/Niall.Bunting/work/cvs/cvs-app-vtm/src/app/pipes/SortByDatePipe.ts": {"path":"/Users/Niall.Bunting/work/cvs/cvs-app-vtm/src/app/pipes/SortByDatePipe.ts","statementMap":{"0":{"start":{"line":1,"column":0},"end":{"line":1,"column":null}},"1":{"start":{"line":4,"column":0},"end":{"line":4,"column":13}},"2":{"start":{"line":5,"column":2},"end":{"line":5,"column":12}},"3":{"start":{"line":6,"column":4},"end":{"line":10,"column":null}},"4":{"start":{"line":7,"column":6},"end":{"line":7,"column":13}},"5":{"start":{"line":8,"column":18},"end":{"line":8,"column":22}},"6":{"start":{"line":4,"column":13},"end":{"line":4,"column":27}},"7":{"start":{"line":12,"column":0},"end":{"line":12,"column":1}}},"fnMap":{"0":{"name":"(anonymous_1)","decl":{"start":{"line":4,"column":0},"end":{"line":4,"column":13}},"loc":{"start":{"line":4,"column":0},"end":{"line":12,"column":null}}},"1":{"name":"(anonymous_3)","decl":{"start":{"line":5,"column":2},"end":{"line":5,"column":12}},"loc":{"start":{"line":5,"column":43},"end":{"line":11,"column":null}}},"2":{"name":"(anonymous_4)","decl":{"start":{"line":8,"column":8},"end":{"line":8,"column":9}},"loc":{"start":{"line":8,"column":13},"end":{"line":8,"column":null}}}},"branchMap":{"0":{"loc":{"start":{"line":6,"column":4},"end":{"line":10,"column":null}},"type":"if","locations":[{"start":{"line":6,"column":4},"end":{"line":10,"column":null}},{"start":{"line":6,"column":4},"end":{"line":10,"column":null}}]}},"s":{"0":64,"1":64,"2":64,"3":5,"4":4,"5":4,"6":128,"7":64},"f":{"0":68,"1":5,"2":4},"b":{"0":[4,1]}}
,"/Users/Niall.Bunting/work/cvs/cvs-app-vtm/src/app/pipes/capitalize-string.ts": {"path":"/Users/Niall.Bunting/work/cvs/cvs-app-vtm/src/app/pipes/capitalize-string.ts","statementMap":{"0":{"start":{"line":1,"column":0},"end":{"line":1,"column":null}},"1":{"start":{"line":4,"column":0},"end":{"line":4,"column":13}},"2":{"start":{"line":5,"column":2},"end":{"line":5,"column":12}},"3":{"start":{"line":6,"column":4},"end":{"line":6,"column":11}},"4":{"start":{"line":4,"column":13},"end":{"line":4,"column":29}},"5":{"start":{"line":10,"column":0},"end":{"line":10,"column":1}}},"fnMap":{"0":{"name":"(anonymous_1)","decl":{"start":{"line":4,"column":0},"end":{"line":4,"column":13}},"loc":{"start":{"line":4,"column":0},"end":{"line":10,"column":null}}},"1":{"name":"(anonymous_3)","decl":{"start":{"line":5,"column":2},"end":{"line":5,"column":12}},"loc":{"start":{"line":5,"column":26},"end":{"line":9,"column":null}}}},"branchMap":{"0":{"loc":{"start":{"line":7,"column":8},"end":{"line":7,"column":47}},"type":"cond-expr","locations":[{"start":{"line":7,"column":8},"end":{"line":7,"column":47}},{"start":{"line":8,"column":8},"end":{"line":8,"column":null}}]}},"s":{"0":64,"1":64,"2":64,"3":20,"4":128,"5":64},"f":{"0":81,"1":20},"b":{"0":[19,1]}}
,"/Users/Niall.Bunting/work/cvs/cvs-app-vtm/src/app/pipes/display-by-delimiter.ts": {"path":"/Users/Niall.Bunting/work/cvs/cvs-app-vtm/src/app/pipes/display-by-delimiter.ts","statementMap":{"0":{"start":{"line":1,"column":0},"end":{"line":1,"column":null}},"1":{"start":{"line":4,"column":0},"end":{"line":4,"column":13}},"2":{"start":{"line":5,"column":2},"end":{"line":5,"column":12}},"3":{"start":{"line":6,"column":26},"end":{"line":6,"column":81}},"4":{"start":{"line":6,"column":72},"end":{"line":6,"column":76}},"5":{"start":{"line":7,"column":4},"end":{"line":7,"column":11}},"6":{"start":{"line":4,"column":13},"end":{"line":4,"column":31}},"7":{"start":{"line":9,"column":0},"end":{"line":9,"column":1}}},"fnMap":{"0":{"name":"(anonymous_1)","decl":{"start":{"line":4,"column":0},"end":{"line":4,"column":13}},"loc":{"start":{"line":4,"column":0},"end":{"line":9,"column":null}}},"1":{"name":"(anonymous_3)","decl":{"start":{"line":5,"column":2},"end":{"line":5,"column":12}},"loc":{"start":{"line":5,"column":59},"end":{"line":8,"column":null}}},"2":{"name":"(anonymous_4)","decl":{"start":{"line":6,"column":62},"end":{"line":6,"column":63}},"loc":{"start":{"line":6,"column":67},"end":{"line":6,"column":80}}}},"branchMap":{"0":{"loc":{"start":{"line":6,"column":47},"end":{"line":6,"column":54}},"type":"cond-expr","locations":[{"start":{"line":6,"column":47},"end":{"line":6,"column":54}},{"start":{"line":6,"column":80},"end":{"line":6,"column":81}}]}},"s":{"0":64,"1":64,"2":64,"3":23,"4":54,"5":23,"6":128,"7":64},"f":{"0":77,"1":23,"2":54},"b":{"0":[22,1]}}
,"/Users/Niall.Bunting/work/cvs/cvs-app-vtm/src/app/pipes/display-options.pipe.ts": {"path":"/Users/Niall.Bunting/work/cvs/cvs-app-vtm/src/app/pipes/display-options.pipe.ts","statementMap":{"0":{"start":{"line":1,"column":0},"end":{"line":1,"column":null}},"1":{"start":{"line":14,"column":0},"end":{"line":14,"column":13}},"2":{"start":{"line":15,"column":2},"end":{"line":15,"column":12}},"3":{"start":{"line":15,"column":34},"end":{"line":15,"column":null}},"4":{"start":{"line":15,"column":34},"end":{"line":15,"column":64}},"5":{"start":{"line":16,"column":4},"end":{"line":16,"column":11}},"6":{"start":{"line":17,"column":6},"end":{"line":17,"column":13}},"7":{"start":{"line":14,"column":13},"end":{"line":14,"column":31}},"8":{"start":{"line":24,"column":0},"end":{"line":24,"column":1}}},"fnMap":{"0":{"name":"(anonymous_1)","decl":{"start":{"line":14,"column":0},"end":{"line":14,"column":13}},"loc":{"start":{"line":14,"column":0},"end":{"line":24,"column":null}}},"1":{"name":"(anonymous_3)","decl":{"start":{"line":15,"column":2},"end":{"line":15,"column":12}},"loc":{"start":{"line":15,"column":64},"end":{"line":23,"column":null}}},"2":{"name":"(anonymous_4)","decl":{"start":{"line":16,"column":26},"end":{"line":16,"column":27}},"loc":{"start":{"line":16,"column":40},"end":{"line":22,"column":null}}}},"branchMap":{"0":{"loc":{"start":{"line":15,"column":34},"end":{"line":15,"column":null}},"type":"if","locations":[{"start":{"line":15,"column":34},"end":{"line":15,"column":null}},{"start":{"line":15,"column":34},"end":{"line":15,"column":null}}]}},"s":{"0":66,"1":66,"2":66,"3":58,"4":38,"5":58,"6":447,"7":132,"8":66},"f":{"0":125,"1":58,"2":447},"b":{"0":[38,20]}}
,"/Users/Niall.Bunting/work/cvs/cvs-app-vtm/src/app/shared/index.ts": {"path":"/Users/Niall.Bunting/work/cvs/cvs-app-vtm/src/app/shared/index.ts","statementMap":{"0":{"start":{"line":1,"column":0},"end":{"line":1,"column":null}}},"fnMap":{},"branchMap":{},"s":{"0":29},"f":{},"b":{}}
[...]
,"/Users/Niall.Bunting/work/cvs/cvs-app-vtm/src/app/utils/test-model.utils.ts": {"path":"/Users/Niall.Bunting/work/cvs/cvs-app-vtm/src/app/utils/test-model.utils.ts","statementMap":{"0":{"start":{"line":5,"column":13},"end":{"line":5,"column":32}},"1":{"start":{"line":12,"column":32},"end":{"line":12,"column":null}},"2":{"start":{"line":22,"column":2},"end":{"line":22,"column":14}},"3":{"start":{"line":26,"column":25},"end":{"line":26,"column":null}},"4":{"start":{"line":39,"column":2},"end":{"line":39,"column":14}},"5":{"start":{"line":43,"column":33},"end":{"line":43,"column":null}},"6":{"start":{"line":59,"column":2},"end":{"line":59,"column":14}}},"fnMap":{"0":{"name":"mockTestRecord","decl":{"start":{"line":11,"column":0},"end":{"line":11,"column":24}},"loc":{"start":{"line":11,"column":55},"end":{"line":23,"column":null}}},"1":{"name":"mockTestType","decl":{"start":{"line":25,"column":0},"end":{"line":25,"column":22}},"loc":{"start":{"line":25,"column":46},"end":{"line":40,"column":null}}},"2":{"name":"mockTestTypeCategory","decl":{"start":{"line":42,"column":0},"end":{"line":42,"column":30}},"loc":{"start":{"line":42,"column":62},"end":{"line":60,"column":null}}}},"branchMap":{},"s":{"0":39,"1":38,"2":38,"3":67,"4":67,"5":3,"6":3},"f":{"0":38,"1":67,"2":3},"b":{}}
,"/Users/Niall.Bunting/work/cvs/cvs-app-vtm/src/app/utils/test-type-applicable-models.utils.ts": {"path":"/Users/Niall.Bunting/work/cvs/cvs-app-vtm/src/app/utils/test-type-applicable-models.utils.ts","statementMap":{"0":{"start":{"line":3,"column":13},"end":{"line":3,"column":42}},"1":{"start":{"line":8,"column":2},"end":{"line":8,"column":9}}},"fnMap":{"0":{"name":"mockTestTypesApplicable","decl":{"start":{"line":7,"column":0},"end":{"line":7,"column":null}},"loc":{"start":{"line":7,"column":0},"end":{"line":19,"column":null}}}},"branchMap":{},"s":{"0":5,"1":11},"f":{"0":11},"b":{}}
,"/Users/Niall.Bunting/work/cvs/cvs-app-vtm/src/app/utils/testing.utils.ts": {"path":"/Users/Niall.Bunting/work/cvs/cvs-app-vtm/src/app/utils/testing.utils.ts","statementMap":{"0":{"start":{"line":1,"column":0},"end":{"line":1,"column":null}},"1":{"start":{"line":46,"column":13},"end":{"line":46,"column":29}},"2":{"start":{"line":74,"column":32},"end":{"line":74,"column":null}},"3":{"start":{"line":74,"column":32},"end":{"line":74,"column":44}},"4":{"start":{"line":75,"column":34},"end":{"line":75,"column":38}},"5":{"start":{"line":76,"column":2},"end":{"line":76,"column":5}},"6":{"start":{"line":77,"column":2},"end":{"line":77,"column":9}},"7":{"start":{"line":81,"column":33},"end":{"line":81,"column":null}},"8":{"start":{"line":89,"column":2},"end":{"line":89,"column":14}},"9":{"start":{"line":93,"column":20},"end":{"line":93,"column":null}},"10":{"start":{"line":99,"column":2},"end":{"line":99,"column":14}},"11":{"start":{"line":103,"column":31},"end":{"line":103,"column":null}},"12":{"start":{"line":108,"column":2},"end":{"line":108,"column":14}},"13":{"start":{"line":112,"column":32},"end":{"line":112,"column":null}},"14":{"start":{"line":117,"column":2},"end":{"line":117,"column":14}},"15":{"start":{"line":121,"column":27},"end":{"line":121,"column":null}},"16":{"start":{"line":127,"column":2},"end":{"line":127,"column":14}},"17":{"start":{"line":131,"column":27},"end":{"line":131,"column":null}},"18":{"start":{"line":137,"column":2},"end":{"line":137,"column":14}},"19":{"start":{"line":141,"column":28},"end":{"line":141,"column":null}},"20":{"start":{"line":152,"column":2},"end":{"line":152,"column":14}},"21":{"start":{"line":156,"column":21},"end":{"line":156,"column":null}},"22":{"start":{"line":167,"column":2},"end":{"line":167,"column":14}},"23":{"start":{"line":171,"column":27},"end":{"line":171,"column":null}},"24":{"start":{"line":190,"column":2},"end":{"line":190,"column":14}},"25":{"start":{"line":194,"column":27},"end":{"line":194,"column":null}},"26":{"start":{"line":199,"column":2},"end":{"line":199,"column":14}},"27":{"start":{"line":203,"column":2},"end":{"line":203,"column":9}},"28":{"start":{"line":231,"column":35},"end":{"line":231,"column":null}},"29":{"start":{"line":240,"column":2},"end":{"line":240,"column":14}},"30":{"start":{"line":244,"column":12},"end":{"line":244,"column":null}},"31":{"start":{"line":248,"column":2},"end":{"line":248,"column":14}},"32":{"start":{"line":252,"column":26},"end":{"line":252,"column":null}},"33":{"start":{"line":257,"column":2},"end":{"line":257,"column":14}},"34":{"start":{"line":261,"column":22},"end":{"line":261,"column":null}},"35":{"start":{"line":267,"column":2},"end":{"line":267,"column":14}},"36":{"start":{"line":271,"column":32},"end":{"line":271,"column":null}},"37":{"start":{"line":278,"column":2},"end":{"line":278,"column":14}},"38":{"start":{"line":282,"column":30},"end":{"line":282,"column":null}},"39":{"start":{"line":287,"column":2},"end":{"line":287,"column":14}},"40":{"start":{"line":291,"column":12},"end":{"line":291,"column":null}},"41":{"start":{"line":297,"column":2},"end":{"line":297,"column":14}},"42":{"start":{"line":301,"column":12},"end":{"line":301,"column":null}},"43":{"start":{"line":307,"column":2},"end":{"line":307,"column":14}},"44":{"start":{"line":311,"column":27},"end":{"line":311,"column":null}},"45":{"start":{"line":316,"column":2},"end":{"line":316,"column":14}},"46":{"start":{"line":320,"column":21},"end":{"line":320,"column":null}},"47":{"start":{"line":327,"column":2},"end":{"line":327,"column":14}},"48":{"start":{"line":331,"column":22},"end":{"line":331,"column":null}},"49":{"start":{"line":337,"column":2},"end":{"line":337,"column":14}},"50":{"start":{"line":341,"column":24},"end":{"line":341,"column":null}},"51":{"start":{"line":347,"column":2},"end":{"line":347,"column":14}},"52":{"start":{"line":351,"column":25},"end":{"line":351,"column":null}},"53":{"start":{"line":356,"column":2},"end":{"line":356,"column":14}},"54":{"start":{"line":362,"column":42},"end":{"line":362,"column":null}},"55":{"start":{"line":368,"column":2},"end":{"line":368,"column":14}},"56":{"start":{"line":374,"column":47},"end":{"line":374,"column":null}},"57":{"start":{"line":380,"column":2},"end":{"line":380,"column":14}},"58":{"start":{"line":384,"column":23},"end":{"line":384,"column":null}},"59":{"start":{"line":391,"column":2},"end":{"line":391,"column":14}},"60":{"start":{"line":395,"column":28},"end":{"line":395,"column":null}},"61":{"start":{"line":400,"column":2},"end":{"line":400,"column":14}},"62":{"start":{"line":404,"column":27},"end":{"line":404,"column":null}},"63":{"start":{"line":410,"column":2},"end":{"line":410,"column":14}}},"fnMap":{"0":{"name":"mockFormGroupDirective","decl":{"start":{"line":74,"column":0},"end":{"line":74,"column":32}},"loc":{"start":{"line":74,"column":44},"end":{"line":78,"column":null}}},"1":{"name":"mockApplicantDetails","decl":{"start":{"line":80,"column":0},"end":{"line":80,"column":30}},"loc":{"start":{"line":80,"column":62},"end":{"line":90,"column":null}}},"2":{"name":"mockDDA","decl":{"start":{"line":92,"column":0},"end":{"line":92,"column":17}},"loc":{"start":{"line":92,"column":36},"end":{"line":100,"column":null}}},"3":{"name":"mockVehicleDetails","decl":{"start":{"line":102,"column":0},"end":{"line":102,"column":28}},"loc":{"start":{"line":102,"column":58},"end":{"line":109,"column":null}}},"4":{"name":"mockAdditionalNotes","decl":{"start":{"line":111,"column":0},"end":{"line":111,"column":29}},"loc":{"start":{"line":111,"column":60},"end":{"line":118,"column":null}}},"5":{"name":"mockTc2Details","decl":{"start":{"line":120,"column":0},"end":{"line":120,"column":24}},"loc":{"start":{"line":120,"column":50},"end":{"line":128,"column":null}}},"6":{"name":"mockTc3Details","decl":{"start":{"line":130,"column":0},"end":{"line":130,"column":24}},"loc":{"start":{"line":130,"column":50},"end":{"line":138,"column":null}}},"7":{"name":"mockTankDetails","decl":{"start":{"line":140,"column":0},"end":{"line":140,"column":25}},"loc":{"start":{"line":140,"column":52},"end":{"line":153,"column":null}}},"8":{"name":"mockTank","decl":{"start":{"line":155,"column":0},"end":{"line":155,"column":18}},"loc":{"start":{"line":155,"column":38},"end":{"line":168,"column":null}}},"9":{"name":"mockAdrDetails","decl":{"start":{"line":170,"column":0},"end":{"line":170,"column":24}},"loc":{"start":{"line":170,"column":50},"end":{"line":191,"column":null}}},"10":{"name":"mockTechRecord","decl":{"start":{"line":193,"column":0},"end":{"line":193,"column":24}},"loc":{"start":{"line":193,"column":50},"end":{"line":200,"column":null}}},"11":{"name":"mockMetaData","decl":{"start":{"line":202,"column":0},"end":{"line":202,"column":null}},"loc":{"start":{"line":202,"column":0},"end":{"line":229,"column":null}}},"12":{"name":"mockAddressInformation","decl":{"start":{"line":230,"column":0},"end":{"line":230,"column":32}},"loc":{"start":{"line":230,"column":66},"end":{"line":241,"column":null}}},"13":{"name":"mockApplicant","decl":{"start":{"line":243,"column":0},"end":{"line":243,"column":23}},"loc":{"start":{"line":243,"column":48},"end":{"line":249,"column":null}}},"14":{"name":"mockMicrofilm","decl":{"start":{"line":251,"column":0},"end":{"line":251,"column":23}},"loc":{"start":{"line":251,"column":48},"end":{"line":258,"column":null}}},"15":{"name":"mockPlates","decl":{"start":{"line":260,"column":0},"end":{"line":260,"column":20}},"loc":{"start":{"line":260,"column":41},"end":{"line":268,"column":null}}},"16":{"name":"mockAuthoIntoService","decl":{"start":{"line":270,"column":0},"end":{"line":270,"column":30}},"loc":{"start":{"line":270,"column":61},"end":{"line":279,"column":null}}},"17":{"name":"mockLettersOfAuth","decl":{"start":{"line":281,"column":0},"end":{"line":281,"column":27}},"loc":{"start":{"line":281,"column":56},"end":{"line":288,"column":null}}},"18":{"name":"mockPurchaser","decl":{"start":{"line":290,"column":0},"end":{"line":290,"column":23}},"loc":{"start":{"line":290,"column":55},"end":{"line":298,"column":null}}},"19":{"name":"mockManufacturer","decl":{"start":{"line":300,"column":0},"end":{"line":300,"column":26}},"loc":{"start":{"line":300,"column":61},"end":{"line":308,"column":null}}},"20":{"name":"mockAxleBrakes","decl":{"start":{"line":310,"column":0},"end":{"line":310,"column":24}},"loc":{"start":{"line":310,"column":50},"end":{"line":317,"column":null}}},"21":{"name":"mockAxle","decl":{"start":{"line":319,"column":0},"end":{"line":319,"column":18}},"loc":{"start":{"line":319,"column":38},"end":{"line":328,"column":null}}},"22":{"name":"mockTyres","decl":{"start":{"line":330,"column":0},"end":{"line":330,"column":19}},"loc":{"start":{"line":330,"column":40},"end":{"line":338,"column":null}}},"23":{"name":"mockWeights","decl":{"start":{"line":340,"column":0},"end":{"line":340,"column":21}},"loc":{"start":{"line":340,"column":44},"end":{"line":348,"column":null}}},"24":{"name":"mockBodyType","decl":{"start":{"line":350,"column":0},"end":{"line":350,"column":22}},"loc":{"start":{"line":350,"column":46},"end":{"line":357,"column":null}}},"25":{"name":"mockBrakeForceWheelsNotLocked","decl":{"start":{"line":359,"column":0},"end":{"line":359,"column":null}},"loc":{"start":{"line":360,"column":43},"end":{"line":369,"column":null}}},"26":{"name":"mockBrakeForceWheelsUpToHalfLocked","decl":{"start":{"line":371,"column":0},"end":{"line":371,"column":null}},"loc":{"start":{"line":372,"column":48},"end":{"line":381,"column":null}}},"27":{"name":"mockBrakes","decl":{"start":{"line":383,"column":0},"end":{"line":383,"column":20}},"loc":{"start":{"line":383,"column":42},"end":{"line":392,"column":null}}},"28":{"name":"mockAxleSpacing","decl":{"start":{"line":394,"column":0},"end":{"line":394,"column":25}},"loc":{"start":{"line":394,"column":52},"end":{"line":401,"column":null}}},"29":{"name":"mockDimensions","decl":{"start":{"line":403,"column":0},"end":{"line":403,"column":24}},"loc":{"start":{"line":403,"column":50},"end":{"line":411,"column":null}}}},"branchMap":{"0":{"loc":{"start":{"line":74,"column":32},"end":{"line":74,"column":null}},"type":"if","locations":[{"start":{"line":74,"column":32},"end":{"line":74,"column":null}},{"start":{"line":74,"column":32},"end":{"line":74,"column":null}}]}},"s":{"0":66,"1":66,"2":82,"3":18,"4":82,"5":82,"6":82,"7":60,"8":60,"9":1,"10":1,"11":63,"12":63,"13":59,"14":59,"15":8,"16":8,"17":6,"18":6,"19":22,"20":22,"21":16,"22":16,"23":59,"24":59,"25":25,"26":25,"27":6,"28":5,"29":5,"30":3,"31":3,"32":3,"33":3,"34":1,"35":1,"36":1,"37":1,"38":1,"39":1,"40":1,"41":1,"42":1,"43":1,"44":29,"45":29,"46":29,"47":29,"48":29,"49":29,"50":29,"51":29,"52":3,"53":3,"54":1,"55":1,"56":1,"57":1,"58":2,"59":2,"60":16,"61":16,"62":12,"63":12},"f":{"0":82,"1":60,"2":1,"3":63,"4":59,"5":8,"6":6,"7":22,"8":16,"9":59,"10":25,"11":6,"12":5,"13":3,"14":3,"15":1,"16":1,"17":1,"18":1,"19":1,"20":29,"21":29,"22":29,"23":29,"24":3,"25":1,"26":1,"27":2,"28":16,"29":12},"b":{"0":[18,64]}}
,"/Users/Niall.Bunting/work/cvs/cvs-app-vtm/src/app/utils/utils.functions.ts": {"path":"/Users/Niall.Bunting/work/cvs/cvs-app-vtm/src/app/utils/utils.functions.ts","statementMap":{"0":{"start":{"line":2,"column":2},"end":{"line":2,"column":8}},"1":{"start":{"line":3,"column":2},"end":{"line":3,"column":10}},"2":{"start":{"line":3,"column":43},"end":{"line":3,"column":50}},"3":{"start":{"line":1,"column":0},"end":{"line":1,"column":32}}},"fnMap":{"0":{"name":"scrollToSection","decl":{"start":{"line":1,"column":0},"end":{"line":1,"column":32}},"loc":{"start":{"line":1,"column":54},"end":{"line":4,"column":null}}},"1":{"name":"(anonymous_1)","decl":{"start":{"line":3,"column":30},"end":{"line":3,"column":31}},"loc":{"start":{"line":3,"column":38},"end":{"line":3,"column":76}}}},"branchMap":{},"s":{"0":1,"1":1,"2":2,"3":21},"f":{"0":1,"1":2},"b":{}}
,"/Users/Niall.Bunting/work/cvs/cvs-app-vtm/src/environments/environment.ts": {"path":"/Users/Niall.Bunting/work/cvs/cvs-app-vtm/src/environments/environment.ts","statementMap":{"0":{"start":{"line":5,"column":13},"end":{"line":5,"column":27}}},"fnMap":{},"branchMap":{},"s":{"0":1},"f":{},"b":{}}
,"/Users/Niall.Bunting/work/cvs/cvs-app-vtm/testconfig/services-mocks/authentication-guard.mock.ts": {"path":"/Users/Niall.Bunting/work/cvs/cvs-app-vtm/testconfig/services-mocks/authentication-guard.mock.ts","statementMap":{"0":{"start":{"line":1,"column":0},"end":{"line":1,"column":null}},"1":{"start":{"line":3,"column":0},"end":{"line":3,"column":13}},"2":{"start":{"line":10,"column":2},"end":{"line":10,"column":null}},"3":{"start":{"line":11,"column":4},"end":{"line":11,"column":null}},"4":{"start":{"line":14,"column":2},"end":{"line":14,"column":null}},"5":{"start":{"line":15,"column":4},"end":{"line":15,"column":null}},"6":{"start":{"line":18,"column":2},"end":{"line":18,"column":null}},"7":{"start":{"line":19,"column":4},"end":{"line":19,"column":11}},"8":{"start":{"line":22,"column":2},"end":{"line":22,"column":null}},"9":{"start":{"line":23,"column":4},"end":{"line":23,"column":null}},"10":{"start":{"line":26,"column":2},"end":{"line":26,"column":null}},"11":{"start":{"line":27,"column":4},"end":{"line":27,"column":11}},"12":{"start":{"line":30,"column":2},"end":{"line":30,"column":null}},"13":{"start":{"line":31,"column":4},"end":{"line":31,"column":11}},"14":{"start":{"line":34,"column":2},"end":{"line":34,"column":null}},"15":{"start":{"line":35,"column":4},"end":{"line":35,"column":null}},"16":{"start":{"line":38,"column":0},"end":{"line":38,"column":1}},"17":{"start":{"line":3,"column":13},"end":{"line":3,"column":null}}},"fnMap":{"0":{"name":"(anonymous_0)","decl":{"start":{"line":3,"column":0},"end":{"line":3,"column":13}},"loc":{"start":{"line":3,"column":0},"end":{"line":38,"column":null}}},"1":{"name":"(anonymous_2)","decl":{"start":{"line":10,"column":2},"end":{"line":10,"column":null}},"loc":{"start":{"line":10,"column":2},"end":{"line":12,"column":null}}},"2":{"name":"(anonymous_3)","decl":{"start":{"line":14,"column":2},"end":{"line":14,"column":null}},"loc":{"start":{"line":14,"column":2},"end":{"line":16,"column":null}}},"3":{"name":"(anonymous_4)","decl":{"start":{"line":18,"column":2},"end":{"line":18,"column":null}},"loc":{"start":{"line":18,"column":2},"end":{"line":20,"column":null}}},"4":{"name":"(anonymous_5)","decl":{"start":{"line":22,"column":2},"end":{"line":22,"column":null}},"loc":{"start":{"line":22,"column":2},"end":{"line":24,"column":null}}},"5":{"name":"(anonymous_6)","decl":{"start":{"line":26,"column":2},"end":{"line":26,"column":null}},"loc":{"start":{"line":26,"column":2},"end":{"line":28,"column":null}}},"6":{"name":"(anonymous_7)","decl":{"start":{"line":30,"column":2},"end":{"line":30,"column":null}},"loc":{"start":{"line":30,"column":2},"end":{"line":32,"column":null}}},"7":{"name":"(anonymous_8)","decl":{"start":{"line":34,"column":2},"end":{"line":34,"column":null}},"loc":{"start":{"line":34,"column":2},"end":{"line":36,"column":null}}}},"branchMap":{},"s":{"0":1,"1":1,"2":1,"3":1,"4":1,"5":1,"6":1,"7":1,"8":1,"9":1,"10":1,"11":1,"12":1,"13":1,"14":1,"15":1,"16":1,"17":1},"f":{"0":8,"1":1,"2":1,"3":1,"4":1,"5":1,"6":1,"7":1},"b":{}}
,"/Users/Niall.Bunting/work/cvs/cvs-app-vtm/testconfig/services-mocks/technical-record-service.mock.ts": {"path":"/Users/Niall.Bunting/work/cvs/cvs-app-vtm/testconfig/services-mocks/technical-record-service.mock.ts","statementMap":{"0":{"start":{"line":1,"column":0},"end":{"line":1,"column":null}},"1":{"start":{"line":3,"column":0},"end":{"line":3,"column":13}},"2":{"start":{"line":5,"column":2},"end":{"line":5,"column":null}},"3":{"start":{"line":6,"column":4},"end":{"line":6,"column":11}},"4":{"start":{"line":9,"column":2},"end":{"line":9,"column":null}},"5":{"start":{"line":10,"column":4},"end":{"line":10,"column":11}},"6":{"start":{"line":13,"column":0},"end":{"line":13,"column":1}},"7":{"start":{"line":3,"column":13},"end":{"line":3,"column":null}}},"fnMap":{"0":{"name":"(anonymous_0)","decl":{"start":{"line":3,"column":0},"end":{"line":3,"column":13}},"loc":{"start":{"line":3,"column":0},"end":{"line":13,"column":null}}},"1":{"name":"(anonymous_2)","decl":{"start":{"line":5,"column":2},"end":{"line":5,"column":null}},"loc":{"start":{"line":5,"column":2},"end":{"line":7,"column":null}}},"2":{"name":"(anonymous_3)","decl":{"start":{"line":9,"column":2},"end":{"line":9,"column":null}},"loc":{"start":{"line":9,"column":2},"end":{"line":11,"column":null}}}},"branchMap":{},"s":{"0":2,"1":2,"2":2,"3":1,"4":2,"5":1,"6":2,"7":2},"f":{"0":4,"1":1,"2":1},"b":{}}
}
