TN:
SF:/Users/Niall.Bunting/work/cvs/cvs-app-vtm/src/app/app-user.service.ts
FN:6,(anonymous_2)
FN:9,UserService
FN:11,(anonymous_4)
FN:17,(anonymous_5)
FNF:4
FNH:4
FNDA:70,(anonymous_2)
FNDA:1,UserService
FNDA:1,(anonymous_4)
FNDA:1,(anonymous_5)
DA:1,70
DA:6,140
DA:11,70
DA:12,1
DA:13,1
DA:14,1
DA:17,70
DA:18,1
DA:20,70
LF:9
LH:9
BRF:0
BRH:0
end_of_record
TN:
SF:/Users/Niall.Bunting/work/cvs/cvs-app-vtm/src/app/app.component.html
FNF:0
FNH:0
DA:1,1
LF:1
LH:1
BRF:0
BRH:0
end_of_record
TN:
SF:/Users/Niall.Bunting/work/cvs/cvs-app-vtm/src/app/app.component.ts
FN:10,(anonymous_2)
FN:11,AppComponent
FNF:2
FNH:2
FNDA:1,(anonymous_2)
FNDA:1,AppComponent
DA:1,1
DA:2,1
DA:10,2
DA:12,1
DA:14,1
LF:5
LH:5
BRF:0
BRH:0
end_of_record
TN:
SF:/Users/Niall.Bunting/work/cvs/cvs-app-vtm/src/app/app.config.ts
FN:9,(anonymous_2)
FN:11,AppConfig
FN:12,(anonymous_4)
FN:18,(anonymous_5)
FNF:4
FNH:1
FNDA:12,(anonymous_2)
FNDA:0,AppConfig
FNDA:0,(anonymous_4)
FNDA:0,(anonymous_5)
DA:1,12
DA:2,12
DA:3,12
DA:4,12
DA:6,12
DA:9,24
DA:11,0
DA:12,12
DA:13,0
DA:15,0
DA:18,12
DA:19,0
DA:21,12
LF:13
LH:9
BRDA:13,0,0,0
BRDA:13,0,1,0
BRF:2
BRH:0
end_of_record
TN:
SF:/Users/Niall.Bunting/work/cvs/cvs-app-vtm/src/app/app.enums.ts
FN:1,(anonymous_0)
FN:10,(anonymous_1)
FN:19,(anonymous_2)
FN:25,(anonymous_3)
FN:33,(anonymous_4)
FN:40,(anonymous_5)
FN:46,(anonymous_6)
FN:55,(anonymous_7)
FN:61,(anonymous_8)
FN:66,(anonymous_9)
FN:71,(anonymous_10)
FN:77,(anonymous_11)
FN:118,(anonymous_12)
FN:126,(anonymous_13)
FNF:14
FNH:14
FNDA:73,(anonymous_0)
FNDA:73,(anonymous_1)
FNDA:73,(anonymous_2)
FNDA:73,(anonymous_3)
FNDA:73,(anonymous_4)
FNDA:73,(anonymous_5)
FNDA:73,(anonymous_6)
FNDA:73,(anonymous_7)
FNDA:73,(anonymous_8)
FNDA:73,(anonymous_9)
FNDA:73,(anonymous_10)
FNDA:73,(anonymous_11)
FNDA:73,(anonymous_12)
FNDA:73,(anonymous_13)
DA:1,73
DA:2,73
DA:3,73
DA:4,73
DA:5,73
DA:6,73
DA:7,73
DA:10,73
DA:11,73
DA:12,73
DA:13,73
DA:16,73
DA:17,73
DA:18,73
DA:19,73
DA:20,73
DA:21,73
DA:22,73
DA:25,73
DA:26,73
DA:27,73
DA:28,73
DA:29,73
DA:30,73
DA:33,73
DA:34,73
DA:35,73
DA:36,73
DA:37,73
DA:40,73
DA:41,73
DA:42,73
DA:43,73
DA:46,73
DA:47,73
DA:48,73
DA:49,73
DA:50,73
DA:51,73
DA:52,73
DA:55,73
DA:56,73
DA:57,73
DA:58,73
DA:61,73
DA:62,73
DA:63,73
DA:66,73
DA:67,73
DA:68,73
DA:71,73
DA:72,73
DA:73,73
DA:74,73
DA:77,73
DA:78,73
DA:79,73
DA:80,73
DA:81,73
DA:82,73
DA:83,73
DA:84,73
DA:85,73
DA:86,73
DA:87,73
DA:88,73
DA:89,73
DA:90,73
DA:91,73
DA:92,73
DA:93,73
DA:94,73
DA:95,73
DA:96,73
DA:97,73
DA:98,73
DA:99,73
DA:100,73
DA:101,73
DA:102,73
DA:103,73
DA:104,73
DA:105,73
DA:106,73
DA:107,73
DA:108,73
DA:109,73
DA:110,73
DA:111,73
DA:112,73
DA:113,73
DA:114,73
DA:115,73
DA:118,73
DA:119,73
DA:120,73
DA:121,73
DA:122,73
DA:123,73
DA:126,73
DA:127,73
DA:128,73
DA:129,73
DA:130,73
DA:131,73
DA:132,73
DA:133,73
DA:134,73
DA:135,73
DA:136,73
DA:137,73
DA:138,73
DA:139,73
DA:140,73
DA:141,73
DA:142,73
DA:143,73
DA:144,73
LF:118
LH:118
BRDA:1,0,0,73
BRDA:1,0,1,73
BRDA:10,1,0,73
BRDA:10,1,1,73
BRDA:19,2,0,73
BRDA:19,2,1,73
BRDA:25,3,0,73
BRDA:25,3,1,73
BRDA:33,4,0,73
BRDA:33,4,1,73
BRDA:40,5,0,73
BRDA:40,5,1,73
BRDA:46,6,0,73
BRDA:46,6,1,73
BRDA:55,7,0,73
BRDA:55,7,1,73
BRDA:61,8,0,73
BRDA:61,8,1,73
BRDA:66,9,0,73
BRDA:66,9,1,73
BRDA:71,10,0,73
BRDA:71,10,1,73
BRDA:77,11,0,73
BRDA:77,11,1,73
BRDA:118,12,0,73
BRDA:118,12,1,73
BRDA:126,13,0,73
BRDA:126,13,1,73
BRF:28
BRH:28
end_of_record
TN:
SF:/Users/Niall.Bunting/work/cvs/cvs-app-vtm/src/app/material.module.ts
FN:88,(anonymous_1)
FNF:1
FNH:1
FNDA:44,(anonymous_1)
DA:1,9
DA:2,9
DA:3,9
DA:4,9
DA:5,9
DA:6,9
DA:7,9
DA:8,9
DA:9,9
DA:10,9
DA:11,9
DA:12,9
DA:13,9
DA:14,9
DA:15,9
DA:16,9
DA:17,9
DA:18,9
DA:19,9
DA:20,9
DA:21,9
DA:22,9
DA:23,9
DA:24,9
DA:25,9
DA:26,9
DA:27,9
DA:28,9
DA:29,9
DA:30,9
DA:31,9
DA:32,9
DA:33,9
DA:34,9
DA:35,9
DA:36,9
DA:37,9
DA:38,9
DA:39,9
DA:40,9
DA:41,9
DA:88,18
LF:42
LH:42
BRF:0
BRH:0
end_of_record
TN:
SF:/Users/Niall.Bunting/work/cvs/cvs-app-vtm/src/app/directives/form-connector/form-connector.directive.ts
FN:13,(anonymous_2)
FN:23,FormConnectorDirective
FN:25,(anonymous_4)
FN:30,(anonymous_5)
FN:43,(anonymous_6)
FNF:5
FNH:2
FNDA:63,(anonymous_2)
FNDA:1,FormConnectorDirective
FNDA:0,(anonymous_4)
FNDA:0,(anonymous_5)
FNDA:0,(anonymous_6)
DA:1,63
DA:2,63
DA:4,63
DA:5,63
DA:7,63
DA:8,63
DA:13,126
DA:14,63
DA:15,64
DA:23,1
DA:25,63
DA:26,0
DA:30,0
DA:32,0
DA:33,0
DA:34,0
DA:40,0
DA:43,63
DA:44,0
DA:46,63
LF:20
LH:13
BRDA:33,0,0,0
BRDA:33,0,1,0
BRDA:33,1,0,0
BRDA:33,1,1,0
BRF:4
BRH:0
end_of_record
TN:
SF:/Users/Niall.Bunting/work/cvs/cvs-app-vtm/src/app/guards/form-state.guard.ts
FN:17,(anonymous_2)
FN:18,FormStateGuard
FN:20,(anonymous_4)
FN:24,(anonymous_5)
FN:26,(anonymous_6)
FN:41,getResolvedUrl
FN:43,(anonymous_8)
FN:43,(anonymous_9)
FN:47,getQueryString
FN:48,(anonymous_11)
FNF:10
FNH:4
FNDA:1,(anonymous_2)
FNDA:1,FormStateGuard
FNDA:1,(anonymous_4)
FNDA:1,(anonymous_5)
FNDA:0,(anonymous_6)
FNDA:0,getResolvedUrl
FNDA:0,(anonymous_8)
FNDA:0,(anonymous_9)
FNDA:0,getQueryString
FNDA:0,(anonymous_11)
DA:7,1
DA:8,1
DA:9,1
DA:11,1
DA:12,1
DA:13,1
DA:14,1
DA:17,2
DA:18,1
DA:20,1
DA:21,1
DA:24,2
DA:25,1
DA:27,0
DA:28,0
DA:35,0
DA:39,1
DA:42,0
DA:43,0
DA:48,0
DA:50,0
DA:51,0
DA:52,0
LF:23
LH:14
BRDA:27,0,0,0
BRDA:27,0,1,0
BRDA:50,1,0,0
BRDA:50,1,1,0
BRF:4
BRH:0
end_of_record
TN:
SF:/Users/Niall.Bunting/work/cvs/cvs-app-vtm/src/app/landing-page/landing-page.component.html
FNF:0
FNH:0
DA:1,1
LF:1
LH:1
BRF:0
BRH:0
end_of_record
TN:
SF:/Users/Niall.Bunting/work/cvs/cvs-app-vtm/src/app/landing-page/landing-page.component.ts
FN:9,(anonymous_2)
FN:10,LandingPageComponent
FN:12,(anonymous_4)
FNF:3
FNH:3
FNDA:1,(anonymous_2)
FNDA:1,LandingPageComponent
FNDA:1,(anonymous_4)
DA:1,1
DA:9,2
DA:12,1
DA:13,1
LF:4
LH:4
BRF:0
BRH:0
end_of_record
TN:
SF:/Users/Niall.Bunting/work/cvs/cvs-app-vtm/src/app/modal/modal.actions.ts
FN:4,(anonymous_0)
FN:10,(anonymous_1)
FN:12,LoadModal
FN:15,(anonymous_3)
FN:17,ResetModal
FN:20,(anonymous_5)
FN:22,ChangeView
FNF:7
FNH:7
FNDA:12,(anonymous_0)
FNDA:12,(anonymous_1)
FNDA:2,LoadModal
FNDA:12,(anonymous_3)
FNDA:3,ResetModal
FNDA:12,(anonymous_5)
FNDA:4,ChangeView
DA:4,12
DA:5,12
DA:6,12
DA:7,12
DA:10,12
DA:11,2
DA:12,2
DA:13,12
DA:15,12
DA:16,3
DA:17,3
DA:18,12
DA:20,12
DA:21,4
DA:22,4
DA:23,12
LF:16
LH:16
BRDA:4,0,0,12
BRDA:4,0,1,12
BRF:2
BRH:2
end_of_record
TN:
SF:/Users/Niall.Bunting/work/cvs/cvs-app-vtm/src/app/modal/modal.component.ts
FN:14,(anonymous_5)
FN:17,ModalComponent
FN:23,(anonymous_7)
FN:25,(anonymous_8)
FNF:4
FNH:4
FNDA:3,(anonymous_5)
FNDA:3,ModalComponent
FNDA:3,(anonymous_7)
FNDA:1,(anonymous_8)
DA:1,3
DA:2,3
DA:14,6
DA:17,3
DA:18,3
DA:23,3
DA:25,3
DA:26,1
DA:32,3
LF:9
LH:9
BRF:0
BRH:0
end_of_record
TN:
SF:/Users/Niall.Bunting/work/cvs/cvs-app-vtm/src/app/modal/modal.container.component.ts
FN:21,(anonymous_3)
FN:23,ModalContainerComponent
FN:27,(anonymous_5)
FN:28,(anonymous_6)
FN:38,(anonymous_7)
FN:47,(anonymous_8)
FNF:6
FNH:4
FNDA:2,(anonymous_3)
FNDA:1,ModalContainerComponent
FNDA:1,(anonymous_5)
FNDA:1,(anonymous_6)
FNDA:0,(anonymous_7)
FNDA:0,(anonymous_8)
DA:1,2
DA:2,2
DA:4,2
DA:6,2
DA:7,2
DA:10,2
DA:11,2
DA:21,4
DA:23,1
DA:24,1
DA:27,3
DA:28,1
DA:29,1
DA:30,1
DA:31,1
DA:32,1
DA:33,1
DA:34,1
DA:37,1
DA:38,1
DA:39,0
DA:42,0
DA:47,2
DA:48,0
DA:49,0
DA:52,2
LF:26
LH:22
BRDA:29,0,0,1
BRDA:29,0,1,0
BRDA:48,1,0,0
BRDA:48,1,1,0
BRF:4
BRH:1
end_of_record
TN:
SF:/Users/Niall.Bunting/work/cvs/cvs-app-vtm/src/app/modal/modal.effects.ts
FN:16,(anonymous_2)
FN:43,ModalEffects
FN:21,(anonymous_4)
FN:22,(anonymous_5)
FN:36,(anonymous_6)
FN:37,(anonymous_7)
FNF:6
FNH:6
FNDA:4,(anonymous_2)
FNDA:2,ModalEffects
FNDA:1,(anonymous_4)
FNDA:1,(anonymous_5)
FNDA:1,(anonymous_6)
FNDA:1,(anonymous_7)
DA:1,4
DA:2,4
DA:3,4
DA:4,4
DA:5,4
DA:6,4
DA:8,4
DA:10,4
DA:12,4
DA:16,8
DA:18,6
DA:21,1
DA:23,1
DA:25,1
DA:26,1
DA:27,1
DA:29,1
DA:34,6
DA:36,1
DA:38,1
DA:39,1
DA:43,2
DA:44,2
DA:45,2
DA:46,2
DA:48,4
LF:26
LH:26
BRDA:26,0,0,1
BRDA:26,0,1,0
BRF:2
BRH:1
end_of_record
TN:
SF:/Users/Niall.Bunting/work/cvs/cvs-app-vtm/src/app/modal/modal.module.ts
FN:15,(anonymous_1)
FNF:1
FNH:1
FNDA:2,(anonymous_1)
DA:1,1
DA:2,1
DA:3,1
DA:4,1
DA:5,1
DA:6,1
DA:7,1
DA:15,2
LF:8
LH:8
BRF:0
BRH:0
end_of_record
TN:
SF:/Users/Niall.Bunting/work/cvs/cvs-app-vtm/src/app/modal/modal.reducer.ts
FN:14,ModalReducer
FNF:1
FNH:1
FNDA:3,ModalReducer
DA:1,7
DA:2,7
DA:10,7
DA:14,7
DA:15,3
DA:18,3
DA:20,1
DA:28,1
DA:36,1
LF:9
LH:9
BRDA:15,0,0,0
BRDA:15,0,1,3
BRDA:19,1,0,1
BRDA:19,1,1,1
BRDA:19,1,2,1
BRF:5
BRH:4
end_of_record
TN:
SF:/Users/Niall.Bunting/work/cvs/cvs-app-vtm/src/app/modal/modal.selectors.ts
FN:6,(anonymous_0)
FN:10,(anonymous_1)
FNF:2
FNH:1
FNDA:2,(anonymous_0)
FNDA:0,(anonymous_1)
DA:1,30
DA:4,30
DA:6,30
DA:8,30
DA:10,0
LF:5
LH:4
BRF:0
BRH:0
end_of_record
TN:
SF:/Users/Niall.Bunting/work/cvs/cvs-app-vtm/src/app/modal/components/lose-changes/lose-changes.component.html
FNF:0
FNH:0
DA:1,2
LF:1
LH:1
BRF:0
BRH:0
end_of_record
TN:
SF:/Users/Niall.Bunting/work/cvs/cvs-app-vtm/src/app/modal/components/lose-changes/lose-changes.component.ts
FN:10,(anonymous_2)
FN:13,LoseChangesComponent
FN:15,(anonymous_4)
FN:17,(anonymous_5)
FN:21,(anonymous_6)
FNF:5
FNH:5
FNDA:2,(anonymous_2)
FNDA:3,LoseChangesComponent
FNDA:3,(anonymous_4)
FNDA:1,(anonymous_5)
FNDA:1,(anonymous_6)
DA:1,2
DA:10,4
DA:11,5
DA:15,2
DA:17,2
DA:18,1
DA:21,2
DA:22,1
DA:24,2
LF:9
LH:9
BRF:0
BRH:0
end_of_record
TN:
SF:/Users/Niall.Bunting/work/cvs/cvs-app-vtm/src/app/multiple-records/multiple-records.component.html
FNF:0
FNH:0
DA:1,1
LF:1
LH:1
BRF:0
BRH:0
end_of_record
TN:
SF:/Users/Niall.Bunting/work/cvs/cvs-app-vtm/src/app/multiple-records/multiple-records.component.ts
FN:16,(anonymous_2)
FN:20,MultipleRecordsComponent
FN:22,(anonymous_4)
FN:24,(anonymous_5)
FNF:4
FNH:3
FNDA:1,(anonymous_2)
FNDA:1,MultipleRecordsComponent
FNDA:1,(anonymous_4)
FNDA:0,(anonymous_5)
DA:1,1
DA:16,2
DA:17,1
DA:18,2
DA:22,1
DA:24,1
DA:25,0
DA:27,1
LF:8
LH:7
BRF:0
BRH:0
end_of_record
TN:
SF:/Users/Niall.Bunting/work/cvs/cvs-app-vtm/src/app/multiple-records/multiple-records.container.ts
FN:24,(anonymous_2)
FN:27,MultipleRecordsContainer
FN:31,(anonymous_4)
FN:33,(anonymous_5)
FNF:4
FNH:4
FNDA:1,(anonymous_2)
FNDA:2,MultipleRecordsContainer
FNDA:2,(anonymous_4)
FNDA:1,(anonymous_5)
DA:1,1
DA:3,1
DA:6,1
DA:8,1
DA:9,1
DA:24,2
DA:27,2
DA:28,2
DA:31,1
DA:33,1
DA:34,1
DA:41,1
LF:12
LH:12
BRF:0
BRH:0
end_of_record
TN:
SF:/Users/Niall.Bunting/work/cvs/cvs-app-vtm/src/app/pipes/DefaultNullOrEmptyPipe.ts
FN:4,(anonymous_1)
FN:5,(anonymous_3)
FNF:2
FNH:2
FNDA:145,(anonymous_1)
FNDA:361,(anonymous_3)
DA:1,64
DA:4,128
DA:5,64
DA:6,361
DA:7,152
DA:8,209
DA:9,19
DA:11,190
DA:14,64
LF:9
LH:9
BRDA:6,0,0,152
BRDA:6,0,1,209
BRDA:7,1,0,125
BRDA:7,1,1,27
BRDA:8,2,0,19
BRDA:8,2,1,190
BRDA:9,3,0,11
BRDA:9,3,1,8
BRDA:11,4,0,130
BRDA:11,4,1,60
BRF:10
BRH:10
end_of_record
TN:
SF:/Users/Niall.Bunting/work/cvs/cvs-app-vtm/src/app/pipes/FilterMultipleRecordsPipe.ts
FN:6,(anonymous_1)
FN:7,(anonymous_3)
FN:10,(anonymous_4)
FN:23,(anonymous_5)
FN:27,(anonymous_6)
FN:34,(anonymous_7)
FN:41,(anonymous_8)
FN:42,(anonymous_9)
FNF:8
FNH:8
FNDA:66,(anonymous_1)
FNDA:5,(anonymous_3)
FNDA:12,(anonymous_4)
FNDA:24,(anonymous_5)
FNDA:32,(anonymous_6)
FNDA:24,(anonymous_7)
FNDA:16,(anonymous_8)
FNDA:8,(anonymous_9)
DA:1,64
DA:6,128
DA:7,69
DA:8,5
DA:10,5
DA:11,12
DA:12,12
DA:14,12
DA:15,12
DA:17,0
DA:20,5
DA:23,64
DA:26,24
DA:27,32
DA:29,24
DA:30,8
DA:33,16
DA:34,24
DA:36,16
DA:37,8
DA:40,8
DA:41,16
DA:42,8
DA:44,8
DA:46,64
LF:25
LH:24
BRDA:14,0,0,12
BRDA:14,0,1,0
BRDA:29,1,0,8
BRDA:29,1,1,16
BRDA:36,2,0,8
BRDA:36,2,1,8
BRF:6
BRH:5
end_of_record
TN:
SF:/Users/Niall.Bunting/work/cvs/cvs-app-vtm/src/app/pipes/FilterRecordPipe.ts
FN:3,(anonymous_1)
FN:4,(anonymous_3)
FN:6,(anonymous_4)
FN:11,(anonymous_5)
FN:16,(anonymous_6)
FN:17,(anonymous_7)
FNF:6
FNH:6
FNDA:66,(anonymous_1)
FNDA:5,(anonymous_3)
FNDA:6,(anonymous_4)
FNDA:4,(anonymous_5)
FNDA:3,(anonymous_6)
FNDA:1,(anonymous_7)
DA:1,64
DA:3,128
DA:4,64
DA:5,5
DA:6,6
DA:7,4
DA:8,1
DA:11,4
DA:12,3
DA:13,1
DA:16,3
DA:17,2
DA:18,2
DA:19,2
DA:22,1
DA:25,64
LF:16
LH:16
BRDA:5,0,0,4
BRDA:5,0,1,1
BRDA:5,1,0,5
BRDA:5,1,1,4
BRDA:7,2,0,1
BRDA:7,2,1,3
BRDA:12,3,0,1
BRDA:12,3,1,2
BRDA:18,4,0,2
BRDA:18,4,1,0
BRF:10
BRH:9
end_of_record
TN:
SF:/Users/Niall.Bunting/work/cvs/cvs-app-vtm/src/app/pipes/IsPrimaryVrmPipe.ts
FN:3,(anonymous_1)
FN:4,(anonymous_3)
FN:6,(anonymous_4)
FNF:3
FNH:3
FNDA:66,(anonymous_1)
FNDA:3,(anonymous_3)
FNDA:4,(anonymous_4)
DA:1,64
DA:3,128
DA:4,64
DA:5,3
DA:6,4
DA:9,64
LF:6
LH:6
BRDA:5,0,0,2
BRDA:5,0,1,1
BRF:2
BRH:2
end_of_record
TN:
SF:/Users/Niall.Bunting/work/cvs/cvs-app-vtm/src/app/pipes/OrderByStatusPipe.ts
FN:5,(anonymous_1)
FN:6,(anonymous_3)
FN:10,(anonymous_4)
FN:16,(anonymous_5)
FN:22,(anonymous_6)
FN:25,(anonymous_7)
FN:28,(anonymous_8)
FNF:7
FNH:7
FNDA:68,(anonymous_1)
FNDA:7,(anonymous_3)
FNDA:8,(anonymous_4)
FNDA:11,(anonymous_5)
FNDA:13,(anonymous_6)
FNDA:1,(anonymous_7)
FNDA:4,(anonymous_8)
DA:1,64
DA:5,128
DA:6,64
DA:7,7
DA:8,6
DA:9,6
DA:10,8
DA:12,6
DA:13,4
DA:16,11
DA:17,6
DA:18,5
DA:21,6
DA:22,13
DA:24,6
DA:25,1
DA:27,6
DA:28,6
DA:31,6
DA:34,64
LF:20
LH:20
BRDA:7,0,0,6
BRDA:7,0,1,1
BRDA:12,1,0,4
BRDA:12,1,1,2
BRDA:17,2,0,5
BRDA:17,2,1,1
BRDA:27,3,0,6
BRDA:27,3,1,0
BRF:8
BRH:7
end_of_record
TN:
SF:/Users/Niall.Bunting/work/cvs/cvs-app-vtm/src/app/pipes/SortByDatePipe.ts
FN:4,(anonymous_1)
FN:5,(anonymous_3)
FN:8,(anonymous_4)
FNF:3
FNH:3
FNDA:68,(anonymous_1)
FNDA:5,(anonymous_3)
FNDA:4,(anonymous_4)
DA:1,64
DA:4,128
DA:5,64
DA:6,5
DA:7,4
DA:8,4
DA:12,64
LF:7
LH:7
BRDA:6,0,0,4
BRDA:6,0,1,1
BRF:2
BRH:2
end_of_record
TN:
SF:/Users/Niall.Bunting/work/cvs/cvs-app-vtm/src/app/pipes/capitalize-string.ts
FN:4,(anonymous_1)
FN:5,(anonymous_3)
FNF:2
FNH:2
FNDA:81,(anonymous_1)
FNDA:20,(anonymous_3)
DA:1,64
DA:4,128
DA:5,64
DA:6,20
DA:10,64
LF:5
LH:5
BRDA:7,0,0,19
BRDA:7,0,1,1
BRF:2
BRH:2
end_of_record
TN:
SF:/Users/Niall.Bunting/work/cvs/cvs-app-vtm/src/app/pipes/display-by-delimiter.ts
FN:4,(anonymous_1)
FN:5,(anonymous_3)
FN:6,(anonymous_4)
FNF:3
FNH:3
FNDA:77,(anonymous_1)
FNDA:23,(anonymous_3)
FNDA:54,(anonymous_4)
DA:1,64
DA:4,128
DA:5,64
DA:6,54
DA:7,23
DA:9,64
LF:6
LH:6
BRDA:6,0,0,22
BRDA:6,0,1,1
BRF:2
BRH:2
end_of_record
TN:
SF:/Users/Niall.Bunting/work/cvs/cvs-app-vtm/src/app/pipes/display-options.pipe.ts
FN:14,(anonymous_1)
FN:15,(anonymous_3)
FN:16,(anonymous_4)
FNF:3
FNH:3
FNDA:125,(anonymous_1)
FNDA:58,(anonymous_3)
FNDA:447,(anonymous_4)
DA:1,66
DA:14,132
DA:15,66
DA:16,58
DA:17,447
DA:24,66
LF:6
LH:6
BRDA:15,0,0,38
BRDA:15,0,1,20
BRF:2
BRH:2
end_of_record
TN:
SF:/Users/Niall.Bunting/work/cvs/cvs-app-vtm/src/app/shared/index.ts
FNF:0
FNH:0
DA:1,29
LF:1
LH:1
BRF:0
BRH:0
end_of_record
TN:
SF:/Users/Niall.Bunting/work/cvs/cvs-app-vtm/src/app/shared/shared.module.ts
FN:67,(anonymous_1)
FNF:1
FNH:1
FNDA:228,(anonymous_1)
DA:1,63
DA:2,63
DA:3,63
DA:4,63
DA:6,63
DA:7,63
DA:8,63
DA:9,63
DA:10,63
DA:12,63
DA:13,63
DA:14,63
DA:15,63
DA:16,63
DA:17,63
DA:18,63
DA:19,63
DA:20,63
DA:21,63
DA:22,63
DA:23,63
DA:24,63
DA:25,63
DA:26,63
DA:27,63
DA:28,63
DA:30,63
DA:67,126
LF:28
LH:28
BRF:0
BRH:0
end_of_record
TN:
SF:/Users/Niall.Bunting/work/cvs/cvs-app-vtm/src/app/shared/adr-reason-modal/adr-reason-modal.component.html
FNF:0
FNH:0
DA:1,65
LF:1
LH:1
BRF:0
BRH:0
end_of_record
TN:
SF:/Users/Niall.Bunting/work/cvs/cvs-app-vtm/src/app/shared/adr-reason-modal/adr-reason-modal.component.ts
FN:14,(anonymous_4)
FN:15,AdrReasonModalComponent
FN:20,(anonymous_6)
FN:24,(anonymous_7)
FNF:4
FNH:4
FNDA:65,(anonymous_4)
FNDA:3,AdrReasonModalComponent
FNDA:1,(anonymous_6)
FNDA:1,(anonymous_7)
DA:1,65
DA:2,65
DA:14,130
DA:16,3
DA:17,3
DA:20,65
DA:21,1
DA:24,65
DA:25,1
DA:27,65
LF:10
LH:10
BRF:0
BRH:0
end_of_record
TN:
SF:/Users/Niall.Bunting/work/cvs/cvs-app-vtm/src/app/shared/components/control.ts
FN:3,(anonymous_0)
FNF:1
FNH:1
FNDA:66,(anonymous_0)
DA:3,66
DA:11,66
LF:2
LH:2
BRF:0
BRH:0
end_of_record
TN:
SF:/Users/Niall.Bunting/work/cvs/cvs-app-vtm/src/app/shared/components/autocomplete/autocomplete.component.html
FNF:0
FNH:0
DA:1,64
LF:1
LH:1
BRF:0
BRH:0
end_of_record
TN:
SF:/Users/Niall.Bunting/work/cvs/cvs-app-vtm/src/app/shared/components/autocomplete/autocomplete.component.ts
FN:31,(anonymous_2)
FN:67,AutocompleteComponent
FN:48,(anonymous_4)
FN:55,(anonymous_5)
FN:51,(anonymous_6)
FN:63,(anonymous_7)
FN:59,(anonymous_8)
FN:69,(anonymous_9)
FN:73,(anonymous_10)
FN:79,(anonymous_11)
FN:84,(anonymous_12)
FN:88,(anonymous_13)
FN:92,(anonymous_14)
FN:96,(anonymous_15)
FN:22,(anonymous_16)
FNF:15
FNH:13
FNDA:64,(anonymous_2)
FNDA:11,AutocompleteComponent
FNDA:6,(anonymous_4)
FNDA:52,(anonymous_5)
FNDA:6,(anonymous_6)
FNDA:0,(anonymous_7)
FNDA:7,(anonymous_8)
FNDA:6,(anonymous_9)
FNDA:7,(anonymous_10)
FNDA:8,(anonymous_11)
FNDA:0,(anonymous_12)
FNDA:8,(anonymous_13)
FNDA:8,(anonymous_14)
FNDA:8,(anonymous_15)
FNDA:209,(anonymous_16)
DA:1,64
DA:11,64
DA:12,64
DA:13,64
DA:14,64
DA:22,209
DA:31,128
DA:33,64
DA:34,64
DA:35,75
DA:36,64
DA:39,75
DA:43,11
DA:44,11
DA:46,11
DA:47,11
DA:48,11
DA:51,128
DA:52,6
DA:53,6
DA:56,52
DA:59,64
DA:60,7
DA:61,7
DA:64,0
DA:67,11
DA:69,70
DA:70,6
DA:71,6
DA:73,7
DA:79,64
DA:80,8
DA:81,8
DA:84,64
DA:85,0
DA:88,64
DA:89,8
DA:92,64
DA:93,8
DA:96,64
DA:97,64
LF:41
LH:39
BRF:0
BRH:0
end_of_record
TN:
SF:/Users/Niall.Bunting/work/cvs/cvs-app-vtm/src/app/shared/components/date-input/date-input.component.html
FNF:0
FNH:0
DA:1,64
LF:1
LH:1
BRF:0
BRH:0
end_of_record
TN:
SF:/Users/Niall.Bunting/work/cvs/cvs-app-vtm/src/app/shared/components/date-input/date-input.component.ts
FN:41,pad
FN:61,(anonymous_3)
FN:104,DateInputComponent
FN:102,(anonymous_5)
FN:87,(anonymous_6)
FN:83,(anonymous_7)
FN:97,(anonymous_8)
FN:93,(anonymous_9)
FN:108,(anonymous_10)
FN:118,(anonymous_11)
FN:124,(anonymous_12)
FN:130,(anonymous_13)
FN:135,(anonymous_14)
FN:141,(anonymous_15)
FN:151,(anonymous_16)
FN:155,(anonymous_17)
FN:52,(anonymous_18)
FNF:17
FNH:15
FNDA:47,pad
FNDA:64,(anonymous_3)
FNDA:26,DateInputComponent
FNDA:26,(anonymous_5)
FNDA:192,(anonymous_6)
FNDA:26,(anonymous_7)
FNDA:0,(anonymous_8)
FNDA:30,(anonymous_9)
FNDA:26,(anonymous_10)
FNDA:30,(anonymous_11)
FNDA:30,(anonymous_12)
FNDA:20,(anonymous_13)
FNDA:0,(anonymous_14)
FNDA:27,(anonymous_15)
FNDA:27,(anonymous_16)
FNDA:27,(anonymous_17)
FNDA:203,(anonymous_18)
DA:1,64
DA:11,64
DA:18,64
DA:19,64
DA:20,64
DA:39,64
DA:42,47
DA:43,47
DA:52,203
DA:61,128
DA:74,26
DA:75,26
DA:77,64
DA:80,90
DA:83,128
DA:84,26
DA:85,26
DA:88,192
DA:90,26
DA:92,90
DA:93,64
DA:94,30
DA:95,30
DA:98,0
DA:101,26
DA:102,26
DA:104,26
DA:105,26
DA:108,90
DA:109,26
DA:116,26
DA:118,30
DA:119,30
DA:120,24
DA:122,6
DA:124,30
DA:130,64
DA:131,20
DA:132,20
DA:135,64
DA:138,0
DA:141,64
DA:142,27
DA:143,27
DA:144,27
DA:146,27
DA:148,27
DA:151,64
DA:152,27
DA:155,64
DA:156,64
LF:51
LH:49
BRDA:43,0,0,42
BRDA:43,0,1,5
BRDA:119,1,0,24
BRDA:119,1,1,6
BRDA:119,2,0,30
BRDA:119,2,1,6
BRDA:119,2,2,6
BRDA:120,3,0,22
BRDA:120,3,1,2
BRDA:120,4,0,23
BRDA:120,4,1,1
BRDA:120,5,0,24
BRDA:120,5,1,0
BRDA:146,6,0,27
BRDA:146,6,1,6
BRF:15
BRH:14
end_of_record
TN:
SF:/Users/Niall.Bunting/work/cvs/cvs-app-vtm/src/app/shared/components/time-input/time-input.component.html
FNF:0
FNH:0
DA:1,1
LF:1
LH:1
BRF:0
BRH:0
end_of_record
TN:
SF:/Users/Niall.Bunting/work/cvs/cvs-app-vtm/src/app/shared/components/time-input/time-input.component.ts
FN:39,(anonymous_2)
FN:71,TimeInputComponent
FN:69,(anonymous_4)
FN:54,(anonymous_5)
FN:50,(anonymous_6)
FN:64,(anonymous_7)
FN:60,(anonymous_8)
FN:75,(anonymous_9)
FN:82,(anonymous_10)
FN:94,(anonymous_11)
FN:102,(anonymous_12)
FN:107,(anonymous_13)
FN:111,(anonymous_14)
FN:123,(anonymous_15)
FN:127,(anonymous_16)
FN:30,(anonymous_17)
FNF:16
FNH:14
FNDA:1,(anonymous_2)
FNDA:3,TimeInputComponent
FNDA:3,(anonymous_4)
FNDA:32,(anonymous_5)
FNDA:3,(anonymous_6)
FNDA:0,(anonymous_7)
FNDA:4,(anonymous_8)
FNDA:3,(anonymous_9)
FNDA:4,(anonymous_10)
FNDA:4,(anonymous_11)
FNDA:2,(anonymous_12)
FNDA:0,(anonymous_13)
FNDA:4,(anonymous_14)
FNDA:4,(anonymous_15)
FNDA:4,(anonymous_16)
FNDA:6,(anonymous_17)
DA:1,1
DA:11,1
DA:18,1
DA:19,1
DA:20,1
DA:22,1
DA:30,6
DA:39,2
DA:42,3
DA:43,3
DA:46,4
DA:48,1
DA:50,2
DA:51,3
DA:52,3
DA:55,32
DA:57,3
DA:59,4
DA:60,1
DA:61,4
DA:62,4
DA:65,0
DA:68,3
DA:69,3
DA:71,3
DA:72,3
DA:75,4
DA:76,3
DA:80,3
DA:82,4
DA:83,4
DA:85,4
DA:86,4
DA:88,4
DA:89,4
DA:92,0
DA:95,4
DA:102,1
DA:103,2
DA:104,2
DA:107,1
DA:108,0
DA:111,1
DA:112,4
DA:113,4
DA:114,4
DA:116,4
DA:120,4
DA:123,1
DA:124,4
DA:127,1
DA:128,1
LF:52
LH:49
BRDA:88,0,0,4
BRDA:88,0,1,0
BRF:2
BRH:1
end_of_record
TN:
SF:/Users/Niall.Bunting/work/cvs/cvs-app-vtm/src/app/shared/components/tree/tree.component.html
FNF:0
FNH:0
DA:1,1
LF:1
LH:1
BRF:0
BRH:0
end_of_record
TN:
SF:/Users/Niall.Bunting/work/cvs/cvs-app-vtm/src/app/shared/components/tree/tree.component.ts
FN:8,(anonymous_2)
FN:11,TreeNode
FN:20,(anonymous_4)
FN:32,TreeComponent
FN:48,(anonymous_6)
FN:52,(anonymous_7)
FN:58,(anonymous_8)
FN:68,(anonymous_9)
FN:78,(anonymous_10)
FN:82,(anonymous_11)
FN:86,(anonymous_12)
FN:90,(anonymous_13)
FN:95,(anonymous_14)
FN:99,(anonymous_15)
FN:100,(anonymous_16)
FNF:15
FNH:14
FNDA:1,(anonymous_2)
FNDA:9,TreeNode
FNDA:1,(anonymous_4)
FNDA:9,TreeComponent
FNDA:9,(anonymous_6)
FNDA:2,(anonymous_7)
FNDA:4,(anonymous_8)
FNDA:2,(anonymous_9)
FNDA:1,(anonymous_10)
FNDA:1,(anonymous_11)
FNDA:1,(anonymous_12)
FNDA:1,(anonymous_13)
FNDA:1,(anonymous_14)
FNDA:1,(anonymous_15)
FNDA:0,(anonymous_16)
DA:1,1
DA:2,1
DA:3,1
DA:4,1
DA:8,1
DA:11,9
DA:12,9
DA:14,1
DA:20,2
DA:21,1
DA:22,10
DA:24,9
DA:33,9
DA:40,9
DA:45,9
DA:48,1
DA:49,9
DA:52,1
DA:53,2
DA:58,1
DA:59,4
DA:61,4
DA:62,1
DA:64,3
DA:68,1
DA:69,2
DA:70,1
DA:72,1
DA:73,1
DA:75,0
DA:78,1
DA:79,1
DA:82,1
DA:83,1
DA:86,1
DA:87,1
DA:90,1
DA:91,1
DA:92,1
DA:95,1
DA:96,1
DA:99,1
DA:100,1
DA:101,1
DA:103,1
DA:105,1
DA:107,1
LF:47
LH:46
BRDA:12,0,0,5
BRDA:12,0,1,4
BRDA:49,1,0,0
BRDA:49,1,1,9
BRDA:59,2,0,4
BRDA:59,2,1,1
BRDA:61,3,0,1
BRDA:61,3,1,3
BRDA:69,4,0,1
BRDA:69,4,1,1
BRDA:69,5,0,2
BRDA:69,5,1,2
BRDA:69,5,2,1
BRDA:72,6,0,1
BRDA:72,6,1,0
BRDA:72,7,0,1
BRDA:72,7,1,1
BRDA:72,7,2,1
BRDA:79,8,0,1
BRDA:79,8,1,1
BRF:20
BRH:18
end_of_record
TN:
SF:/Users/Niall.Bunting/work/cvs/cvs-app-vtm/src/app/shared/delayed-retry/delayed-retry.ts
FN:11,delayedRetry
FN:14,(anonymous_1)
FN:16,(anonymous_2)
FN:18,(anonymous_3)
FN:26,(anonymous_4)
FNF:5
FNH:2
FNDA:12,delayedRetry
FNDA:10,(anonymous_1)
FNDA:0,(anonymous_2)
FNDA:0,(anonymous_3)
FNDA:0,(anonymous_4)
DA:1,13
DA:2,13
DA:4,13
DA:8,13
DA:9,13
DA:11,13
DA:12,12
DA:14,12
DA:15,10
DA:17,0
DA:19,0
DA:20,0
DA:22,0
DA:26,0
LF:14
LH:9
BRDA:19,0,0,0
BRDA:19,0,1,0
BRDA:19,1,0,0
BRDA:19,1,1,0
BRDA:26,2,0,0
BRDA:26,2,1,0
BRF:6
BRH:0
end_of_record
TN:
SF:/Users/Niall.Bunting/work/cvs/cvs-app-vtm/src/app/shared/dialog-box/dialog-box.component.html
FNF:0
FNH:0
DA:1,64
LF:1
LH:1
BRF:0
BRH:0
end_of_record
TN:
SF:/Users/Niall.Bunting/work/cvs/cvs-app-vtm/src/app/shared/dialog-box/dialog-box.component.ts
FN:10,(anonymous_4)
FN:11,DialogBoxComponent
FN:16,(anonymous_6)
FN:18,(anonymous_7)
FN:22,(anonymous_8)
FNF:5
FNH:5
FNDA:64,(anonymous_4)
FNDA:3,DialogBoxComponent
FNDA:3,(anonymous_6)
FNDA:1,(anonymous_7)
FNDA:1,(anonymous_8)
DA:1,64
DA:2,64
DA:10,128
DA:12,3
DA:13,3
DA:16,64
DA:18,64
DA:19,1
DA:22,64
DA:23,1
DA:25,64
LF:11
LH:11
BRF:0
BRH:0
end_of_record
TN:
SF:/Users/Niall.Bunting/work/cvs/cvs-app-vtm/src/app/shared/dialog-box-confirmation/dialog-box-confirmation.component.html
FNF:0
FNH:0
DA:1,64
LF:1
LH:1
BRF:0
BRH:0
end_of_record
TN:
SF:/Users/Niall.Bunting/work/cvs/cvs-app-vtm/src/app/shared/dialog-box-confirmation/dialog-box-confirmation.component.ts
FN:15,(anonymous_4)
FN:16,DialogBoxConfirmationComponent
FN:21,(anonymous_6)
FN:23,(anonymous_7)
FN:27,(anonymous_8)
FNF:5
FNH:5
FNDA:64,(anonymous_4)
FNDA:3,DialogBoxConfirmationComponent
FNDA:3,(anonymous_6)
FNDA:1,(anonymous_7)
FNDA:1,(anonymous_8)
DA:1,64
DA:2,64
DA:15,128
DA:17,3
DA:18,3
DA:21,64
DA:23,64
DA:24,1
DA:27,64
DA:28,1
DA:30,64
LF:11
LH:11
BRF:0
BRH:0
end_of_record
TN:
SF:/Users/Niall.Bunting/work/cvs/cvs-app-vtm/src/app/shared/dialog-ministry-plates/dialog-ministry-plates.component.html
FNF:0
FNH:0
DA:1,65
LF:1
LH:1
BRF:0
BRH:0
end_of_record
TN:
SF:/Users/Niall.Bunting/work/cvs/cvs-app-vtm/src/app/shared/dialog-ministry-plates/dialog-ministry-plates.component.ts
FN:15,(anonymous_4)
FN:16,DialogMinistryPlatesComponent
FN:21,(anonymous_6)
FN:23,(anonymous_7)
FN:27,(anonymous_8)
FNF:5
FNH:5
FNDA:65,(anonymous_4)
FNDA:3,DialogMinistryPlatesComponent
FNDA:3,(anonymous_6)
FNDA:1,(anonymous_7)
FNDA:1,(anonymous_8)
DA:1,65
DA:2,65
DA:15,130
DA:17,3
DA:18,3
DA:21,65
DA:23,65
DA:24,1
DA:27,65
DA:28,1
DA:29,1
DA:31,65
LF:12
LH:12
BRF:0
BRH:0
end_of_record
TN:
SF:/Users/Niall.Bunting/work/cvs/cvs-app-vtm/src/app/shared/directives/back-button.directive.ts
FN:7,(anonymous_2)
FN:8,BackButtonDirective
FN:11,(anonymous_4)
FNF:3
FNH:3
FNDA:64,(anonymous_2)
FNDA:19,BackButtonDirective
FNDA:1,(anonymous_4)
DA:1,64
DA:2,64
DA:7,128
DA:8,19
DA:11,128
DA:12,1
DA:14,64
LF:7
LH:7
BRF:0
BRH:0
end_of_record
TN:
SF:/Users/Niall.Bunting/work/cvs/cvs-app-vtm/src/app/shared/directives/directives.module.ts
FN:14,(anonymous_1)
FNF:1
FNH:1
FNDA:228,(anonymous_1)
DA:1,63
DA:2,63
DA:4,63
DA:5,63
DA:7,63
DA:14,126
LF:6
LH:6
BRF:0
BRH:0
end_of_record
TN:
SF:/Users/Niall.Bunting/work/cvs/cvs-app-vtm/src/app/shared/directives/null-value.directive.ts
FN:7,(anonymous_2)
FN:8,NullValueDirective
FN:12,(anonymous_4)
FNF:3
FNH:3
FNDA:64,(anonymous_2)
FNDA:144,NullValueDirective
FNDA:1,(anonymous_4)
DA:1,64
DA:2,64
DA:7,128
DA:8,144
DA:12,128
DA:13,1
DA:14,1
DA:17,64
LF:8
LH:8
BRDA:13,0,0,1
BRDA:13,0,1,0
BRF:2
BRH:1
end_of_record
TN:
SF:/Users/Niall.Bunting/work/cvs/cvs-app-vtm/src/app/shared/error-summary/error-summary.component.html
FNF:0
FNH:0
DA:1,64
LF:1
LH:1
BRF:0
BRH:0
end_of_record
TN:
SF:/Users/Niall.Bunting/work/cvs/cvs-app-vtm/src/app/shared/error-summary/error-summary.component.ts
FN:14,(anonymous_2)
FN:16,ErrorSummaryComponent
FNF:2
FNH:2
FNDA:64,(anonymous_2)
FNDA:2,ErrorSummaryComponent
DA:1,64
DA:2,64
DA:6,64
DA:14,128
DA:16,2
DA:17,2
DA:19,64
LF:7
LH:7
BRF:0
BRH:0
end_of_record
TN:
SF:/Users/Niall.Bunting/work/cvs/cvs-app-vtm/src/app/shared/libraries/accordion/accordion.component.html
FNF:0
FNH:0
DA:1,1
LF:1
LH:1
BRF:0
BRH:0
end_of_record
TN:
SF:/Users/Niall.Bunting/work/cvs/cvs-app-vtm/src/app/shared/libraries/accordion/accordion.component.ts
FN:8,(anonymous_2)
FN:9,AccordionComponent
FN:11,(anonymous_4)
FNF:3
FNH:3
FNDA:1,(anonymous_2)
FNDA:2,AccordionComponent
FNDA:2,(anonymous_4)
DA:1,1
DA:8,2
DA:11,1
DA:12,1
LF:4
LH:4
BRF:0
BRH:0
end_of_record
TN:
SF:/Users/Niall.Bunting/work/cvs/cvs-app-vtm/src/app/shared/libraries/accordion-item/accordion-item.component.html
FNF:0
FNH:0
DA:1,1
LF:1
LH:1
BRF:0
BRH:0
end_of_record
TN:
SF:/Users/Niall.Bunting/work/cvs/cvs-app-vtm/src/app/shared/libraries/accordion-item/accordion-item.component.ts
FN:8,(anonymous_2)
FN:12,AccordionItemComponent
FN:14,(anonymous_4)
FNF:3
FNH:3
FNDA:1,(anonymous_2)
FNDA:2,AccordionItemComponent
FNDA:2,(anonymous_4)
DA:1,1
DA:8,2
DA:9,1
DA:14,1
DA:15,2
DA:17,1
LF:6
LH:6
BRDA:15,0,0,0
BRDA:15,0,1,2
BRF:2
BRH:1
end_of_record
TN:
SF:/Users/Niall.Bunting/work/cvs/cvs-app-vtm/src/app/shared/page-not-found-component/page-not-found-component.component.html
FNF:0
FNH:0
DA:1,64
LF:1
LH:1
BRF:0
BRH:0
end_of_record
TN:
SF:/Users/Niall.Bunting/work/cvs/cvs-app-vtm/src/app/shared/page-not-found-component/page-not-found-component.component.ts
FN:7,(anonymous_2)
FN:8,PageNotFoundComponentComponent
FN:10,(anonymous_4)
FNF:3
FNH:3
FNDA:64,(anonymous_2)
FNDA:1,PageNotFoundComponentComponent
FNDA:1,(anonymous_4)
DA:1,64
DA:7,128
DA:10,64
DA:11,64
LF:4
LH:4
BRF:0
BRH:0
end_of_record
TN:
SF:/Users/Niall.Bunting/work/cvs/cvs-app-vtm/src/app/shared/pending-changes-guard/pending-changes.guard.ts
FN:12,(anonymous_2)
FN:13,PendingChangesGuard
FN:15,(anonymous_4)
FNF:3
FNH:3
FNDA:1,(anonymous_2)
FNDA:3,PendingChangesGuard
FNDA:2,(anonymous_4)
DA:1,1
DA:5,1
DA:12,2
DA:13,3
DA:15,1
DA:16,2
DA:18,1
LF:7
LH:7
BRDA:16,0,0,1
BRDA:16,0,1,1
BRF:2
BRH:2
end_of_record
TN:
SF:/Users/Niall.Bunting/work/cvs/cvs-app-vtm/src/app/shared/pending-changes-service/pending-changes.service.ts
FN:11,(anonymous_2)
FN:12,PendingChangesService
FN:14,(anonymous_4)
FN:16,(anonymous_5)
FN:25,(anonymous_6)
FN:26,(anonymous_7)
FNF:6
FNH:5
FNDA:65,(anonymous_2)
FNDA:4,PendingChangesService
FNDA:3,(anonymous_4)
FNDA:0,(anonymous_5)
FNDA:2,(anonymous_6)
FNDA:1,(anonymous_7)
DA:1,65
DA:2,65
DA:3,65
DA:4,65
DA:5,65
DA:6,65
DA:11,130
DA:12,4
DA:14,68
DA:15,3
DA:16,3
DA:17,0
DA:18,0
DA:20,3
DA:24,3
DA:25,2
DA:26,1
DA:29,65
LF:18
LH:16
BRDA:25,0,0,1
BRDA:25,0,1,1
BRF:2
BRH:2
end_of_record
TN:
SF:/Users/Niall.Bunting/work/cvs/cvs-app-vtm/src/app/shared/prevent-page-leave-modal/prevent-leave-page-modal.component.html
FNF:0
FNH:0
DA:1,66
LF:1
LH:1
BRF:0
BRH:0
end_of_record
TN:
SF:/Users/Niall.Bunting/work/cvs/cvs-app-vtm/src/app/shared/prevent-page-leave-modal/prevent-leave-page-modal.component.ts
FN:10,(anonymous_2)
FN:11,PreventLeavePageModalComponent
FN:13,(anonymous_4)
FN:17,(anonymous_5)
FNF:4
FNH:4
FNDA:66,(anonymous_2)
FNDA:3,PreventLeavePageModalComponent
FNDA:1,(anonymous_4)
FNDA:1,(anonymous_5)
DA:1,66
DA:2,66
DA:10,132
DA:11,3
DA:13,66
DA:14,1
DA:17,66
DA:18,1
DA:20,66
LF:9
LH:9
BRF:0
BRH:0
end_of_record
TN:
SF:/Users/Niall.Bunting/work/cvs/cvs-app-vtm/src/app/shared/spinner-loader/spinner-loader.component.html
FNF:0
FNH:0
DA:1,1
LF:1
LH:1
BRF:0
BRH:0
end_of_record
TN:
SF:/Users/Niall.Bunting/work/cvs/cvs-app-vtm/src/app/shared/spinner-loader/spinner-loader.component.ts
FN:12,(anonymous_2)
FN:14,SpinnerLoaderComponent
FN:15,(anonymous_4)
FNF:3
FNH:2
FNDA:1,(anonymous_2)
FNDA:1,SpinnerLoaderComponent
FNDA:0,(anonymous_4)
DA:1,1
DA:3,1
DA:12,2
DA:14,1
DA:15,1
DA:17,1
LF:6
LH:6
BRF:0
BRH:0
end_of_record
TN:
SF:/Users/Niall.Bunting/work/cvs/cvs-app-vtm/src/app/shell/shell.page.html
FNF:0
FNH:0
DA:1,1
LF:1
LH:1
BRF:0
BRH:0
end_of_record
TN:
SF:/Users/Niall.Bunting/work/cvs/cvs-app-vtm/src/app/shell/shell.page.ts
FN:8,(anonymous_2)
FN:9,ShellPage
FNF:2
FNH:2
FNDA:1,(anonymous_2)
FNDA:1,ShellPage
DA:1,1
DA:8,2
DA:10,1
LF:3
LH:3
BRF:0
BRH:0
end_of_record
TN:
SF:/Users/Niall.Bunting/work/cvs/cvs-app-vtm/src/app/shell/footer/footer.component.html
FNF:0
FNH:0
DA:1,1
LF:1
LH:1
BRF:0
BRH:0
end_of_record
TN:
SF:/Users/Niall.Bunting/work/cvs/cvs-app-vtm/src/app/shell/footer/footer.component.ts
FN:7,(anonymous_2)
FN:8,FooterComponent
FN:10,(anonymous_4)
FNF:3
FNH:3
FNDA:1,(anonymous_2)
FNDA:1,FooterComponent
FNDA:1,(anonymous_4)
DA:1,1
DA:7,2
DA:10,1
DA:11,1
LF:4
LH:4
BRF:0
BRH:0
end_of_record
TN:
SF:/Users/Niall.Bunting/work/cvs/cvs-app-vtm/src/app/shell/header/header.component.html
FNF:0
FNH:0
DA:1,1
LF:1
LH:1
BRF:0
BRH:0
end_of_record
TN:
SF:/Users/Niall.Bunting/work/cvs/cvs-app-vtm/src/app/shell/header/header.component.ts
FN:11,(anonymous_2)
FN:15,HeaderComponent
FN:17,(anonymous_4)
FN:21,(anonymous_5)
FN:25,(anonymous_6)
FN:31,(anonymous_7)
FNF:6
FNH:6
FNDA:1,(anonymous_2)
FNDA:5,HeaderComponent
FNDA:6,(anonymous_4)
FNDA:1,(anonymous_5)
FNDA:2,(anonymous_6)
FNDA:2,(anonymous_7)
DA:1,1
DA:2,1
DA:3,1
DA:4,1
DA:11,2
DA:13,5
DA:15,5
DA:17,1
DA:18,6
DA:21,1
DA:22,1
DA:25,3
DA:26,2
DA:27,2
DA:31,2
DA:32,2
DA:33,1
DA:37,0
DA:40,1
LF:19
LH:18
BRDA:18,0,0,6
BRDA:18,0,1,0
BRDA:26,1,0,2
BRDA:26,1,1,0
BRDA:32,2,0,1
BRDA:32,2,1,1
BRF:6
BRH:4
end_of_record
TN:
SF:/Users/Niall.Bunting/work/cvs/cvs-app-vtm/src/app/shell/header/logout-modal/logout-modal.component.html
FNF:0
FNH:0
DA:1,2
LF:1
LH:1
BRF:0
BRH:0
end_of_record
TN:
SF:/Users/Niall.Bunting/work/cvs/cvs-app-vtm/src/app/shell/header/logout-modal/logout-modal.component.ts
FN:10,(anonymous_2)
FN:11,LogoutModalComponent
FN:13,(anonymous_4)
FN:17,(anonymous_5)
FNF:4
FNH:4
FNDA:2,(anonymous_2)
FNDA:3,LogoutModalComponent
FNDA:1,(anonymous_4)
FNDA:1,(anonymous_5)
DA:1,2
DA:2,2
DA:10,4
DA:11,3
DA:13,2
DA:14,1
DA:17,2
DA:18,1
DA:20,2
LF:9
LH:9
BRF:0
BRH:0
end_of_record
TN:
SF:/Users/Niall.Bunting/work/cvs/cvs-app-vtm/src/app/store/actions/Error.actions.ts
FN:3,(anonymous_0)
FN:8,(anonymous_1)
FN:10,SetErrorMessage
FN:13,(anonymous_3)
FNF:4
FNH:4
FNDA:13,(anonymous_0)
FNDA:13,(anonymous_1)
FNDA:11,SetErrorMessage
FNDA:24,(anonymous_3)
DA:3,13
DA:4,13
DA:5,13
DA:8,13
DA:9,11
DA:10,11
DA:11,13
DA:13,13
DA:14,11
DA:15,13
LF:10
LH:10
BRDA:3,0,0,13
BRDA:3,0,1,13
BRF:2
BRH:2
end_of_record
TN:
SF:/Users/Niall.Bunting/work/cvs/cvs-app-vtm/src/app/store/actions/Loader.actions.ts
FN:3,(anonymous_0)
FN:8,(anonymous_1)
FN:12,(anonymous_3)
FNF:3
FNH:3
FNDA:16,(anonymous_0)
FNDA:35,(anonymous_1)
FNDA:29,(anonymous_3)
DA:3,16
DA:4,16
DA:5,16
DA:8,16
DA:9,19
DA:10,16
DA:12,16
DA:13,13
DA:14,16
LF:9
LH:9
BRDA:3,0,0,16
BRDA:3,0,1,16
BRF:2
BRH:2
end_of_record
TN:
SF:/Users/Niall.Bunting/work/cvs/cvs-app-vtm/src/app/store/actions/ReferenceData.actions.ts
FN:6,(anonymous_0)
FN:14,(anonymous_1)
FN:18,(anonymous_3)
FN:22,(anonymous_5)
FN:24,LoadPreparersSuccess
FN:27,(anonymous_7)
FN:29,LoadTestStationsSuccess
FN:32,(anonymous_9)
FN:34,LoadTestTypeCategoriesSuccess
FNF:9
FNH:9
FNDA:8,(anonymous_0)
FNDA:9,(anonymous_1)
FNDA:10,(anonymous_3)
FNDA:8,(anonymous_5)
FNDA:6,LoadPreparersSuccess
FNDA:8,(anonymous_7)
FNDA:2,LoadTestStationsSuccess
FNDA:8,(anonymous_9)
FNDA:6,LoadTestTypeCategoriesSuccess
DA:6,8
DA:7,8
DA:8,8
DA:9,8
DA:10,8
DA:11,8
DA:14,8
DA:15,1
DA:16,8
DA:18,8
DA:19,2
DA:20,8
DA:22,8
DA:23,6
DA:24,6
DA:25,8
DA:27,8
DA:28,2
DA:29,2
DA:30,8
DA:32,8
DA:33,6
DA:34,6
DA:35,8
LF:24
LH:24
BRDA:6,0,0,8
BRDA:6,0,1,8
BRF:2
BRH:2
end_of_record
TN:
SF:/Users/Niall.Bunting/work/cvs/cvs-app-vtm/src/app/store/actions/VehicleTechRecordModel.actions.ts
FN:11,(anonymous_0)
FN:26,(anonymous_1)
FN:29,GetVehicleTechRecordHavingStatusAll
FN:32,(anonymous_3)
FN:35,GetVehicleTechRecordHavingStatusAllSuccess
FN:38,(anonymous_5)
FN:40,SetVehicleTechRecordOnCreate
FN:43,(anonymous_7)
FN:45,CreateVehicleTechRecord
FN:48,(anonymous_9)
FN:50,UpdateVehicleTechRecord
FN:53,(anonymous_11)
FN:55,UpdateVehicleTechRecordSuccess
FN:58,(anonymous_13)
FN:60,SetSelectedVehicleTechnicalRecord
FN:63,(anonymous_15)
FN:65,SetSelectedVehicleTechRecordSuccess
FN:68,(anonymous_17)
FN:70,SetViewState
FNF:19
FNH:19
FNDA:11,(anonymous_0)
FNDA:11,(anonymous_1)
FNDA:18,GetVehicleTechRecordHavingStatusAll
FNDA:11,(anonymous_3)
FNDA:6,GetVehicleTechRecordHavingStatusAllSuccess
FNDA:11,(anonymous_5)
FNDA:2,SetVehicleTechRecordOnCreate
FNDA:11,(anonymous_7)
FNDA:4,CreateVehicleTechRecord
FNDA:11,(anonymous_9)
FNDA:6,UpdateVehicleTechRecord
FNDA:11,(anonymous_11)
FNDA:4,UpdateVehicleTechRecordSuccess
FNDA:11,(anonymous_13)
FNDA:6,SetSelectedVehicleTechnicalRecord
FNDA:11,(anonymous_15)
FNDA:5,SetSelectedVehicleTechRecordSuccess
FNDA:11,(anonymous_17)
FNDA:10,SetViewState
DA:11,11
DA:12,11
DA:13,11
DA:15,11
DA:17,11
DA:18,11
DA:20,11
DA:21,11
DA:22,11
DA:23,11
DA:26,11
DA:27,18
DA:29,18
DA:30,11
DA:32,11
DA:33,6
DA:35,6
DA:36,11
DA:38,11
DA:39,2
DA:40,2
DA:41,11
DA:43,11
DA:44,4
DA:45,4
DA:46,11
DA:48,11
DA:49,6
DA:50,6
DA:51,11
DA:53,11
DA:54,4
DA:55,4
DA:56,11
DA:58,11
DA:59,6
DA:60,6
DA:61,11
DA:63,11
DA:64,5
DA:65,5
DA:66,11
DA:68,11
DA:69,10
DA:70,10
DA:71,11
LF:46
LH:46
BRDA:11,0,0,11
BRDA:11,0,1,11
BRF:2
BRH:2
end_of_record
TN:
SF:/Users/Niall.Bunting/work/cvs/cvs-app-vtm/src/app/store/actions/VehicleTestResultModel.actions.ts
FN:7,(anonymous_0)
FN:21,(anonymous_1)
FN:23,GetVehicleTestResultModel
FN:26,(anonymous_3)
FN:28,GetVehicleTestResultModelSuccess
FN:31,(anonymous_5)
FN:33,GetVehicleTestResultModelFailure
FN:36,(anonymous_7)
FN:38,SetTestViewState
FN:41,(anonymous_9)
FN:43,UpdateTestResult
FN:46,(anonymous_11)
FN:48,UpdateTestResultSuccess
FN:51,(anonymous_13)
FN:53,SetSelectedTestResultModel
FN:56,(anonymous_15)
FN:58,SetSelectedTestResultModelSuccess
FN:61,(anonymous_17)
FN:63,DownloadCertificate
FN:66,(anonymous_19)
FN:68,UpdateSelectedTestResultModel
FN:71,(anonymous_21)
FN:73,UpdateSelectedTestResultModelSuccess
FNF:23
FNH:23
FNDA:11,(anonymous_0)
FNDA:11,(anonymous_1)
FNDA:5,GetVehicleTestResultModel
FNDA:11,(anonymous_3)
FNDA:4,GetVehicleTestResultModelSuccess
FNDA:11,(anonymous_5)
FNDA:2,GetVehicleTestResultModelFailure
FNDA:11,(anonymous_7)
FNDA:5,SetTestViewState
FNDA:11,(anonymous_9)
FNDA:4,UpdateTestResult
FNDA:11,(anonymous_11)
FNDA:2,UpdateTestResultSuccess
FNDA:11,(anonymous_13)
FNDA:1,SetSelectedTestResultModel
FNDA:11,(anonymous_15)
FNDA:1,SetSelectedTestResultModelSuccess
FNDA:11,(anonymous_17)
FNDA:3,DownloadCertificate
FNDA:11,(anonymous_19)
FNDA:2,UpdateSelectedTestResultModel
FNDA:11,(anonymous_21)
FNDA:4,UpdateSelectedTestResultModelSuccess
DA:7,11
DA:8,11
DA:9,11
DA:10,11
DA:11,11
DA:12,11
DA:13,11
DA:14,11
DA:15,11
DA:16,11
DA:17,11
DA:18,11
DA:21,11
DA:22,5
DA:23,5
DA:24,11
DA:26,11
DA:27,4
DA:28,4
DA:29,11
DA:31,11
DA:32,2
DA:33,2
DA:34,11
DA:36,11
DA:37,5
DA:38,5
DA:39,11
DA:41,11
DA:42,4
DA:43,4
DA:44,11
DA:46,11
DA:47,2
DA:48,2
DA:49,11
DA:51,11
DA:52,1
DA:53,1
DA:54,11
DA:56,11
DA:57,1
DA:58,1
DA:59,11
DA:61,11
DA:62,3
DA:63,3
DA:64,11
DA:66,11
DA:67,2
DA:68,2
DA:69,11
DA:71,11
DA:72,4
DA:73,4
DA:74,11
LF:56
LH:56
BRDA:7,0,0,11
BRDA:7,0,1,11
BRF:2
BRH:2
end_of_record
TN:
SF:/Users/Niall.Bunting/work/cvs/cvs-app-vtm/src/app/store/actions/app-form-state.actions.ts
FN:3,(anonymous_0)
FN:8,(anonymous_1)
FN:12,(anonymous_3)
FNF:3
FNH:3
FNDA:72,(anonymous_0)
FNDA:73,(anonymous_1)
FNDA:77,(anonymous_3)
DA:3,72
DA:4,72
DA:5,72
DA:8,72
DA:9,1
DA:10,72
DA:12,72
DA:13,5
DA:14,72
LF:9
LH:9
BRDA:3,0,0,72
BRDA:3,0,1,72
BRF:2
BRH:2
end_of_record
TN:
SF:/Users/Niall.Bunting/work/cvs/cvs-app-vtm/src/app/store/effects/VehicleTechRecordModel.effects.ts
FN:46,(anonymous_3)
FN:257,VehicleTechRecordModelEffects
FN:52,(anonymous_5)
FN:53,(anonymous_6)
FN:60,(anonymous_7)
FN:63,(anonymous_8)
FN:75,(anonymous_9)
FN:88,(anonymous_10)
FN:102,(anonymous_11)
FN:108,(anonymous_12)
FN:109,(anonymous_13)
FN:116,(anonymous_14)
FN:123,(anonymous_15)
FN:127,(anonymous_16)
FN:160,(anonymous_17)
FN:167,(anonymous_18)
FN:173,(anonymous_19)
FN:185,(anonymous_20)
FN:188,(anonymous_21)
FN:202,(anonymous_22)
FN:210,(anonymous_23)
FN:218,(anonymous_24)
FN:224,(anonymous_25)
FN:238,(anonymous_26)
FNF:24
FNH:18
FNDA:3,(anonymous_3)
FNDA:9,VehicleTechRecordModelEffects
FNDA:3,(anonymous_5)
FNDA:3,(anonymous_6)
FNDA:2,(anonymous_7)
FNDA:2,(anonymous_8)
FNDA:1,(anonymous_9)
FNDA:1,(anonymous_10)
FNDA:3,(anonymous_11)
FNDA:0,(anonymous_12)
FNDA:0,(anonymous_13)
FNDA:0,(anonymous_14)
FNDA:0,(anonymous_15)
FNDA:0,(anonymous_16)
FNDA:2,(anonymous_17)
FNDA:1,(anonymous_18)
FNDA:1,(anonymous_19)
FNDA:3,(anonymous_20)
FNDA:2,(anonymous_21)
FNDA:1,(anonymous_22)
FNDA:1,(anonymous_23)
FNDA:2,(anonymous_24)
FNDA:0,(anonymous_25)
FNDA:1,(anonymous_26)
DA:1,3
DA:2,3
DA:3,3
DA:4,3
DA:5,3
DA:6,3
DA:8,3
DA:20,3
DA:21,3
DA:23,3
DA:24,3
DA:31,3
DA:42,3
DA:46,6
DA:48,12
DA:52,3
DA:54,3
DA:61,2
DA:63,2
DA:64,2
DA:65,1
DA:67,1
DA:76,1
DA:77,1
DA:84,12
DA:88,1
DA:89,1
DA:90,1
DA:92,1
DA:96,1
DA:97,1
DA:100,1
DA:102,3
DA:106,12
DA:108,0
DA:110,0
DA:111,0
DA:113,0
DA:116,0
DA:119,0
DA:120,0
DA:123,0
DA:127,0
DA:128,0
DA:129,0
DA:131,0
DA:132,0
DA:134,0
DA:135,0
DA:140,0
DA:147,0
DA:148,0
DA:149,0
DA:153,0
DA:158,12
DA:160,2
DA:163,2
DA:165,2
DA:168,1
DA:173,1
DA:174,1
DA:175,1
DA:182,12
DA:185,3
DA:188,2
DA:190,2
DA:192,2
DA:201,2
DA:203,1
DA:204,1
DA:210,1
DA:211,1
DA:212,1
DA:218,3
DA:219,2
DA:224,3
DA:225,0
DA:226,0
DA:238,3
DA:240,1
DA:242,0
DA:243,0
DA:245,0
DA:246,0
DA:248,0
DA:249,0
DA:251,1
DA:254,1
DA:257,9
DA:258,9
DA:259,9
DA:260,9
DA:261,9
DA:262,9
DA:264,3
LF:95
LH:67
BRDA:64,0,0,1
BRDA:64,0,1,1
BRDA:96,1,0,1
BRDA:96,1,1,0
BRDA:119,2,0,0
BRDA:119,2,1,0
BRDA:119,3,0,0
BRDA:119,3,1,0
BRDA:128,4,0,0
BRDA:128,4,1,0
BRDA:131,5,0,0
BRDA:131,5,1,0
BRDA:134,6,0,0
BRDA:134,6,1,0
BRDA:134,7,0,0
BRDA:134,7,1,0
BRDA:148,8,0,0
BRDA:148,8,1,0
BRDA:220,9,0,2
BRDA:220,9,1,0
BRDA:241,10,0,0
BRDA:241,10,1,0
BRDA:241,10,2,0
BRDA:241,10,3,1
BRF:24
BRH:5
end_of_record
TN:
SF:/Users/Niall.Bunting/work/cvs/cvs-app-vtm/src/app/store/effects/VehicleTestResultModel.effects.ts
FN:35,(anonymous_3)
FN:153,VehicleTestResultModelEffects
FN:39,(anonymous_5)
FN:40,(anonymous_6)
FN:42,(anonymous_7)
FN:46,(anonymous_8)
FN:57,(anonymous_9)
FN:61,(anonymous_10)
FN:74,(anonymous_11)
FN:86,(anonymous_12)
FN:97,(anonymous_13)
FN:98,(anonymous_14)
FN:100,(anonymous_15)
FN:105,(anonymous_16)
FN:125,(anonymous_17)
FN:132,(anonymous_18)
FN:161,(anonymous_19)
FN:166,(anonymous_20)
FN:169,(anonymous_21)
FN:180,(anonymous_22)
FN:185,(anonymous_23)
FNF:21
FNH:19
FNDA:1,(anonymous_3)
FNDA:6,VehicleTestResultModelEffects
FNDA:1,(anonymous_5)
FNDA:1,(anonymous_6)
FNDA:1,(anonymous_7)
FNDA:0,(anonymous_8)
FNDA:1,(anonymous_9)
FNDA:1,(anonymous_10)
FNDA:1,(anonymous_11)
FNDA:0,(anonymous_12)
FNDA:2,(anonymous_13)
FNDA:2,(anonymous_14)
FNDA:1,(anonymous_15)
FNDA:1,(anonymous_16)
FNDA:1,(anonymous_17)
FNDA:1,(anonymous_18)
FNDA:1,(anonymous_19)
FNDA:1,(anonymous_20)
FNDA:1,(anonymous_21)
FNDA:1,(anonymous_22)
FNDA:1,(anonymous_23)
DA:1,1
DA:2,1
DA:14,1
DA:15,1
DA:16,1
DA:17,1
DA:18,1
DA:19,1
DA:23,1
DA:25,1
DA:26,1
DA:30,1
DA:31,1
DA:32,1
DA:35,2
DA:37,7
DA:39,1
DA:41,1
DA:43,1
DA:44,1
DA:47,0
DA:54,7
DA:57,1
DA:60,1
DA:61,1
DA:62,1
DA:63,1
DA:64,1
DA:66,1
DA:71,1
DA:75,1
DA:76,1
DA:80,1
DA:86,0
DA:87,0
DA:88,0
DA:95,7
DA:97,2
DA:99,2
DA:101,1
DA:102,1
DA:103,1
DA:106,1
DA:109,1
DA:110,1
DA:117,7
DA:125,1
DA:126,1
DA:134,1
DA:136,1
DA:142,1
DA:149,1
DA:153,6
DA:154,6
DA:155,6
DA:156,6
DA:157,6
DA:158,6
DA:161,1
DA:165,1
DA:167,1
DA:169,1
DA:172,0
DA:174,1
DA:180,1
DA:185,1
DA:186,1
DA:187,0
DA:188,0
DA:189,0
DA:192,1
DA:194,1
LF:72
LH:64
BRDA:87,0,0,0
BRDA:87,0,1,0
BRDA:166,1,0,1
BRDA:166,1,1,0
BRDA:167,2,0,0
BRDA:167,2,1,1
BRDA:186,3,0,0
BRDA:186,3,1,1
BRDA:188,4,0,0
BRDA:188,4,1,0
BRDA:189,5,0,0
BRDA:189,5,1,0
BRF:12
BRH:3
end_of_record
TN:
SF:/Users/Niall.Bunting/work/cvs/cvs-app-vtm/src/app/store/effects/app-form.effects.ts
FN:16,(anonymous_2)
FN:29,AppFormEffects
FN:20,(anonymous_4)
FN:21,(anonymous_5)
FNF:4
FNH:4
FNDA:3,(anonymous_2)
FNDA:3,AppFormEffects
FNDA:2,(anonymous_4)
FNDA:1,(anonymous_5)
DA:1,3
DA:3,3
DA:4,3
DA:5,3
DA:7,3
DA:11,3
DA:12,3
DA:13,3
DA:16,6
DA:18,6
DA:20,2
DA:22,1
DA:23,1
DA:24,1
DA:25,1
DA:29,3
DA:30,3
LF:17
LH:17
BRF:0
BRH:0
end_of_record
TN:
SF:/Users/Niall.Bunting/work/cvs/cvs-app-vtm/src/app/store/effects/router.effects.ts
FN:13,(anonymous_2)
FN:40,RouterEffects
FN:18,(anonymous_4)
FN:27,(anonymous_5)
FN:28,(anonymous_6)
FNF:5
FNH:5
FNDA:3,(anonymous_2)
FNDA:3,RouterEffects
FNDA:2,(anonymous_4)
FNDA:2,(anonymous_5)
FNDA:1,(anonymous_6)
DA:1,3
DA:2,3
DA:3,3
DA:4,3
DA:5,3
DA:9,3
DA:10,3
DA:13,6
DA:15,6
DA:18,2
DA:19,2
DA:20,2
DA:21,1
DA:25,1
DA:27,2
DA:28,1
DA:29,1
DA:30,1
DA:32,1
DA:33,1
DA:36,1
DA:40,3
DA:41,3
LF:23
LH:23
BRDA:20,0,0,1
BRDA:20,0,1,1
BRDA:32,1,0,1
BRDA:32,1,1,0
BRF:4
BRH:3
end_of_record
TN:
SF:/Users/Niall.Bunting/work/cvs/cvs-app-vtm/src/app/store/reducers/Loader.reducers.ts
FN:4,LoaderReducer
FNF:1
FNH:1
FNDA:3,LoaderReducer
DA:1,4
DA:2,4
DA:4,4
DA:5,3
DA:7,1
DA:14,1
DA:21,1
LF:7
LH:7
BRDA:4,0,0,1
BRDA:4,0,1,2
BRDA:6,1,0,1
BRDA:6,1,1,1
BRDA:6,1,2,1
BRF:5
BRH:5
end_of_record
TN:
SF:/Users/Niall.Bunting/work/cvs/cvs-app-vtm/src/app/store/reducers/ReferenceData.reducers.ts
FN:7,ReferenceDataReducers
FNF:1
FNH:1
FNDA:4,ReferenceDataReducers
DA:1,4
DA:2,4
DA:7,4
DA:8,4
DA:11,4
DA:13,1
DA:20,1
DA:27,1
DA:34,1
LF:9
LH:9
BRDA:8,0,0,0
BRDA:8,0,1,4
BRDA:12,1,0,1
BRDA:12,1,1,1
BRDA:12,1,2,1
BRDA:12,1,3,1
BRF:6
BRH:5
end_of_record
TN:
SF:/Users/Niall.Bunting/work/cvs/cvs-app-vtm/src/app/store/reducers/VehicleTechRecordModel.reducers.ts
FN:10,VehicleTechRecordReducers
FN:25,(anonymous_2)
FNF:2
FNH:2
FNDA:5,VehicleTechRecordReducers
FNDA:1,(anonymous_2)
DA:1,4
DA:5,4
DA:10,4
DA:11,5
DA:14,5
DA:16,1
DA:23,1
DA:26,1
DA:34,1
DA:41,1
DA:48,1
LF:11
LH:11
BRDA:11,0,0,0
BRDA:11,0,1,5
BRDA:15,1,0,1
BRDA:15,1,1,1
BRDA:15,1,2,1
BRDA:15,1,3,1
BRDA:15,1,4,1
BRDA:27,2,0,1
BRDA:27,2,1,0
BRF:9
BRH:7
end_of_record
TN:
SF:/Users/Niall.Bunting/work/cvs/cvs-app-vtm/src/app/store/reducers/VehicleTestResultModel.reducers.ts
FN:8,VehicleTestResultModelReducers
FNF:1
FNH:1
FNDA:7,VehicleTestResultModelReducers
DA:1,4
DA:2,4
DA:8,4
DA:9,7
DA:12,7
DA:14,1
DA:21,1
DA:28,1
DA:35,0
DA:43,0
DA:50,1
DA:57,3
LF:12
LH:10
BRDA:9,0,0,1
BRDA:9,0,1,6
BRDA:13,1,0,1
BRDA:13,1,1,1
BRDA:13,1,2,1
BRDA:13,1,3,0
BRDA:13,1,4,0
BRDA:13,1,5,1
BRDA:13,1,6,3
BRF:9
BRH:7
end_of_record
TN:
SF:/Users/Niall.Bunting/work/cvs/cvs-app-vtm/src/app/store/reducers/app-form-state.reducers.ts
FN:11,AppFormStateReducer
FNF:1
FNH:0
FNDA:0,AppFormStateReducer
DA:1,6
DA:7,6
DA:11,6
DA:12,0
DA:15,0
DA:17,0
DA:24,0
DA:31,0
LF:8
LH:3
BRDA:12,0,0,0
BRDA:12,0,1,0
BRDA:16,1,0,0
BRDA:16,1,1,0
BRDA:16,1,2,0
BRF:5
BRH:0
end_of_record
TN:
SF:/Users/Niall.Bunting/work/cvs/cvs-app-vtm/src/app/store/reducers/app.reducers.ts
FNF:0
FNH:0
DA:2,3
DA:5,3
DA:6,3
DA:7,3
DA:8,3
DA:9,3
DA:10,3
DA:11,3
DA:13,3
LF:9
LH:9
BRF:0
BRH:0
end_of_record
TN:
SF:/Users/Niall.Bunting/work/cvs/cvs-app-vtm/src/app/store/reducers/error.reducers.ts
FN:11,ErrorReducer
FNF:1
FNH:1
FNDA:3,ErrorReducer
DA:1,7
DA:7,7
DA:11,7
DA:12,3
DA:15,3
DA:17,1
DA:24,1
DA:31,1
LF:8
LH:8
BRDA:12,0,0,0
BRDA:12,0,1,3
BRDA:16,1,0,1
BRDA:16,1,1,1
BRDA:16,1,2,1
BRF:5
BRH:4
end_of_record
TN:
SF:/Users/Niall.Bunting/work/cvs/cvs-app-vtm/src/app/store/selectors/ReferenceData.selectors.ts
FN:8,(anonymous_0)
FN:13,(anonymous_1)
FN:18,(anonymous_2)
FNF:3
FNH:3
FNDA:1,(anonymous_0)
FNDA:1,(anonymous_1)
FNDA:1,(anonymous_2)
DA:1,29
DA:4,29
DA:6,29
DA:8,1
DA:11,29
DA:13,1
DA:16,29
DA:18,1
LF:8
LH:8
BRF:0
BRH:0
end_of_record
TN:
SF:/Users/Niall.Bunting/work/cvs/cvs-app-vtm/src/app/store/selectors/VehicleTechRecordModel.selectors.ts
FN:18,(anonymous_0)
FN:23,(anonymous_1)
FN:29,(anonymous_2)
FN:29,(anonymous_3)
FN:31,(anonymous_4)
FN:38,(anonymous_5)
FN:39,(anonymous_6)
FN:49,(anonymous_7)
FN:54,(anonymous_8)
FN:57,(anonymous_9)
FN:60,(anonymous_10)
FN:67,(anonymous_11)
FN:70,(anonymous_12)
FN:75,(anonymous_13)
FN:81,(anonymous_14)
FN:82,(anonymous_15)
FN:88,(anonymous_16)
FNF:17
FNH:16
FNDA:0,(anonymous_0)
FNDA:2,(anonymous_1)
FNDA:4,(anonymous_2)
FNDA:4,(anonymous_3)
FNDA:4,(anonymous_4)
FNDA:8,(anonymous_5)
FNDA:4,(anonymous_6)
FNDA:1,(anonymous_7)
FNDA:1,(anonymous_8)
FNDA:4,(anonymous_9)
FNDA:2,(anonymous_10)
FNDA:3,(anonymous_11)
FNDA:4,(anonymous_12)
FNDA:2,(anonymous_13)
FNDA:2,(anonymous_14)
FNDA:1,(anonymous_15)
FNDA:6,(anonymous_16)
DA:1,28
DA:10,28
DA:12,28
DA:16,28
DA:18,0
DA:21,28
DA:23,2
DA:26,28
DA:29,4
DA:30,4
DA:31,4
DA:33,4
DA:38,8
DA:39,4
DA:47,28
DA:49,1
DA:52,28
DA:54,1
DA:57,28
DA:58,4
DA:59,1
DA:60,2
DA:64,3
DA:67,28
DA:70,4
DA:71,3
DA:72,2
DA:75,2
DA:76,1
DA:77,0
DA:80,1
DA:81,2
DA:82,1
DA:83,1
DA:84,1
DA:88,28
LF:36
LH:34
BRDA:29,0,0,3
BRDA:29,0,1,1
BRDA:30,1,0,4
BRDA:30,1,1,0
BRDA:36,2,0,4
BRDA:36,2,1,0
BRDA:58,3,0,1
BRDA:58,3,1,3
BRDA:71,4,0,2
BRDA:71,4,1,1
BRDA:76,5,0,0
BRDA:76,5,1,1
BRDA:83,6,0,1
BRDA:83,6,1,0
BRF:14
BRH:10
end_of_record
TN:
SF:/Users/Niall.Bunting/work/cvs/cvs-app-vtm/src/app/store/selectors/VehicleTestResultModel.selectors.ts
FN:16,(anonymous_0)
FN:19,(anonymous_1)
FN:20,(anonymous_2)
FN:28,(anonymous_3)
FN:37,(anonymous_4)
FN:42,(anonymous_5)
FN:48,(anonymous_6)
FN:54,(anonymous_7)
FN:65,getTestTypeTree
FN:67,(anonymous_9)
FN:86,filterCategories
FNF:11
FNH:10
FNDA:1,(anonymous_0)
FNDA:38,(anonymous_1)
FNDA:1,(anonymous_2)
FNDA:1,(anonymous_3)
FNDA:1,(anonymous_4)
FNDA:0,(anonymous_5)
FNDA:2,(anonymous_6)
FNDA:2,(anonymous_7)
FNDA:2,getTestTypeTree
FNDA:1,(anonymous_9)
FNDA:2,filterCategories
DA:1,27
DA:8,27
DA:10,27
DA:14,27
DA:16,1
DA:19,27
DA:20,38
DA:24,1
DA:25,1
DA:27,1
DA:28,1
DA:31,1
DA:32,1
DA:35,27
DA:37,1
DA:40,27
DA:42,0
DA:45,27
DA:52,2
DA:53,2
DA:54,2
DA:55,2
DA:59,2
DA:61,2
DA:66,2
DA:68,1
DA:69,1
DA:70,1
DA:71,1
DA:73,1
DA:74,0
DA:75,0
DA:77,0
DA:81,1
DA:87,2
DA:92,2
DA:94,2
DA:95,1
DA:97,1
DA:98,0
DA:100,1
DA:104,0
DA:106,1
DA:107,0
DA:109,1
DA:114,0
DA:116,1
DA:120,0
DA:122,1
DA:123,0
DA:125,1
DA:126,0
DA:129,1
LF:53
LH:42
BRDA:24,0,0,1
BRDA:24,0,1,0
BRDA:52,1,0,2
BRDA:52,1,1,0
BRDA:67,2,0,2
BRDA:67,2,1,0
BRDA:73,3,0,0
BRDA:73,3,1,1
BRDA:74,4,0,0
BRDA:74,4,1,0
BRDA:88,5,0,0
BRDA:88,5,1,2
BRDA:89,6,0,0
BRDA:89,6,1,0
BRDA:92,7,0,0
BRDA:92,7,1,2
BRDA:94,8,0,1
BRDA:94,8,1,1
BRDA:94,9,0,2
BRDA:94,9,1,2
BRDA:97,10,0,0
BRDA:97,10,1,1
BRDA:97,11,0,1
BRDA:97,11,1,1
BRDA:100,12,0,0
BRDA:100,12,1,1
BRDA:101,13,0,1
BRDA:101,13,1,1
BRDA:106,14,0,0
BRDA:106,14,1,1
BRDA:106,15,0,1
BRDA:106,15,1,0
BRDA:109,16,0,0
BRDA:109,16,1,1
BRDA:110,17,0,1
BRDA:110,17,1,0
BRDA:110,17,2,0
BRDA:116,18,0,0
BRDA:116,18,1,1
BRDA:117,19,0,1
BRDA:117,19,1,0
BRDA:122,20,0,0
BRDA:122,20,1,1
BRDA:122,21,0,1
BRDA:122,21,1,0
BRDA:125,22,0,0
BRDA:125,22,1,1
BRDA:125,23,0,1
BRDA:125,23,1,0
BRF:49
BRH:26
end_of_record
TN:
SF:/Users/Niall.Bunting/work/cvs/cvs-app-vtm/src/app/store/selectors/app-form-state.selectors.ts
FN:8,(anonymous_0)
FNF:1
FNH:1
FNDA:1,(anonymous_0)
DA:1,82
DA:4,82
DA:6,82
DA:8,1
LF:4
LH:4
BRF:0
BRH:0
end_of_record
TN:
SF:/Users/Niall.Bunting/work/cvs/cvs-app-vtm/src/app/store/selectors/error.selectors.ts
FN:6,(anonymous_0)
FNF:1
FNH:1
FNDA:2,(anonymous_0)
DA:1,85
DA:4,85
DA:6,85
LF:3
LH:3
BRF:0
BRH:0
end_of_record
TN:
SF:/Users/Niall.Bunting/work/cvs/cvs-app-vtm/src/app/store/selectors/route.selectors.ts
FN:8,(anonymous_0)
FN:10,(anonymous_1)
FNF:2
FNH:1
FNDA:1,(anonymous_0)
FNDA:0,(anonymous_1)
DA:1,27
DA:5,27
DA:8,27
DA:10,27
DA:11,0
DA:12,0
LF:6
LH:4
BRDA:11,0,0,0
BRDA:11,0,1,0
BRF:2
BRH:0
end_of_record
TN:
SF:/Users/Niall.Bunting/work/cvs/cvs-app-vtm/src/app/store/state/Loader.state.ts
FNF:0
FNH:0
DA:7,6
LF:1
LH:1
BRF:0
BRH:0
end_of_record
TN:
SF:/Users/Niall.Bunting/work/cvs/cvs-app-vtm/src/app/store/state/ReferenceDataState.state.ts
FNF:0
FNH:0
DA:11,7
LF:1
LH:1
BRF:0
BRH:0
end_of_record
TN:
SF:/Users/Niall.Bunting/work/cvs/cvs-app-vtm/src/app/store/state/VehicleTechRecordModel.state.ts
FNF:0
FNH:0
DA:2,6
DA:10,6
LF:2
LH:2
BRF:0
BRH:0
end_of_record
TN:
SF:/Users/Niall.Bunting/work/cvs/cvs-app-vtm/src/app/store/state/VehicleTestResultModel.state.ts
FNF:0
FNH:0
DA:2,7
DA:11,7
LF:2
LH:2
BRF:0
BRH:0
end_of_record
TN:
SF:/Users/Niall.Bunting/work/cvs/cvs-app-vtm/src/app/store/state/app.state.ts
FN:46,(anonymous_0)
FNF:1
FNH:1
FNDA:1,(anonymous_0)
DA:3,2
DA:7,2
DA:11,2
DA:15,2
DA:16,2
DA:17,2
DA:18,2
DA:19,2
DA:21,2
DA:22,2
DA:23,2
DA:36,2
DA:46,2
DA:48,2
LF:14
LH:14
BRF:0
BRH:0
end_of_record
TN:
SF:/Users/Niall.Bunting/work/cvs/cvs-app-vtm/src/app/technical-record/tech-record-helper.service.ts
FN:7,(anonymous_2)
FN:10,TechRecordHelperService
FN:12,(anonymous_4)
FN:20,(anonymous_5)
FN:24,(anonymous_6)
FN:28,(anonymous_7)
FN:32,(anonymous_8)
FN:36,(anonymous_9)
FN:40,(anonymous_10)
FN:42,(anonymous_11)
FNF:10
FNH:10
FNDA:9,(anonymous_2)
FNDA:36,TechRecordHelperService
FNDA:4,(anonymous_4)
FNDA:3,(anonymous_5)
FNDA:3,(anonymous_6)
FNDA:1,(anonymous_7)
FNDA:1,(anonymous_8)
FNDA:10,(anonymous_9)
FNDA:3,(anonymous_10)
FNDA:6,(anonymous_11)
DA:1,9
DA:2,9
DA:4,9
DA:7,18
DA:8,36
DA:12,9
DA:13,4
DA:20,9
DA:21,3
DA:24,9
DA:25,3
DA:28,9
DA:29,1
DA:32,9
DA:33,1
DA:36,9
DA:37,10
DA:40,9
DA:41,3
DA:42,6
DA:45,3
DA:47,9
LF:22
LH:22
BRDA:14,0,0,4
BRDA:14,0,1,3
BRDA:14,0,2,2
BRDA:21,1,0,3
BRDA:21,1,1,2
BRDA:25,2,0,3
BRDA:25,2,1,2
BRF:7
BRH:7
end_of_record
TN:
SF:/Users/Niall.Bunting/work/cvs/cvs-app-vtm/src/app/technical-record/technical-record-value.mapper.ts
FN:11,(anonymous_3)
FN:12,TechnicalRecordValuesMapper
FN:14,(anonymous_5)
FN:19,(anonymous_6)
FN:36,(anonymous_7)
FN:41,(anonymous_8)
FN:53,(anonymous_9)
FN:57,(anonymous_10)
FN:67,(anonymous_11)
FN:94,(anonymous_12)
FN:108,(anonymous_13)
FN:110,(anonymous_14)
FN:119,(anonymous_15)
FN:121,(anonymous_16)
FN:122,(anonymous_17)
FNF:15
FNH:15
FNDA:2,(anonymous_3)
FNDA:4,TechnicalRecordValuesMapper
FNDA:4,(anonymous_5)
FNDA:4,(anonymous_6)
FNDA:4,(anonymous_7)
FNDA:1,(anonymous_8)
FNDA:4,(anonymous_9)
FNDA:1,(anonymous_10)
FNDA:4,(anonymous_11)
FNDA:1,(anonymous_12)
FNDA:1,(anonymous_13)
FNDA:3,(anonymous_14)
FNDA:2,(anonymous_15)
FNDA:2,(anonymous_16)
FNDA:1,(anonymous_17)
DA:2,2
DA:7,2
DA:11,4
DA:14,2
DA:15,4
DA:16,4
DA:19,4
DA:20,4
DA:21,4
DA:22,4
DA:23,4
DA:24,4
DA:25,4
DA:26,4
DA:29,4
DA:30,4
DA:31,4
DA:32,4
DA:33,4
DA:36,2
DA:37,4
DA:40,4
DA:42,1
DA:50,4
DA:53,2
DA:54,4
DA:56,4
DA:57,1
DA:58,1
DA:61,1
DA:63,1
DA:67,2
DA:68,4
DA:69,3
DA:73,1
DA:74,1
DA:76,1
DA:77,1
DA:79,1
DA:80,1
DA:83,1
DA:88,1
DA:90,1
DA:91,1
DA:93,1
DA:94,1
DA:96,1
DA:97,1
DA:98,1
DA:100,1
DA:101,1
DA:103,1
DA:105,1
DA:108,2
DA:109,1
DA:110,1
DA:111,3
DA:112,2
DA:116,1
DA:119,2
DA:120,2
DA:121,2
DA:122,1
DA:124,2
LF:64
LH:64
BRDA:40,0,0,4
BRDA:40,0,1,1
BRDA:56,1,0,1
BRDA:56,1,1,3
BRDA:68,2,0,3
BRDA:68,2,1,1
BRDA:68,3,0,4
BRDA:68,3,1,1
BRDA:80,4,0,1
BRDA:80,4,1,0
BRDA:84,5,0,0
BRDA:84,5,1,1
BRDA:86,6,0,1
BRDA:86,6,1,0
BRDA:91,7,0,1
BRDA:91,7,1,0
BRDA:103,8,0,1
BRDA:103,8,1,0
BRDA:111,9,0,2
BRDA:111,9,1,1
BRF:20
BRH:15
end_of_record
TN:
SF:/Users/Niall.Bunting/work/cvs/cvs-app-vtm/src/app/technical-record/technical-record.component.html
FNF:0
FNH:0
DA:1,1
LF:1
LH:1
BRF:0
BRH:0
end_of_record
TN:
SF:/Users/Niall.Bunting/work/cvs/cvs-app-vtm/src/app/technical-record/technical-record.component.ts
FN:36,(anonymous_3)
FN:63,TechnicalRecordComponent
FN:70,(anonymous_5)
FN:86,(anonymous_6)
FN:99,(anonymous_7)
FN:123,(anonymous_8)
FN:130,(anonymous_9)
FN:134,(anonymous_10)
FN:145,(anonymous_11)
FN:156,(anonymous_12)
FN:181,(anonymous_13)
FN:193,(anonymous_14)
FN:197,(anonymous_15)
FN:199,(anonymous_16)
FN:202,(anonymous_17)
FN:206,(anonymous_18)
FN:211,(anonymous_19)
FN:217,(anonymous_20)
FNF:18
FNH:1
FNDA:1,(anonymous_3)
FNDA:0,TechnicalRecordComponent
FNDA:0,(anonymous_5)
FNDA:0,(anonymous_6)
FNDA:0,(anonymous_7)
FNDA:0,(anonymous_8)
FNDA:0,(anonymous_9)
FNDA:0,(anonymous_10)
FNDA:0,(anonymous_11)
FNDA:0,(anonymous_12)
FNDA:0,(anonymous_13)
FNDA:0,(anonymous_14)
FNDA:0,(anonymous_15)
FNDA:0,(anonymous_16)
FNDA:0,(anonymous_17)
FNDA:0,(anonymous_18)
FNDA:0,(anonymous_19)
FNDA:0,(anonymous_20)
DA:1,1
DA:11,1
DA:12,1
DA:13,1
DA:15,1
DA:16,1
DA:17,1
DA:18,1
DA:27,1
DA:28,1
DA:36,2
DA:37,1
DA:38,1
DA:39,1
DA:40,1
DA:41,1
DA:42,1
DA:43,1
DA:44,1
DA:64,0
DA:65,0
DA:66,0
DA:67,0
DA:70,1
DA:71,0
DA:73,0
DA:74,0
DA:75,0
DA:78,0
DA:79,0
DA:80,0
DA:81,0
DA:82,0
DA:86,1
DA:87,0
DA:91,0
DA:93,0
DA:94,0
DA:95,0
DA:96,0
DA:99,1
DA:100,0
DA:101,0
DA:123,1
DA:124,0
DA:125,0
DA:127,0
DA:130,1
DA:131,0
DA:134,1
DA:135,0
DA:137,0
DA:139,0
DA:140,0
DA:145,1
DA:146,0
DA:147,0
DA:149,0
DA:150,0
DA:152,0
DA:153,0
DA:156,1
DA:159,0
DA:163,0
DA:167,0
DA:172,0
DA:174,0
DA:181,0
DA:182,0
DA:183,0
DA:184,0
DA:193,1
DA:194,0
DA:197,1
DA:198,0
DA:199,0
DA:202,1
DA:203,0
DA:206,1
DA:207,0
DA:208,0
DA:211,1
DA:212,0
DA:217,0
DA:218,0
DA:219,0
DA:220,0
DA:221,0
DA:223,0
DA:225,0
DA:229,1
LF:91
LH:33
BRDA:73,0,0,0
BRDA:73,0,1,0
BRDA:78,1,0,0
BRDA:78,1,1,0
BRDA:82,2,0,0
BRDA:82,2,1,0
BRDA:182,3,0,0
BRDA:182,3,1,0
BRDA:182,4,0,0
BRDA:182,4,1,0
BRDA:199,5,0,0
BRDA:199,5,1,0
BRDA:219,6,0,0
BRDA:219,6,1,0
BRDA:220,7,0,0
BRDA:220,7,1,0
BRF:16
BRH:0
end_of_record
TN:
SF:/Users/Niall.Bunting/work/cvs/cvs-app-vtm/src/app/technical-record/technical-record.constants.ts
FNF:0
FNH:0
DA:1,65
DA:3,65
DA:5,65
DA:7,65
DA:17,65
DA:33,65
DA:47,65
DA:68,65
DA:70,65
DA:72,65
DA:87,65
DA:143,65
LF:12
LH:12
BRF:0
BRH:0
end_of_record
TN:
SF:/Users/Niall.Bunting/work/cvs/cvs-app-vtm/src/app/technical-record/technical-record.container.ts
FN:53,(anonymous_2)
FN:60,TechnicalRecordsContainer
FN:63,(anonymous_4)
FN:70,(anonymous_5)
FN:72,(anonymous_6)
FN:80,(anonymous_7)
FN:84,(anonymous_8)
FNF:7
FNH:6
FNDA:1,(anonymous_2)
FNDA:4,TechnicalRecordsContainer
FNDA:5,(anonymous_4)
FNDA:4,(anonymous_5)
FNDA:2,(anonymous_6)
FNDA:1,(anonymous_7)
FNDA:0,(anonymous_8)
DA:1,1
DA:2,1
DA:4,1
DA:7,1
DA:13,1
DA:15,1
DA:26,1
DA:53,2
DA:60,4
DA:61,4
DA:63,5
DA:64,4
DA:65,4
DA:66,4
DA:67,4
DA:70,1
DA:72,1
DA:73,2
DA:75,2
DA:80,1
DA:81,1
DA:84,1
DA:85,0
DA:87,1
LF:24
LH:23
BRDA:76,0,0,1
BRDA:76,0,1,1
BRF:2
BRH:2
end_of_record
TN:
SF:/Users/Niall.Bunting/work/cvs/cvs-app-vtm/src/app/technical-record-create/technical-record-create.component.html
FNF:0
FNH:0
DA:1,1
LF:1
LH:1
BRF:0
BRH:0
end_of_record
TN:
SF:/Users/Niall.Bunting/work/cvs/cvs-app-vtm/src/app/technical-record-create/technical-record-create.component.ts
FN:17,(anonymous_2)
FN:29,TechnicalRecordCreateComponent
FN:33,(anonymous_4)
FN:45,(anonymous_5)
FN:65,(anonymous_6)
FNF:5
FNH:5
FNDA:1,(anonymous_2)
FNDA:11,TechnicalRecordCreateComponent
FNDA:11,(anonymous_4)
FNDA:2,(anonymous_5)
FNDA:3,(anonymous_6)
DA:1,1
DA:2,1
DA:3,1
DA:4,1
DA:7,1
DA:9,1
DA:10,1
DA:17,2
DA:18,11
DA:21,11
DA:27,11
DA:29,11
DA:30,11
DA:33,1
DA:34,11
DA:45,1
DA:46,2
DA:48,2
DA:52,1
DA:53,1
DA:59,1
DA:60,1
DA:62,2
DA:65,1
DA:66,3
DA:67,3
DA:68,3
DA:72,3
DA:73,1
DA:78,1
DA:79,1
DA:81,2
DA:82,2
DA:85,1
LF:34
LH:34
BRDA:48,0,0,1
BRDA:48,0,1,1
BRDA:49,1,0,2
BRDA:49,1,1,1
BRDA:66,2,0,2
BRDA:66,2,1,1
BRDA:67,3,0,2
BRDA:67,3,1,1
BRDA:69,4,0,2
BRDA:69,4,1,1
BRDA:72,5,0,1
BRDA:72,5,1,2
BRDA:72,6,0,3
BRDA:72,6,1,1
BRDA:72,6,2,1
BRF:15
BRH:15
end_of_record
TN:
SF:/Users/Niall.Bunting/work/cvs/cvs-app-vtm/src/app/technical-record-search/auth-token-interceptor.ts
FN:10,(anonymous_2)
FN:11,AuthTokenInterceptor
FN:13,(anonymous_4)
FN:21,(anonymous_5)
FNF:4
FNH:1
FNDA:1,(anonymous_2)
FNDA:0,AuthTokenInterceptor
FNDA:0,(anonymous_4)
FNDA:0,(anonymous_5)
DA:2,1
DA:3,1
DA:4,1
DA:7,1
DA:10,2
DA:11,0
DA:13,1
DA:14,0
DA:15,0
DA:16,0
DA:19,0
DA:20,0
DA:22,0
DA:25,0
DA:30,0
DA:34,0
DA:35,0
DA:37,1
LF:18
LH:7
BRDA:15,0,0,0
BRDA:15,0,1,0
BRDA:19,1,0,0
BRDA:19,1,1,0
BRF:4
BRH:0
end_of_record
TN:
SF:/Users/Niall.Bunting/work/cvs/cvs-app-vtm/src/app/technical-record-search/technical-record-search.component.html
FNF:0
FNH:0
DA:1,1
LF:1
LH:1
BRF:0
BRH:0
end_of_record
TN:
SF:/Users/Niall.Bunting/work/cvs/cvs-app-vtm/src/app/technical-record-search/technical-record-search.component.ts
FN:17,(anonymous_2)
FN:23,TechnicalRecordSearchComponent
FN:25,(anonymous_4)
FN:29,(anonymous_5)
FNF:4
FNH:4
FNDA:1,(anonymous_2)
FNDA:7,TechnicalRecordSearchComponent
FNDA:7,(anonymous_4)
FNDA:6,(anonymous_5)
DA:1,1
DA:2,1
DA:6,1
DA:7,1
DA:8,1
DA:17,2
DA:20,7
DA:21,7
DA:23,7
DA:25,1
DA:26,7
DA:29,1
DA:30,6
DA:31,6
DA:33,6
DA:35,1
DA:36,1
DA:38,1
DA:39,1
DA:41,1
DA:42,1
DA:44,1
DA:45,1
DA:48,2
DA:51,6
DA:53,1
LF:26
LH:26
BRDA:34,0,0,1
BRDA:34,0,1,1
BRDA:34,0,2,1
BRDA:34,0,3,1
BRDA:34,0,4,1
BRDA:34,0,5,2
BRF:6
BRH:6
end_of_record
TN:
SF:/Users/Niall.Bunting/work/cvs/cvs-app-vtm/src/app/technical-record-search/technical-record.service.ts
FN:20,(anonymous_2)
FN:24,TechnicalRecordService
FN:30,(anonymous_4)
FN:34,(anonymous_5)
FN:35,(anonymous_6)
FN:40,(anonymous_7)
FN:49,(anonymous_8)
FN:61,(anonymous_9)
FN:65,(anonymous_10)
FN:77,(anonymous_11)
FN:81,(anonymous_12)
FN:96,(anonymous_13)
FN:100,(anonymous_14)
FN:109,(anonymous_15)
FN:117,(anonymous_16)
FN:120,(anonymous_17)
FN:132,(anonymous_18)
FN:135,(anonymous_19)
FN:143,(anonymous_20)
FNF:19
FNH:14
FNDA:5,(anonymous_2)
FNDA:7,TechnicalRecordService
FNDA:1,(anonymous_4)
FNDA:1,(anonymous_5)
FNDA:2,(anonymous_6)
FNDA:1,(anonymous_7)
FNDA:0,(anonymous_8)
FNDA:1,(anonymous_9)
FNDA:1,(anonymous_10)
FNDA:1,(anonymous_11)
FNDA:2,(anonymous_12)
FNDA:2,(anonymous_13)
FNDA:1,(anonymous_14)
FNDA:0,(anonymous_15)
FNDA:1,(anonymous_16)
FNDA:1,(anonymous_17)
FNDA:0,(anonymous_18)
FNDA:0,(anonymous_19)
FNDA:0,(anonymous_20)
DA:1,5
DA:2,5
DA:3,5
DA:5,5
DA:7,5
DA:8,5
DA:10,5
DA:11,5
DA:20,10
DA:21,7
DA:24,7
DA:25,7
DA:26,7
DA:27,7
DA:29,7
DA:31,1
DA:32,1
DA:34,1
DA:36,2
DA:40,6
DA:44,1
DA:46,1
DA:48,1
DA:49,1
DA:50,0
DA:53,1
DA:61,1
DA:65,6
DA:66,1
DA:68,1
DA:70,1
DA:77,1
DA:81,7
DA:82,2
DA:83,2
DA:85,2
DA:87,2
DA:91,2
DA:96,2
DA:100,6
DA:101,1
DA:102,1
DA:104,1
DA:105,1
DA:106,1
DA:110,0
DA:115,0
DA:117,1
DA:120,6
DA:121,1
DA:122,1
DA:124,1
DA:125,1
DA:126,1
DA:133,0
DA:136,0
DA:141,0
DA:143,0
DA:145,5
LF:59
LH:52
BRDA:88,0,0,1
BRDA:88,0,1,1
BRF:2
BRH:2
end_of_record
TN:
SF:/Users/Niall.Bunting/work/cvs/cvs-app-vtm/src/app/technical-record-search/test-result.service.ts
FN:19,(anonymous_2)
FN:23,TestResultService
FN:29,(anonymous_4)
FN:31,(anonymous_5)
FN:32,(anonymous_6)
FN:33,(anonymous_7)
FN:35,(anonymous_8)
FN:37,(anonymous_9)
FN:41,(anonymous_10)
FN:49,(anonymous_11)
FN:53,(anonymous_12)
FN:61,(anonymous_13)
FN:65,(anonymous_14)
FN:73,(anonymous_15)
FN:77,(anonymous_16)
FN:90,(anonymous_17)
FN:94,(anonymous_18)
FN:104,(anonymous_19)
FN:108,(anonymous_20)
FN:116,(anonymous_21)
FN:124,(anonymous_22)
FNF:21
FNH:21
FNDA:7,(anonymous_2)
FNDA:9,TestResultService
FNDA:1,(anonymous_4)
FNDA:1,(anonymous_5)
FNDA:1,(anonymous_6)
FNDA:1,(anonymous_7)
FNDA:1,(anonymous_8)
FNDA:1,(anonymous_9)
FNDA:1,(anonymous_10)
FNDA:1,(anonymous_11)
FNDA:1,(anonymous_12)
FNDA:1,(anonymous_13)
FNDA:1,(anonymous_14)
FNDA:1,(anonymous_15)
FNDA:1,(anonymous_16)
FNDA:1,(anonymous_17)
FNDA:1,(anonymous_18)
FNDA:1,(anonymous_19)
FNDA:1,(anonymous_20)
FNDA:1,(anonymous_21)
FNDA:1,(anonymous_22)
DA:1,7
DA:2,7
DA:3,7
DA:5,7
DA:6,7
DA:8,7
DA:9,7
DA:19,14
DA:20,9
DA:23,9
DA:24,9
DA:25,9
DA:26,9
DA:28,9
DA:30,1
DA:31,1
DA:32,1
DA:34,1
DA:36,1
DA:37,1
DA:41,8
DA:42,1
DA:43,1
DA:44,1
DA:49,1
DA:53,8
DA:54,1
DA:55,1
DA:56,1
DA:61,1
DA:65,8
DA:66,1
DA:67,1
DA:68,1
DA:73,1
DA:77,8
DA:81,1
DA:82,1
DA:83,1
DA:90,1
DA:94,8
DA:95,1
DA:96,1
DA:97,1
DA:104,1
DA:108,7
DA:109,1
DA:110,1
DA:116,8
DA:117,1
DA:118,1
DA:119,1
DA:124,1
DA:127,7
LF:54
LH:54
BRF:0
BRH:0
end_of_record
TN:
SF:/Users/Niall.Bunting/work/cvs/cvs-app-vtm/src/app/technical-record/adr/adr-validation.mapper.ts
FN:4,(anonymous_2)
FN:10,(anonymous_3)
FN:24,(anonymous_4)
FN:27,ValidationMapper
FN:29,(anonymous_6)
FN:34,(anonymous_7)
FN:38,(anonymous_8)
FN:40,(anonymous_9)
FN:41,(anonymous_10)
FN:42,(anonymous_11)
FN:48,(anonymous_12)
FN:60,(anonymous_13)
FN:66,(anonymous_14)
FN:73,(anonymous_15)
FNF:14
FNH:14
FNDA:10,(anonymous_2)
FNDA:10,(anonymous_3)
FNDA:10,(anonymous_4)
FNDA:42,ValidationMapper
FNDA:9,(anonymous_6)
FNDA:20,(anonymous_7)
FNDA:9,(anonymous_8)
FNDA:7,(anonymous_9)
FNDA:1,(anonymous_10)
FNDA:1,(anonymous_11)
FNDA:9,(anonymous_12)
FNDA:7,(anonymous_13)
FNDA:1,(anonymous_14)
FNDA:1,(anonymous_15)
DA:1,10
DA:2,10
DA:4,10
DA:5,10
DA:6,10
DA:7,10
DA:10,10
DA:11,10
DA:12,10
DA:24,20
DA:25,42
DA:29,10
DA:30,9
DA:31,9
DA:34,10
DA:35,20
DA:38,10
DA:39,9
DA:40,7
DA:41,1
DA:42,1
DA:45,9
DA:48,10
DA:49,9
DA:50,7
DA:53,2
DA:54,1
DA:57,1
DA:60,10
DA:61,7
DA:66,10
DA:67,1
DA:73,10
DA:74,1
DA:82,10
LF:35
LH:35
BRDA:4,0,0,10
BRDA:4,0,1,10
BRDA:10,1,0,10
BRDA:10,1,1,10
BRDA:49,2,0,7
BRDA:49,2,1,2
BRDA:53,3,0,1
BRDA:53,3,1,1
BRF:8
BRH:8
end_of_record
TN:
SF:/Users/Niall.Bunting/work/cvs/cvs-app-vtm/src/app/technical-record/adr/adr.component.html
FNF:0
FNH:0
DA:1,9
LF:1
LH:1
BRF:0
BRH:0
end_of_record
TN:
SF:/Users/Niall.Bunting/work/cvs/cvs-app-vtm/src/app/technical-record/adr/adr.component.ts
FN:32,(anonymous_2)
FN:45,AdrComponent
FN:52,(anonymous_4)
FN:73,(anonymous_5)
FN:75,(anonymous_6)
FN:79,(anonymous_7)
FN:90,(anonymous_8)
FN:94,(anonymous_9)
FN:98,(anonymous_10)
FNF:9
FNH:6
FNDA:9,(anonymous_2)
FNDA:38,AdrComponent
FNDA:0,(anonymous_4)
FNDA:0,(anonymous_5)
FNDA:38,(anonymous_6)
FNDA:0,(anonymous_7)
FNDA:14,(anonymous_8)
FNDA:1,(anonymous_9)
FNDA:29,(anonymous_10)
DA:1,9
DA:11,9
DA:12,9
DA:17,9
DA:18,9
DA:19,9
DA:32,18
DA:36,38
DA:38,38
DA:40,9
DA:41,9
DA:42,9
DA:43,9
DA:46,38
DA:47,38
DA:48,38
DA:49,38
DA:52,9
DA:53,0
DA:54,0
DA:55,0
DA:58,0
DA:59,0
DA:60,0
DA:62,0
DA:66,0
DA:67,0
DA:68,0
DA:69,0
DA:73,9
DA:75,9
DA:76,38
DA:79,9
DA:80,0
DA:81,0
DA:83,0
DA:84,0
DA:86,0
DA:90,9
DA:91,14
DA:94,9
DA:95,1
DA:98,9
DA:99,29
DA:100,29
DA:102,9
LF:46
LH:30
BRDA:54,0,0,0
BRDA:54,0,1,0
BRDA:58,1,0,0
BRDA:58,1,1,0
BRDA:59,2,0,0
BRDA:59,2,1,0
BRDA:66,3,0,0
BRDA:66,3,1,0
BRDA:83,4,0,0
BRDA:83,4,1,0
BRF:10
BRH:0
end_of_record
TN:
SF:/Users/Niall.Bunting/work/cvs/cvs-app-vtm/src/app/technical-record/adr/adr.constants.ts
FNF:0
FNH:0
DA:1,2
DA:2,2
DA:4,2
DA:6,2
DA:7,2
DA:9,2
LF:6
LH:6
BRF:0
BRH:0
end_of_record
TN:
SF:/Users/Niall.Bunting/work/cvs/cvs-app-vtm/src/app/technical-record/adr/additional-adr-details/additional-adr-details.component.html
FNF:0
FNH:0
DA:1,1
LF:1
LH:1
BRF:0
BRH:0
end_of_record
TN:
SF:/Users/Niall.Bunting/work/cvs/cvs-app-vtm/src/app/technical-record/adr/additional-adr-details/additional-adr-details.component.ts
FN:9,(anonymous_2)
FN:13,AdditionalAdrDetailsComponent
FN:15,(anonymous_4)
FNF:3
FNH:3
FNDA:1,(anonymous_2)
FNDA:2,AdditionalAdrDetailsComponent
FNDA:2,(anonymous_4)
DA:1,1
DA:9,2
DA:10,1
DA:11,1
DA:15,1
DA:16,1
LF:6
LH:6
BRF:0
BRH:0
end_of_record
TN:
SF:/Users/Niall.Bunting/work/cvs/cvs-app-vtm/src/app/technical-record/adr/additional-adr-details/edit/additional-adr-detail-edit.component.html
FNF:0
FNH:0
DA:1,1
LF:1
LH:1
BRF:0
BRH:0
end_of_record
TN:
SF:/Users/Niall.Bunting/work/cvs/cvs-app-vtm/src/app/technical-record/adr/additional-adr-details/edit/additional-adr-detail-edit.component.ts
FN:12,(anonymous_7)
FN:16,(anonymous_9)
FNF:2
FNH:2
FNDA:2,(anonymous_7)
FNDA:1,(anonymous_9)
DA:1,1
DA:4,1
DA:12,2
DA:14,1
DA:16,1
DA:17,1
DA:19,1
DA:24,1
DA:29,1
LF:9
LH:9
BRF:0
BRH:0
end_of_record
TN:
SF:/Users/Niall.Bunting/work/cvs/cvs-app-vtm/src/app/technical-record/adr/adr-details/adr-details.component.html
FNF:0
FNH:0
DA:1,1
LF:1
LH:1
BRF:0
BRH:0
end_of_record
TN:
SF:/Users/Niall.Bunting/work/cvs/cvs-app-vtm/src/app/technical-record/adr/adr-details/adr-details.component.ts
FN:11,(anonymous_2)
FN:16,AdrDetailsComponent
FN:18,(anonymous_4)
FNF:3
FNH:3
FNDA:1,(anonymous_2)
FNDA:2,AdrDetailsComponent
FNDA:2,(anonymous_4)
DA:1,1
DA:11,2
DA:12,1
DA:13,1
DA:14,1
DA:18,1
DA:19,1
LF:7
LH:7
BRF:0
BRH:0
end_of_record
TN:
SF:/Users/Niall.Bunting/work/cvs/cvs-app-vtm/src/app/technical-record/adr/adr-details/edit/adr-details-edit.component.html
FNF:0
FNH:0
DA:1,1
LF:1
LH:1
BRF:0
BRH:0
end_of_record
TN:
SF:/Users/Niall.Bunting/work/cvs/cvs-app-vtm/src/app/technical-record/adr/adr-details/edit/adr-details-edit.component.ts
FN:18,(anonymous_7)
FN:13,AdrDetailsEditComponent
FN:35,(anonymous_9)
FN:39,(anonymous_10)
FN:43,(anonymous_11)
FN:47,(anonymous_12)
FN:51,(anonymous_13)
FN:61,(anonymous_14)
FN:95,(anonymous_15)
FN:129,(anonymous_16)
FN:130,(anonymous_17)
FN:138,(anonymous_18)
FN:140,(anonymous_19)
FN:144,(anonymous_20)
FN:148,(anonymous_21)
FN:153,(anonymous_22)
FN:158,(anonymous_23)
FN:165,(anonymous_24)
FN:168,(anonymous_25)
FNF:19
FNH:19
FNDA:1,(anonymous_7)
FNDA:4,AdrDetailsEditComponent
FNDA:9,(anonymous_9)
FNDA:8,(anonymous_10)
FNDA:8,(anonymous_11)
FNDA:4,(anonymous_12)
FNDA:4,(anonymous_13)
FNDA:16,(anonymous_14)
FNDA:4,(anonymous_15)
FNDA:8,(anonymous_16)
FNDA:20,(anonymous_17)
FNDA:6,(anonymous_18)
FNDA:18,(anonymous_19)
FNDA:4,(anonymous_20)
FNDA:4,(anonymous_21)
FNDA:4,(anonymous_22)
FNDA:1,(anonymous_23)
FNDA:4,(anonymous_24)
FNDA:2,(anonymous_25)
DA:1,1
DA:2,1
DA:3,1
DA:5,1
DA:6,1
DA:10,1
DA:11,1
DA:13,4
DA:18,2
DA:27,4
DA:29,4
DA:32,1
DA:33,1
DA:35,1
DA:36,9
DA:39,1
DA:40,8
DA:43,1
DA:44,8
DA:47,1
DA:48,4
DA:51,5
DA:52,4
DA:54,4
DA:58,4
DA:59,4
DA:60,4
DA:61,16
DA:63,4
DA:66,4
DA:67,4
DA:71,4
DA:74,4
DA:78,4
DA:83,4
DA:86,4
DA:91,4
DA:92,4
DA:95,1
DA:96,4
DA:104,4
DA:111,4
DA:116,4
DA:121,4
DA:129,9
DA:130,8
DA:131,20
DA:138,7
DA:139,6
DA:140,18
DA:144,1
DA:145,4
DA:148,1
DA:149,4
DA:150,4
DA:153,5
DA:154,4
DA:159,1
DA:165,5
DA:166,4
DA:169,2
DA:170,2
DA:172,1
DA:179,1
LF:64
LH:64
BRDA:13,0,0,4
BRDA:13,0,1,4
BRDA:13,0,2,4
BRDA:59,1,0,4
BRDA:59,1,1,0
BRDA:59,2,0,4
BRDA:59,2,1,4
BRDA:63,3,0,4
BRDA:63,3,1,0
BRDA:66,4,0,4
BRDA:66,4,1,0
BRDA:66,5,0,4
BRDA:66,5,1,4
BRDA:72,6,0,4
BRDA:72,6,1,0
BRDA:84,7,0,4
BRDA:84,7,1,0
BRDA:83,8,0,4
BRDA:83,8,1,4
BRDA:140,9,0,18
BRDA:140,9,1,6
BRDA:170,10,0,1
BRDA:170,10,1,1
BRF:23
BRH:18
end_of_record
TN:
SF:/Users/Niall.Bunting/work/cvs/cvs-app-vtm/src/app/technical-record/adr/applicant-details/applicant-details.component.html
FNF:0
FNH:0
DA:1,1
LF:1
LH:1
BRF:0
BRH:0
end_of_record
TN:
SF:/Users/Niall.Bunting/work/cvs/cvs-app-vtm/src/app/technical-record/adr/applicant-details/applicant-details.component.ts
FN:10,(anonymous_2)
FN:16,ApplicantDetailsComponent
FN:18,(anonymous_4)
FNF:3
FNH:3
FNDA:1,(anonymous_2)
FNDA:2,ApplicantDetailsComponent
FNDA:2,(anonymous_4)
DA:1,1
DA:10,2
DA:11,1
DA:12,1
DA:18,1
DA:19,2
DA:23,1
LF:7
LH:7
BRDA:20,0,0,2
BRDA:20,0,1,0
BRF:2
BRH:1
end_of_record
TN:
SF:/Users/Niall.Bunting/work/cvs/cvs-app-vtm/src/app/technical-record/adr/applicant-details/edit/applicant-details-edit.component.html
FNF:0
FNH:0
DA:1,1
LF:1
LH:1
BRF:0
BRH:0
end_of_record
TN:
SF:/Users/Niall.Bunting/work/cvs/cvs-app-vtm/src/app/technical-record/adr/applicant-details/edit/applicant-details-edit.component.ts
FN:12,(anonymous_7)
FN:17,(anonymous_9)
FNF:2
FNH:2
FNDA:2,(anonymous_7)
FNDA:1,(anonymous_9)
DA:1,1
DA:2,1
DA:4,1
DA:12,2
DA:15,1
DA:17,1
DA:18,1
DA:20,1
DA:24,1
DA:35,1
LF:10
LH:10
BRDA:21,0,0,1
BRDA:21,0,1,0
BRF:2
BRH:1
end_of_record
TN:
SF:/Users/Niall.Bunting/work/cvs/cvs-app-vtm/src/app/technical-record/adr/battery-list-applicable/battery-list-applicable.component.html
FNF:0
FNH:0
DA:1,1
LF:1
LH:1
BRF:0
BRH:0
end_of_record
TN:
SF:/Users/Niall.Bunting/work/cvs/cvs-app-vtm/src/app/technical-record/adr/battery-list-applicable/battery-list-applicable.component.ts
FN:10,(anonymous_2)
FN:14,BatteryListApplicableComponent
FN:16,(anonymous_4)
FNF:3
FNH:3
FNDA:1,(anonymous_2)
FNDA:2,BatteryListApplicableComponent
FNDA:2,(anonymous_4)
DA:1,1
DA:10,2
DA:11,1
DA:12,1
DA:16,1
DA:17,1
LF:6
LH:6
BRF:0
BRH:0
end_of_record
TN:
SF:/Users/Niall.Bunting/work/cvs/cvs-app-vtm/src/app/technical-record/adr/battery-list-applicable/edit/battery-list-applicable-edit.component.html
FNF:0
FNH:0
DA:1,1
LF:1
LH:1
BRF:0
BRH:0
end_of_record
TN:
SF:/Users/Niall.Bunting/work/cvs/cvs-app-vtm/src/app/technical-record/adr/battery-list-applicable/edit/battery-list-applicable-edit.component.ts
FN:16,(anonymous_7)
FN:11,BatteryListApplicableEditComponent
FN:24,(anonymous_9)
FN:47,(anonymous_10)
FN:52,(anonymous_11)
FN:56,(anonymous_12)
FN:72,(anonymous_13)
FN:75,(anonymous_14)
FN:89,(anonymous_15)
FNF:9
FNH:9
FNDA:1,(anonymous_7)
FNDA:7,BatteryListApplicableEditComponent
FNDA:7,(anonymous_9)
FNDA:7,(anonymous_10)
FNDA:7,(anonymous_11)
FNDA:2,(anonymous_12)
FNDA:7,(anonymous_13)
FNDA:6,(anonymous_14)
FNDA:6,(anonymous_15)
DA:1,1
DA:2,1
DA:5,1
DA:7,1
DA:8,1
DA:9,1
DA:11,7
DA:16,2
DA:19,7
DA:22,1
DA:24,1
DA:25,7
DA:26,7
DA:27,7
DA:29,7
DA:34,7
DA:39,7
DA:41,7
DA:42,7
DA:43,7
DA:47,1
DA:48,7
DA:49,7
DA:52,8
DA:53,7
DA:57,2
DA:59,2
DA:60,2
DA:61,2
DA:62,2
DA:64,0
DA:72,8
DA:73,7
DA:75,6
DA:76,6
DA:77,1
DA:78,1
DA:80,5
DA:82,6
DA:89,1
DA:90,6
DA:92,1
LF:42
LH:41
BRDA:11,0,0,7
BRDA:11,0,1,7
BRDA:11,0,2,7
BRDA:42,1,0,7
BRDA:42,1,1,0
BRDA:42,2,0,7
BRDA:42,2,1,7
BRDA:59,3,0,2
BRDA:59,3,1,0
BRDA:76,4,0,1
BRDA:76,4,1,5
BRF:11
BRH:9
end_of_record
TN:
SF:/Users/Niall.Bunting/work/cvs/cvs-app-vtm/src/app/technical-record/adr/certificate/certificate.component.html
FNF:0
FNH:0
DA:1,1
LF:1
LH:1
BRF:0
BRH:0
end_of_record
TN:
SF:/Users/Niall.Bunting/work/cvs/cvs-app-vtm/src/app/technical-record/adr/certificate/certificate.component.ts
FN:11,(anonymous_2)
FN:17,CertificateComponent
FN:19,(anonymous_4)
FN:28,(anonymous_5)
FN:31,(anonymous_6)
FN:36,(anonymous_7)
FNF:6
FNH:6
FNDA:1,(anonymous_2)
FNDA:2,CertificateComponent
FNDA:2,(anonymous_4)
FNDA:2,(anonymous_5)
FNDA:1,(anonymous_6)
FNDA:1,(anonymous_7)
DA:1,1
DA:4,1
DA:11,2
DA:12,1
DA:13,1
DA:19,1
DA:21,2
DA:23,2
DA:28,3
DA:29,2
DA:30,2
DA:31,1
DA:36,1
DA:37,1
DA:38,1
DA:44,1
LF:16
LH:16
BRDA:21,0,0,2
BRDA:21,0,1,2
BRDA:24,1,0,2
BRDA:24,1,1,0
BRDA:29,2,0,2
BRDA:29,2,1,0
BRDA:37,3,0,1
BRDA:37,3,1,0
BRF:8
BRH:5
end_of_record
TN:
SF:/Users/Niall.Bunting/work/cvs/cvs-app-vtm/src/app/technical-record/adr/certificate/edit/certificate-edit.component.html
FNF:0
FNH:0
DA:1,1
LF:1
LH:1
BRF:0
BRH:0
end_of_record
TN:
SF:/Users/Niall.Bunting/work/cvs/cvs-app-vtm/src/app/technical-record/adr/certificate/edit/certificate-edit.component.ts
FN:12,(anonymous_7)
FN:18,(anonymous_9)
FN:36,(anonymous_10)
FNF:3
FNH:3
FNDA:2,(anonymous_7)
FNDA:1,(anonymous_9)
FNDA:1,(anonymous_10)
DA:1,1
DA:4,1
DA:5,1
DA:12,2
DA:16,1
DA:18,1
DA:19,1
DA:20,1
DA:22,1
DA:24,1
DA:25,0
DA:27,1
DA:36,1
DA:37,1
DA:39,1
LF:15
LH:14
BRDA:24,0,0,0
BRDA:24,0,1,1
BRF:2
BRH:1
end_of_record
TN:
SF:/Users/Niall.Bunting/work/cvs/cvs-app-vtm/src/app/technical-record/adr/declaration-seen/declaration-seen.component.html
FNF:0
FNH:0
DA:1,1
LF:1
LH:1
BRF:0
BRH:0
end_of_record
TN:
SF:/Users/Niall.Bunting/work/cvs/cvs-app-vtm/src/app/technical-record/adr/declaration-seen/declaration-seen.component.ts
FN:10,(anonymous_2)
FN:17,DeclarationSeenComponent
FN:19,(anonymous_4)
FNF:3
FNH:3
FNDA:1,(anonymous_2)
FNDA:2,DeclarationSeenComponent
FNDA:2,(anonymous_4)
DA:1,1
DA:10,2
DA:11,1
DA:12,1
DA:19,1
DA:20,2
DA:21,2
DA:22,2
DA:25,1
LF:9
LH:9
BRDA:21,0,0,2
BRDA:21,0,1,0
BRF:2
BRH:1
end_of_record
TN:
SF:/Users/Niall.Bunting/work/cvs/cvs-app-vtm/src/app/technical-record/adr/declaration-seen/edit/declaration-seen-edit.component.html
FNF:0
FNH:0
DA:1,1
LF:1
LH:1
BRF:0
BRH:0
end_of_record
TN:
SF:/Users/Niall.Bunting/work/cvs/cvs-app-vtm/src/app/technical-record/adr/declaration-seen/edit/declaration-seen-edit.component.ts
FN:13,(anonymous_7)
FN:17,(anonymous_9)
FN:24,(anonymous_10)
FN:52,(anonymous_11)
FN:56,(anonymous_12)
FN:69,(anonymous_13)
FNF:6
FNH:6
FNDA:5,(anonymous_7)
FNDA:4,(anonymous_9)
FNDA:4,(anonymous_10)
FNDA:4,(anonymous_11)
FNDA:1,(anonymous_12)
FNDA:4,(anonymous_13)
DA:1,1
DA:2,1
DA:3,1
DA:5,1
DA:13,2
DA:15,1
DA:17,1
DA:18,4
DA:20,4
DA:21,4
DA:24,1
DA:25,4
DA:30,4
DA:35,4
DA:37,4
DA:46,4
DA:52,5
DA:53,4
DA:57,1
DA:58,1
DA:59,1
DA:66,4
DA:70,4
DA:72,4
DA:73,3
DA:74,3
DA:75,3
DA:77,1
DA:85,1
LF:29
LH:29
BRDA:41,0,0,1
BRDA:41,0,1,3
BRDA:57,1,0,1
BRDA:57,1,1,0
BRDA:72,2,0,3
BRDA:72,2,1,1
BRF:6
BRH:5
end_of_record
TN:
SF:/Users/Niall.Bunting/work/cvs/cvs-app-vtm/src/app/technical-record/adr/memo/memo.component.html
FNF:0
FNH:0
DA:1,1
LF:1
LH:1
BRF:0
BRH:0
end_of_record
TN:
SF:/Users/Niall.Bunting/work/cvs/cvs-app-vtm/src/app/technical-record/adr/memo/memo.component.ts
FN:11,(anonymous_2)
FN:18,MemoComponent
FN:20,(anonymous_4)
FN:27,(anonymous_5)
FN:30,(anonymous_6)
FN:35,(anonymous_7)
FNF:6
FNH:6
FNDA:1,(anonymous_2)
FNDA:2,MemoComponent
FNDA:2,(anonymous_4)
FNDA:2,(anonymous_5)
FNDA:2,(anonymous_6)
FNDA:2,(anonymous_7)
DA:1,1
DA:4,1
DA:11,2
DA:15,1
DA:16,1
DA:20,1
DA:21,2
DA:23,2
DA:24,2
DA:27,3
DA:28,2
DA:29,2
DA:30,2
DA:35,1
DA:36,2
DA:37,2
DA:43,1
LF:17
LH:17
BRDA:24,0,0,2
BRDA:24,0,1,0
BRDA:24,1,0,2
BRDA:24,1,1,2
BRDA:28,2,0,2
BRDA:28,2,1,0
BRDA:36,3,0,2
BRDA:36,3,1,0
BRF:8
BRH:5
end_of_record
TN:
SF:/Users/Niall.Bunting/work/cvs/cvs-app-vtm/src/app/technical-record/adr/memo/edit/memo-edit.component.html
FNF:0
FNH:0
DA:1,1
LF:1
LH:1
BRF:0
BRH:0
end_of_record
TN:
SF:/Users/Niall.Bunting/work/cvs/cvs-app-vtm/src/app/technical-record/adr/memo/edit/memo-edit.component.ts
FN:15,(anonymous_7)
FN:10,MemoEditComponent
FN:24,(anonymous_9)
FN:37,(anonymous_10)
FN:41,(anonymous_11)
FN:44,(anonymous_12)
FNF:6
FNH:6
FNDA:1,(anonymous_7)
FNDA:4,MemoEditComponent
FNDA:4,(anonymous_9)
FNDA:3,(anonymous_10)
FNDA:4,(anonymous_11)
FNDA:2,(anonymous_12)
DA:1,1
DA:5,1
DA:6,1
DA:7,1
DA:8,1
DA:10,4
DA:15,2
DA:18,4
DA:21,1
DA:22,1
DA:24,1
DA:25,4
DA:26,4
DA:27,4
DA:29,4
DA:30,4
DA:32,4
DA:33,1
DA:37,1
DA:38,3
DA:41,5
DA:42,4
DA:44,2
DA:45,2
DA:46,1
DA:47,1
DA:49,1
DA:52,2
DA:58,1
LF:29
LH:29
BRDA:10,0,0,4
BRDA:10,0,1,4
BRDA:10,0,2,4
BRDA:32,1,0,1
BRDA:32,1,1,3
BRDA:45,2,0,1
BRDA:45,2,1,1
BRF:7
BRH:7
end_of_record
TN:
SF:/Users/Niall.Bunting/work/cvs/cvs-app-vtm/src/app/technical-record/adr/tank-details/tank-details.component.html
FNF:0
FNH:0
DA:1,1
LF:1
LH:1
BRF:0
BRH:0
end_of_record
TN:
SF:/Users/Niall.Bunting/work/cvs/cvs-app-vtm/src/app/technical-record/adr/tank-details/tank-details.component.ts
FN:11,(anonymous_2)
FN:18,TankDetailsComponent
FN:20,(anonymous_4)
FNF:3
FNH:3
FNDA:1,(anonymous_2)
FNDA:2,TankDetailsComponent
FNDA:2,(anonymous_4)
DA:1,1
DA:11,2
DA:15,1
DA:16,1
DA:20,1
DA:21,2
DA:23,2
DA:24,2
DA:26,1
LF:9
LH:9
BRDA:24,0,0,2
BRDA:24,0,1,0
BRDA:24,1,0,2
BRDA:24,1,1,2
BRF:4
BRH:3
end_of_record
TN:
SF:/Users/Niall.Bunting/work/cvs/cvs-app-vtm/src/app/technical-record/adr/tank-details/edit/tank-details-edit.component.html
FNF:0
FNH:0
DA:1,1
LF:1
LH:1
BRF:0
BRH:0
end_of_record
TN:
SF:/Users/Niall.Bunting/work/cvs/cvs-app-vtm/src/app/technical-record/adr/tank-details/edit/tank-details-edit.component.ts
FN:17,(anonymous_7)
FN:12,TankDetailsEditComponent
FN:30,(anonymous_9)
FN:34,(anonymous_10)
FN:38,(anonymous_11)
FN:42,(anonymous_12)
FN:46,(anonymous_13)
FN:50,(anonymous_14)
FN:70,(anonymous_15)
FN:111,(anonymous_16)
FN:118,(anonymous_17)
FN:120,(anonymous_18)
FN:124,(anonymous_19)
FN:129,(anonymous_20)
FN:134,(anonymous_21)
FN:141,(anonymous_22)
FN:147,(anonymous_23)
FN:150,(anonymous_24)
FN:162,(anonymous_25)
FN:169,(anonymous_26)
FN:172,(anonymous_27)
FN:186,(anonymous_28)
FN:189,(anonymous_29)
FNF:23
FNH:22
FNDA:1,(anonymous_7)
FNDA:10,TankDetailsEditComponent
FNDA:44,(anonymous_9)
FNDA:103,(anonymous_10)
FNDA:20,(anonymous_11)
FNDA:32,(anonymous_12)
FNDA:24,(anonymous_13)
FNDA:10,(anonymous_14)
FNDA:10,(anonymous_15)
FNDA:0,(anonymous_16)
FNDA:10,(anonymous_17)
FNDA:4,(anonymous_18)
FNDA:1,(anonymous_19)
FNDA:1,(anonymous_20)
FNDA:3,(anonymous_21)
FNDA:10,(anonymous_22)
FNDA:10,(anonymous_23)
FNDA:2,(anonymous_24)
FNDA:2,(anonymous_25)
FNDA:10,(anonymous_26)
FNDA:4,(anonymous_27)
FNDA:10,(anonymous_28)
FNDA:2,(anonymous_29)
DA:1,1
DA:2,1
DA:4,1
DA:6,1
DA:8,1
DA:9,1
DA:10,1
DA:12,10
DA:17,2
DA:18,10
DA:19,10
DA:21,10
DA:22,10
DA:24,10
DA:27,1
DA:28,1
DA:30,1
DA:31,44
DA:34,1
DA:35,103
DA:38,1
DA:39,20
DA:42,1
DA:43,32
DA:46,1
DA:47,24
DA:50,1
DA:51,10
DA:52,10
DA:54,10
DA:55,10
DA:58,10
DA:62,10
DA:63,10
DA:65,10
DA:66,1
DA:70,1
DA:71,10
DA:77,10
DA:78,10
DA:82,10
DA:111,1
DA:112,0
DA:118,11
DA:119,10
DA:120,4
DA:124,1
DA:125,1
DA:126,1
DA:129,1
DA:130,1
DA:131,1
DA:134,1
DA:135,3
DA:136,3
DA:137,1
DA:141,1
DA:142,10
DA:143,10
DA:144,10
DA:147,11
DA:148,10
DA:151,2
DA:152,1
DA:153,1
DA:154,1
DA:162,1
DA:163,2
DA:164,2
DA:165,2
DA:166,2
DA:169,11
DA:170,10
DA:173,4
DA:174,1
DA:177,4
DA:178,1
DA:186,11
DA:187,10
DA:189,2
DA:190,2
DA:191,1
DA:192,1
DA:193,1
DA:194,1
DA:196,1
DA:197,1
DA:199,1
DA:200,1
DA:202,1
DA:203,1
DA:205,1
DA:206,1
DA:208,1
DA:209,1
DA:210,1
DA:213,2
DA:214,1
DA:215,1
DA:216,1
DA:217,1
DA:218,1
DA:219,1
DA:220,1
DA:223,2
DA:229,1
LF:106
LH:105
BRDA:12,0,0,10
BRDA:12,0,1,10
BRDA:12,0,2,10
BRDA:54,1,0,10
BRDA:54,1,1,0
BRDA:56,2,0,10
BRDA:56,2,1,0
BRDA:59,3,0,10
BRDA:59,3,1,0
BRDA:65,4,0,1
BRDA:65,4,1,9
BRDA:72,5,0,0
BRDA:72,5,1,10
BRDA:74,6,0,0
BRDA:74,6,1,10
BRDA:79,7,0,0
BRDA:79,7,1,10
BRDA:96,8,0,0
BRDA:96,8,1,10
BRDA:98,9,0,0
BRDA:98,9,1,10
BRDA:120,10,0,2
BRDA:120,10,1,8
BRDA:119,11,0,10
BRDA:119,11,1,10
BRDA:151,12,0,1
BRDA:151,12,1,1
BRDA:173,13,0,1
BRDA:173,13,1,3
BRDA:177,14,0,1
BRDA:177,14,1,3
BRDA:190,15,0,1
BRDA:190,15,1,1
BRDA:213,16,0,1
BRDA:213,16,1,1
BRF:35
BRH:27
end_of_record
TN:
SF:/Users/Niall.Bunting/work/cvs/cvs-app-vtm/src/app/technical-record/adr/tank-inpections/tank-inpections.component.html
FNF:0
FNH:0
DA:1,1
LF:1
LH:1
BRF:0
BRH:0
end_of_record
TN:
SF:/Users/Niall.Bunting/work/cvs/cvs-app-vtm/src/app/technical-record/adr/tank-inpections/tank-inpections.component.ts
FN:11,(anonymous_2)
FN:19,TankInpectionsComponent
FN:21,(anonymous_4)
FNF:3
FNH:3
FNDA:1,(anonymous_2)
FNDA:2,TankInpectionsComponent
FNDA:2,(anonymous_4)
DA:1,1
DA:11,2
DA:16,1
DA:17,1
DA:21,1
DA:22,2
DA:23,2
DA:27,2
DA:29,2
DA:30,2
DA:32,1
LF:11
LH:11
BRDA:24,0,0,2
BRDA:24,0,1,2
BRDA:24,0,2,2
BRDA:24,0,3,2
BRDA:27,1,0,2
BRDA:27,1,1,0
BRDA:27,2,0,2
BRDA:27,2,1,2
BRDA:30,3,0,2
BRDA:30,3,1,0
BRDA:30,4,0,2
BRDA:30,4,1,2
BRF:12
BRH:10
end_of_record
TN:
SF:/Users/Niall.Bunting/work/cvs/cvs-app-vtm/src/app/technical-record/adr/tank-inpections/edit/tank-inspections-edit.component.html
FNF:0
FNH:0
DA:1,1
LF:1
LH:1
BRF:0
BRH:0
end_of_record
TN:
SF:/Users/Niall.Bunting/work/cvs/cvs-app-vtm/src/app/technical-record/adr/tank-inpections/edit/tank-inspections-edit.component.ts
FN:18,(anonymous_7)
FN:13,TankInspectionsEditComponent
FN:28,(anonymous_9)
FN:32,(anonymous_10)
FN:36,(anonymous_11)
FN:40,(anonymous_12)
FN:72,(anonymous_13)
FN:87,(anonymous_14)
[...]
LH:1
BRF:0
BRH:0
end_of_record
TN:
SF:/Users/Niall.Bunting/work/cvs/cvs-app-vtm/src/app/test-record/emission-details/emission-details.component.ts
FN:11,(anonymous_2)
FN:20,EmissionDetailsComponent
FN:22,(anonymous_4)
FNF:3
FNH:2
FNDA:1,(anonymous_2)
FNDA:3,EmissionDetailsComponent
FNDA:0,(anonymous_4)
DA:1,1
DA:3,1
DA:11,2
DA:12,1
DA:13,1
DA:14,1
DA:15,1
DA:22,1
DA:23,0
DA:27,0
DA:28,0
DA:32,1
LF:12
LH:9
BRDA:24,0,0,0
BRDA:24,0,1,0
BRDA:29,1,0,0
BRDA:29,1,1,0
BRF:4
BRH:0
end_of_record
TN:
SF:/Users/Niall.Bunting/work/cvs/cvs-app-vtm/src/app/test-record/emission-details/edit/emission-details-edit.component.html
FNF:0
FNH:0
DA:1,1
LF:1
LH:1
BRF:0
BRH:0
end_of_record
TN:
SF:/Users/Niall.Bunting/work/cvs/cvs-app-vtm/src/app/test-record/emission-details/edit/emission-details-edit.component.ts
FN:13,(anonymous_2)
FN:25,EmissionDetailsEditComponent
FN:29,(anonymous_4)
FN:73,(anonymous_5)
FN:81,(anonymous_6)
FNF:5
FNH:4
FNDA:1,(anonymous_2)
FNDA:2,EmissionDetailsEditComponent
FNDA:3,(anonymous_4)
FNDA:0,(anonymous_5)
FNDA:1,(anonymous_6)
DA:1,1
DA:3,1
DA:4,1
DA:13,2
DA:14,1
DA:15,2
DA:16,2
DA:17,2
DA:26,2
DA:29,4
DA:30,3
DA:33,3
DA:36,3
DA:41,3
DA:42,3
DA:43,2
DA:44,2
DA:47,3
DA:48,3
DA:52,3
DA:56,3
DA:57,3
DA:58,3
DA:62,3
DA:66,3
DA:71,3
DA:74,0
DA:75,0
DA:81,1
DA:82,1
DA:84,1
LF:31
LH:29
BRDA:31,0,0,0
BRDA:31,0,1,3
BRDA:34,1,0,0
BRDA:34,1,1,3
BRDA:37,2,0,0
BRDA:37,2,1,3
BRDA:37,3,0,0
BRDA:37,3,1,0
BRDA:42,4,0,2
BRDA:42,4,1,1
BRDA:47,5,0,3
BRDA:47,5,1,0
BRDA:76,6,0,0
BRDA:76,6,1,0
BRF:14
BRH:6
end_of_record
TN:
SF:/Users/Niall.Bunting/work/cvs/cvs-app-vtm/src/app/test-record/guards/preparers.guard.ts
FN:14,(anonymous_2)
FN:15,PreparersGuard
FN:17,(anonymous_4)
FN:19,(anonymous_5)
FN:26,(anonymous_6)
FN:28,(anonymous_7)
FN:32,(anonymous_8)
FN:38,(anonymous_9)
FN:40,(anonymous_10)
FNF:9
FNH:9
FNDA:1,(anonymous_2)
FNDA:3,PreparersGuard
FNDA:3,(anonymous_4)
FNDA:3,(anonymous_5)
FNDA:3,(anonymous_6)
FNDA:2,(anonymous_7)
FNDA:1,(anonymous_8)
FNDA:3,(anonymous_9)
FNDA:3,(anonymous_10)
DA:1,1
DA:3,1
DA:4,1
DA:5,1
DA:8,1
DA:9,1
DA:10,1
DA:14,2
DA:15,3
DA:17,1
DA:18,3
DA:20,3
DA:26,4
DA:27,3
DA:29,2
DA:33,1
DA:38,4
DA:39,3
DA:41,3
DA:42,0
DA:44,3
DA:48,1
LF:22
LH:21
BRDA:41,0,0,0
BRDA:41,0,1,3
BRF:2
BRH:1
end_of_record
TN:
SF:/Users/Niall.Bunting/work/cvs/cvs-app-vtm/src/app/test-record/guards/test-result.guard.ts
FN:13,(anonymous_2)
FN:14,TestResultGuard
FN:16,(anonymous_4)
FN:19,(anonymous_5)
FN:25,(anonymous_6)
FN:27,(anonymous_7)
FN:31,(anonymous_8)
FN:37,(anonymous_9)
FN:39,(anonymous_10)
FNF:9
FNH:2
FNDA:1,(anonymous_2)
FNDA:1,TestResultGuard
FNDA:0,(anonymous_4)
FNDA:0,(anonymous_5)
FNDA:0,(anonymous_6)
FNDA:0,(anonymous_7)
FNDA:0,(anonymous_8)
FNDA:0,(anonymous_9)
FNDA:0,(anonymous_10)
DA:2,1
DA:3,1
DA:4,1
DA:6,1
DA:7,1
DA:8,1
DA:10,1
DA:13,2
DA:14,1
DA:16,1
DA:17,0
DA:20,0
DA:25,1
DA:26,0
DA:28,0
DA:32,0
DA:37,1
DA:38,0
DA:40,0
DA:41,0
DA:43,0
DA:50,1
LF:22
LH:13
BRDA:20,0,0,0
BRDA:20,0,1,0
BRDA:40,1,0,0
BRDA:40,1,1,0
BRF:4
BRH:0
end_of_record
TN:
SF:/Users/Niall.Bunting/work/cvs/cvs-app-vtm/src/app/test-record/guards/test-stations.guard.ts
FN:14,(anonymous_2)
FN:15,TestStationsGuard
FN:17,(anonymous_4)
FN:20,(anonymous_5)
FN:26,(anonymous_6)
FN:28,(anonymous_7)
FN:32,(anonymous_8)
FN:38,(anonymous_9)
FN:40,(anonymous_10)
FNF:9
FNH:2
FNDA:1,(anonymous_2)
FNDA:1,TestStationsGuard
FNDA:0,(anonymous_4)
FNDA:0,(anonymous_5)
FNDA:0,(anonymous_6)
FNDA:0,(anonymous_7)
FNDA:0,(anonymous_8)
FNDA:0,(anonymous_9)
FNDA:0,(anonymous_10)
DA:1,1
DA:3,1
DA:4,1
DA:5,1
DA:8,1
DA:10,1
DA:11,1
DA:14,2
DA:15,1
DA:17,1
DA:18,0
DA:21,0
DA:26,1
DA:27,0
DA:29,0
DA:33,0
DA:38,1
DA:39,0
DA:41,0
DA:42,0
DA:44,0
DA:48,1
LF:22
LH:13
BRDA:41,0,0,0
BRDA:41,0,1,0
BRF:2
BRH:0
end_of_record
TN:
SF:/Users/Niall.Bunting/work/cvs/cvs-app-vtm/src/app/test-record/guards/test-type-categories.guard.ts
FN:16,(anonymous_2)
FN:17,TestTypeCategoriesGuard
FN:19,(anonymous_4)
FN:21,(anonymous_5)
FN:28,(anonymous_6)
FN:30,(anonymous_7)
FN:34,(anonymous_8)
FN:40,(anonymous_9)
FN:42,(anonymous_10)
FNF:9
FNH:9
FNDA:1,(anonymous_2)
FNDA:3,TestTypeCategoriesGuard
FNDA:3,(anonymous_4)
FNDA:3,(anonymous_5)
FNDA:3,(anonymous_6)
FNDA:2,(anonymous_7)
FNDA:1,(anonymous_8)
FNDA:3,(anonymous_9)
FNDA:3,(anonymous_10)
DA:1,1
DA:3,1
DA:4,1
DA:5,1
DA:8,1
DA:10,1
DA:11,1
DA:16,2
DA:17,3
DA:19,1
DA:20,3
DA:22,3
DA:28,4
DA:29,3
DA:31,2
DA:35,1
DA:40,4
DA:41,3
DA:43,3
DA:44,0
DA:46,3
DA:50,1
LF:22
LH:21
BRDA:43,0,0,0
BRDA:43,0,1,3
BRF:2
BRH:1
end_of_record
TN:
SF:/Users/Niall.Bunting/work/cvs/cvs-app-vtm/src/app/test-record/notes/notes.component.html
FNF:0
FNH:0
DA:1,1
LF:1
LH:1
BRF:0
BRH:0
end_of_record
TN:
SF:/Users/Niall.Bunting/work/cvs/cvs-app-vtm/src/app/test-record/notes/notes.component.ts
FN:10,(anonymous_2)
FN:14,NotesComponent
FN:16,(anonymous_4)
FNF:3
FNH:3
FNDA:1,(anonymous_2)
FNDA:3,NotesComponent
FNDA:3,(anonymous_4)
DA:1,1
DA:3,1
DA:10,2
DA:11,1
DA:12,1
DA:16,1
DA:17,1
LF:7
LH:7
BRF:0
BRH:0
end_of_record
TN:
SF:/Users/Niall.Bunting/work/cvs/cvs-app-vtm/src/app/test-record/notes/edit/notes-edit.component.html
FNF:0
FNH:0
DA:1,1
LF:1
LH:1
BRF:0
BRH:0
end_of_record
TN:
SF:/Users/Niall.Bunting/work/cvs/cvs-app-vtm/src/app/test-record/notes/edit/notes-edit.component.ts
FN:12,(anonymous_2)
FN:20,NotesEditComponent
FN:24,(anonymous_4)
FNF:3
FNH:3
FNDA:1,(anonymous_2)
FNDA:1,NotesEditComponent
FNDA:1,(anonymous_4)
DA:1,1
DA:2,1
DA:3,1
DA:12,2
DA:13,1
DA:14,1
DA:15,1
DA:21,1
DA:24,1
DA:25,1
DA:27,1
DA:28,0
DA:34,1
LF:13
LH:12
BRDA:27,0,0,0
BRDA:27,0,1,1
BRF:2
BRH:1
end_of_record
TN:
SF:/Users/Niall.Bunting/work/cvs/cvs-app-vtm/src/app/test-record/seatbelt-installation-check/seatbelt-installation-check.component.html
FNF:0
FNH:0
DA:1,1
LF:1
LH:1
BRF:0
BRH:0
end_of_record
TN:
SF:/Users/Niall.Bunting/work/cvs/cvs-app-vtm/src/app/test-record/seatbelt-installation-check/seatbelt-installation-check.component.ts
FN:12,(anonymous_2)
FN:18,SeatbeltInstallationCheckComponent
FN:20,(anonymous_4)
FNF:3
FNH:2
FNDA:1,(anonymous_2)
FNDA:3,SeatbeltInstallationCheckComponent
FNDA:0,(anonymous_4)
DA:1,1
DA:3,1
DA:4,1
DA:12,2
DA:13,1
DA:14,1
DA:15,1
DA:20,1
DA:21,0
DA:23,1
LF:10
LH:9
BRDA:21,0,0,0
BRDA:21,0,1,0
BRF:2
BRH:0
end_of_record
TN:
SF:/Users/Niall.Bunting/work/cvs/cvs-app-vtm/src/app/test-record/seatbelt-installation-check/edit/seatbelt-installation-check-edit.component.html
FNF:0
FNH:0
DA:1,1
LF:1
LH:1
BRF:0
BRH:0
end_of_record
TN:
SF:/Users/Niall.Bunting/work/cvs/cvs-app-vtm/src/app/test-record/seatbelt-installation-check/edit/seatbelt-installation-check-edit.component.ts
FN:19,(anonymous_2)
FN:28,SeatbeltInstallationCheckEditComponent
FN:32,(anonymous_4)
FNF:3
FNH:3
FNDA:1,(anonymous_2)
FNDA:3,SeatbeltInstallationCheckEditComponent
FNDA:5,(anonymous_4)
DA:1,1
DA:3,1
DA:11,1
DA:19,2
DA:20,1
DA:21,1
DA:29,3
DA:32,1
DA:33,5
DA:34,5
DA:35,0
DA:39,0
DA:43,0
DA:49,5
DA:50,5
DA:55,1
LF:16
LH:13
BRDA:34,0,0,0
BRDA:34,0,1,5
BRDA:49,1,0,4
BRDA:49,1,1,1
BRF:4
BRH:3
end_of_record
TN:
SF:/Users/Niall.Bunting/work/cvs/cvs-app-vtm/src/app/test-record/select-test-type/select-test-type.component.html
FNF:0
FNH:0
DA:1,1
LF:1
LH:1
BRF:0
BRH:0
end_of_record
TN:
SF:/Users/Niall.Bunting/work/cvs/cvs-app-vtm/src/app/test-record/select-test-type/select-test-type.component.ts
FN:17,(anonymous_2)
FN:22,SelectTestTypeComponent
FN:24,(anonymous_4)
FN:26,(anonymous_5)
FN:30,(anonymous_6)
FNF:5
FNH:4
FNDA:1,(anonymous_2)
FNDA:2,SelectTestTypeComponent
FNDA:2,(anonymous_4)
FNDA:0,(anonymous_5)
FNDA:1,(anonymous_6)
DA:1,1
DA:17,2
DA:18,1
DA:19,3
DA:24,1
DA:26,1
DA:27,0
DA:30,1
DA:31,1
DA:33,1
LF:10
LH:9
BRF:0
BRH:0
end_of_record
TN:
SF:/Users/Niall.Bunting/work/cvs/cvs-app-vtm/src/app/test-record/test-history/test-history.component.html
FNF:0
FNH:0
DA:1,1
LF:1
LH:1
BRF:0
BRH:0
end_of_record
TN:
SF:/Users/Niall.Bunting/work/cvs/cvs-app-vtm/src/app/test-record/test-history/test-history.component.ts
FN:10,(anonymous_2)
FN:14,TestHistoryComponent
FN:16,(anonymous_4)
FNF:3
FNH:3
FNDA:1,(anonymous_2)
FNDA:1,TestHistoryComponent
FNDA:1,(anonymous_4)
DA:1,1
DA:3,1
DA:10,2
DA:11,1
DA:12,1
DA:16,1
DA:17,1
LF:7
LH:7
BRF:0
BRH:0
end_of_record
TN:
SF:/Users/Niall.Bunting/work/cvs/cvs-app-vtm/src/app/test-record/test-section/test-section.component.html
FNF:0
FNH:0
DA:1,1
LF:1
LH:1
BRF:0
BRH:0
end_of_record
TN:
SF:/Users/Niall.Bunting/work/cvs/cvs-app-vtm/src/app/test-record/test-section/test-section.component.ts
FN:12,(anonymous_2)
FN:20,TestSectionComponent
FN:22,(anonymous_4)
FNF:3
FNH:3
FNDA:1,(anonymous_2)
FNDA:1,TestSectionComponent
FNDA:1,(anonymous_4)
DA:1,1
DA:5,1
DA:12,2
DA:13,1
DA:14,1
DA:15,1
DA:16,1
DA:22,1
DA:23,1
DA:28,1
LF:10
LH:10
BRDA:24,0,0,1
BRDA:24,0,1,1
BRDA:24,0,2,0
BRF:3
BRH:2
end_of_record
TN:
SF:/Users/Niall.Bunting/work/cvs/cvs-app-vtm/src/app/test-record/test-section/edit/test-section-edit.component.html
FNF:0
FNH:0
DA:1,1
LF:1
LH:1
BRF:0
BRH:0
end_of_record
TN:
SF:/Users/Niall.Bunting/work/cvs/cvs-app-vtm/src/app/test-record/test-section/edit/test-section-edit.component.ts
FN:28,(anonymous_2)
FN:42,TestSectionEditComponent
FN:51,(anonymous_4)
FN:55,(anonymous_5)
FN:145,(anonymous_6)
FN:151,(anonymous_7)
FN:152,(anonymous_8)
FN:157,(anonymous_9)
FN:169,(anonymous_10)
FNF:9
FNH:6
FNDA:1,(anonymous_2)
FNDA:3,TestSectionEditComponent
FNDA:1,(anonymous_4)
FNDA:3,(anonymous_5)
FNDA:0,(anonymous_6)
FNDA:3,(anonymous_7)
FNDA:46,(anonymous_8)
FNDA:0,(anonymous_9)
FNDA:0,(anonymous_10)
DA:1,1
DA:4,1
DA:5,1
DA:6,1
DA:7,1
DA:8,1
DA:17,1
DA:19,1
DA:20,1
DA:28,2
DA:29,1
DA:30,1
DA:31,1
DA:32,3
DA:43,3
DA:44,3
DA:46,3
DA:48,3
DA:51,1
DA:52,1
DA:55,4
DA:56,3
DA:57,3
DA:58,3
DA:63,3
DA:67,3
DA:72,3
DA:73,3
DA:74,3
DA:75,3
DA:78,3
DA:79,3
DA:143,3
DA:146,0
DA:151,1
DA:152,3
DA:153,46
DA:157,1
DA:158,0
DA:169,0
DA:170,0
DA:171,0
DA:175,1
LF:43
LH:38
BRDA:57,0,0,0
BRDA:57,0,1,3
BRDA:73,1,0,3
BRDA:73,1,1,0
BRDA:78,2,0,3
BRDA:78,2,1,0
BRDA:170,3,0,0
BRDA:170,3,1,0
BRF:8
BRH:3
end_of_record
TN:
SF:/Users/Niall.Bunting/work/cvs/cvs-app-vtm/src/app/test-record/vehicle/vehicle.component.html
FNF:0
FNH:0
DA:1,1
LF:1
LH:1
BRF:0
BRH:0
end_of_record
TN:
SF:/Users/Niall.Bunting/work/cvs/cvs-app-vtm/src/app/test-record/vehicle/vehicle.component.ts
FN:12,(anonymous_2)
FN:18,VehicleComponent
FN:20,(anonymous_4)
FNF:3
FNH:2
FNDA:1,(anonymous_2)
FNDA:3,VehicleComponent
FNDA:0,(anonymous_4)
DA:1,1
DA:4,1
DA:5,1
DA:12,2
DA:13,1
DA:14,1
DA:15,1
DA:20,1
DA:21,0
DA:23,1
LF:10
LH:9
BRF:0
BRH:0
end_of_record
TN:
SF:/Users/Niall.Bunting/work/cvs/cvs-app-vtm/src/app/test-record/vehicle/edit/vehicle-edit.component.html
FNF:0
FNH:0
DA:1,1
LF:1
LH:1
BRF:0
BRH:0
end_of_record
TN:
SF:/Users/Niall.Bunting/work/cvs/cvs-app-vtm/src/app/test-record/vehicle/edit/vehicle-edit.component.ts
FN:19,(anonymous_2)
FN:30,VehicleEditComponent
FN:34,(anonymous_4)
FN:83,(anonymous_5)
FNF:4
FNH:4
FNDA:1,(anonymous_2)
FNDA:4,VehicleEditComponent
FNDA:7,(anonymous_4)
FNDA:7,(anonymous_5)
DA:1,1
DA:2,1
DA:3,1
DA:11,1
DA:19,2
DA:20,1
DA:21,1
DA:22,1
DA:24,4
DA:25,4
DA:31,4
DA:34,1
DA:35,7
DA:37,7
DA:45,7
DA:52,7
DA:56,7
DA:60,7
DA:64,7
DA:68,7
DA:72,7
DA:81,7
DA:83,7
DA:84,7
DA:88,7
DA:89,7
DA:91,4
DA:92,4
DA:94,1
DA:95,1
DA:97,1
DA:98,1
DA:100,1
DA:104,1
LF:34
LH:34
BRDA:48,0,0,0
BRDA:48,0,1,7
BRDA:76,1,0,0
BRDA:76,1,1,7
BRDA:75,2,0,7
BRDA:75,2,1,0
BRDA:82,3,0,7
BRDA:82,3,1,0
BRDA:84,4,0,7
BRDA:84,4,1,0
BRDA:84,5,0,7
BRDA:84,5,1,0
BRDA:88,6,0,7
BRDA:88,6,1,0
BRDA:90,7,0,4
BRDA:90,7,1,1
BRDA:90,7,2,1
BRDA:90,7,3,1
BRF:18
BRH:11
end_of_record
TN:
SF:/Users/Niall.Bunting/work/cvs/cvs-app-vtm/src/app/test-record/visit/visit.component.html
FNF:0
FNH:0
DA:1,1
LF:1
LH:1
BRF:0
BRH:0
end_of_record
TN:
SF:/Users/Niall.Bunting/work/cvs/cvs-app-vtm/src/app/test-record/visit/visit.component.ts
FN:11,(anonymous_2)
FN:16,VisitComponent
FN:18,(anonymous_4)
FNF:3
FNH:3
FNDA:1,(anonymous_2)
FNDA:3,VisitComponent
FNDA:3,(anonymous_4)
DA:1,1
DA:3,1
DA:11,2
DA:12,1
DA:13,1
DA:14,1
DA:18,1
DA:19,1
LF:8
LH:8
BRF:0
BRH:0
end_of_record
TN:
SF:/Users/Niall.Bunting/work/cvs/cvs-app-vtm/src/app/test-record/visit/edit/visit-edit.component.html
FNF:0
FNH:0
DA:1,1
LF:1
LH:1
BRF:0
BRH:0
end_of_record
TN:
SF:/Users/Niall.Bunting/work/cvs/cvs-app-vtm/src/app/test-record/visit/edit/visit-edit.component.ts
FN:13,(anonymous_2)
FN:24,VisitEditComponent
FN:28,(anonymous_4)
FN:66,(anonymous_5)
FN:75,(anonymous_6)
FN:83,(anonymous_7)
FN:85,(anonymous_8)
FNF:7
FNH:6
FNDA:1,(anonymous_2)
FNDA:2,VisitEditComponent
FNDA:2,(anonymous_4)
FNDA:2,(anonymous_5)
FNDA:0,(anonymous_6)
FNDA:1,(anonymous_7)
FNDA:1,(anonymous_8)
DA:1,1
DA:3,1
DA:5,1
DA:13,2
DA:14,1
DA:15,1
DA:16,1
DA:19,2
DA:20,2
DA:21,2
DA:24,2
DA:25,2
DA:28,3
DA:29,2
DA:32,2
DA:35,2
DA:39,2
DA:43,2
DA:55,2
DA:59,2
DA:64,2
DA:66,2
DA:67,2
DA:73,2
DA:76,0
DA:77,0
DA:78,0
DA:79,0
DA:83,1
DA:85,1
DA:86,1
DA:87,1
DA:91,1
DA:93,1
LF:34
LH:30
BRDA:30,0,0,0
BRDA:30,0,1,2
BRDA:33,1,0,0
BRDA:33,1,1,2
BRDA:36,2,0,0
BRDA:36,2,1,2
BRDA:48,3,0,0
BRDA:48,3,1,2
BRDA:65,4,0,2
BRDA:65,4,1,0
BRDA:67,5,0,0
BRDA:67,5,1,2
BRDA:68,6,0,2
BRDA:68,6,1,0
BRDA:77,7,0,0
BRDA:77,7,1,0
BRDA:86,8,0,1
BRDA:86,8,1,0
BRF:18
BRH:8
end_of_record
TN:
SF:/Users/Niall.Bunting/work/cvs/cvs-app-vtm/src/app/utils/form.utils.ts
FN:16,addControlsToFormGroup
FN:17,(anonymous_1)
FNF:2
FNH:2
FNDA:4,addControlsToFormGroup
FNDA:32,(anonymous_1)
DA:1,21
DA:12,21
DA:17,4
DA:18,32
LF:4
LH:4
BRDA:21,0,0,4
BRDA:21,0,1,28
BRF:2
BRH:2
end_of_record
TN:
SF:/Users/Niall.Bunting/work/cvs/cvs-app-vtm/src/app/utils/index.ts
FNF:0
FNH:0
DA:1,21
DA:2,21
DA:3,21
DA:4,21
DA:5,21
LF:5
LH:5
BRF:0
BRH:0
end_of_record
TN:
SF:/Users/Niall.Bunting/work/cvs/cvs-app-vtm/src/app/utils/mockStore.ts
FN:23,(anonymous_0)
FN:26,MockStore
FN:30,(anonymous_2)
FN:34,(anonymous_3)
FN:43,(anonymous_4)
FN:52,(anonymous_5)
FN:55,(anonymous_6)
FN:61,(anonymous_7)
FN:70,(anonymous_8)
FN:77,(anonymous_9)
FN:84,(anonymous_10)
FN:93,(anonymous_11)
FN:100,(anonymous_12)
FN:107,(anonymous_13)
FN:114,(anonymous_14)
FN:121,(anonymous_15)
FN:130,(anonymous_16)
FN:136,(anonymous_17)
FN:144,(anonymous_18)
FN:156,(anonymous_19)
FNF:20
FNH:18
FNDA:26,(anonymous_0)
FNDA:12,MockStore
FNDA:85,(anonymous_2)
FNDA:3,(anonymous_3)
FNDA:8,(anonymous_4)
FNDA:8,(anonymous_5)
FNDA:1,(anonymous_6)
FNDA:5,(anonymous_7)
FNDA:5,(anonymous_8)
FNDA:6,(anonymous_9)
FNDA:7,(anonymous_10)
FNDA:0,(anonymous_11)
FNDA:5,(anonymous_12)
FNDA:2,(anonymous_13)
FNDA:2,(anonymous_14)
FNDA:1,(anonymous_15)
FNDA:1,(anonymous_16)
FNDA:2,(anonymous_17)
FNDA:0,(anonymous_18)
FNDA:9,(anonymous_19)
DA:1,26
DA:4,26
DA:5,26
DA:12,26
DA:18,26
DA:19,26
DA:20,26
DA:21,26
DA:23,26
DA:27,12
DA:30,26
DA:31,85
DA:33,2
DA:35,3
DA:42,13
DA:44,8
DA:51,13
DA:53,8
DA:60,4
DA:62,5
DA:69,4
DA:71,5
DA:76,5
DA:78,6
DA:83,10
DA:85,7
DA:92,0
DA:94,0
DA:99,6
DA:101,5
DA:106,3
DA:108,2
DA:113,3
DA:115,2
DA:120,6
DA:122,1
DA:129,6
DA:131,1
DA:135,3
DA:137,2
DA:143,1
DA:145,0
DA:152,6
DA:156,26
DA:157,9
DA:159,26
LF:46
LH:43
BRDA:32,0,0,2
BRDA:32,0,1,13
BRDA:32,0,2,13
BRDA:32,0,3,4
BRDA:32,0,4,4
BRDA:32,0,5,5
BRDA:32,0,6,10
BRDA:32,0,7,0
BRDA:32,0,8,6
BRDA:32,0,9,3
BRDA:32,0,10,3
BRDA:32,0,11,6
BRDA:32,0,12,6
BRDA:32,0,13,3
BRDA:32,0,14,1
BRDA:32,0,15,6
BRDA:36,1,0,2
BRDA:36,1,1,1
BRDA:35,2,0,3
BRDA:35,2,1,2
BRDA:45,3,0,7
BRDA:45,3,1,1
BRDA:44,4,0,8
BRDA:44,4,1,7
BRDA:54,5,0,7
BRDA:54,5,1,1
BRDA:53,6,0,8
BRDA:53,6,1,7
BRDA:63,7,0,4
BRDA:63,7,1,1
BRDA:62,8,0,5
BRDA:62,8,1,4
BRDA:71,9,0,4
BRDA:71,9,1,1
BRDA:71,10,0,5
BRDA:71,10,1,4
BRDA:78,11,0,4
BRDA:78,11,1,2
BRDA:78,12,0,6
BRDA:78,12,1,4
BRDA:86,13,0,5
BRDA:86,13,1,2
BRDA:85,14,0,7
BRDA:85,14,1,6
BRDA:94,15,0,0
BRDA:94,15,1,0
BRDA:94,16,0,0
BRDA:94,16,1,0
BRDA:101,17,0,2
BRDA:101,17,1,3
BRDA:101,18,0,5
BRDA:101,18,1,2
BRDA:108,19,0,2
BRDA:108,19,1,0
BRDA:108,20,0,2
BRDA:108,20,1,2
BRDA:115,21,0,2
BRDA:115,21,1,0
BRDA:115,22,0,2
BRDA:115,22,1,2
BRDA:123,23,0,1
BRDA:123,23,1,0
BRDA:122,24,0,1
BRDA:122,24,1,1
BRDA:131,25,0,1
BRDA:131,25,1,0
BRDA:131,26,0,1
BRDA:131,26,1,1
BRDA:138,27,0,2
BRDA:138,27,1,0
BRDA:137,28,0,2
BRDA:137,28,1,2
BRDA:146,29,0,0
BRDA:146,29,1,0
BRDA:145,30,0,0
BRDA:145,30,1,0
BRF:76
BRH:62
end_of_record
TN:
SF:/Users/Niall.Bunting/work/cvs/cvs-app-vtm/src/app/utils/test-model.utils.ts
FN:11,mockTestRecord
FN:25,mockTestType
FN:42,mockTestTypeCategory
FNF:3
FNH:3
FNDA:38,mockTestRecord
FNDA:67,mockTestType
FNDA:3,mockTestTypeCategory
DA:5,39
DA:12,38
DA:22,38
DA:26,67
DA:39,67
DA:43,3
DA:59,3
LF:7
LH:7
BRF:0
BRH:0
end_of_record
TN:
SF:/Users/Niall.Bunting/work/cvs/cvs-app-vtm/src/app/utils/test-type-applicable-models.utils.ts
FN:7,mockTestTypesApplicable
FNF:1
FNH:1
FNDA:11,mockTestTypesApplicable
DA:3,5
DA:8,11
LF:2
LH:2
BRF:0
BRH:0
end_of_record
TN:
SF:/Users/Niall.Bunting/work/cvs/cvs-app-vtm/src/app/utils/testing.utils.ts
FN:74,mockFormGroupDirective
FN:80,mockApplicantDetails
FN:92,mockDDA
FN:102,mockVehicleDetails
FN:111,mockAdditionalNotes
FN:120,mockTc2Details
FN:130,mockTc3Details
FN:140,mockTankDetails
FN:155,mockTank
FN:170,mockAdrDetails
FN:193,mockTechRecord
FN:202,mockMetaData
FN:230,mockAddressInformation
FN:243,mockApplicant
FN:251,mockMicrofilm
FN:260,mockPlates
FN:270,mockAuthoIntoService
FN:281,mockLettersOfAuth
FN:290,mockPurchaser
FN:300,mockManufacturer
FN:310,mockAxleBrakes
FN:319,mockAxle
FN:330,mockTyres
FN:340,mockWeights
FN:350,mockBodyType
FN:359,mockBrakeForceWheelsNotLocked
FN:371,mockBrakeForceWheelsUpToHalfLocked
FN:383,mockBrakes
FN:394,mockAxleSpacing
FN:403,mockDimensions
FNF:30
FNH:30
FNDA:82,mockFormGroupDirective
FNDA:60,mockApplicantDetails
FNDA:1,mockDDA
FNDA:63,mockVehicleDetails
FNDA:59,mockAdditionalNotes
FNDA:8,mockTc2Details
FNDA:6,mockTc3Details
FNDA:22,mockTankDetails
FNDA:16,mockTank
FNDA:59,mockAdrDetails
FNDA:25,mockTechRecord
FNDA:6,mockMetaData
FNDA:5,mockAddressInformation
FNDA:3,mockApplicant
FNDA:3,mockMicrofilm
FNDA:1,mockPlates
FNDA:1,mockAuthoIntoService
FNDA:1,mockLettersOfAuth
FNDA:1,mockPurchaser
FNDA:1,mockManufacturer
FNDA:29,mockAxleBrakes
FNDA:29,mockAxle
FNDA:29,mockTyres
FNDA:29,mockWeights
FNDA:3,mockBodyType
FNDA:1,mockBrakeForceWheelsNotLocked
FNDA:1,mockBrakeForceWheelsUpToHalfLocked
FNDA:2,mockBrakes
FNDA:16,mockAxleSpacing
FNDA:12,mockDimensions
DA:1,66
DA:46,66
DA:74,82
DA:75,82
DA:76,82
DA:77,82
DA:81,60
DA:89,60
DA:93,1
DA:99,1
DA:103,63
DA:108,63
DA:112,59
DA:117,59
DA:121,8
DA:127,8
DA:131,6
DA:137,6
DA:141,22
DA:152,22
DA:156,16
DA:167,16
DA:171,59
DA:190,59
DA:194,25
DA:199,25
DA:203,6
DA:231,5
DA:240,5
DA:244,3
DA:248,3
DA:252,3
DA:257,3
DA:261,1
DA:267,1
DA:271,1
DA:278,1
DA:282,1
DA:287,1
DA:291,1
DA:297,1
DA:301,1
DA:307,1
DA:311,29
DA:316,29
DA:320,29
DA:327,29
DA:331,29
DA:337,29
DA:341,29
DA:347,29
DA:351,3
DA:356,3
DA:362,1
DA:368,1
DA:374,1
DA:380,1
DA:384,2
DA:391,2
DA:395,16
DA:400,16
DA:404,12
DA:410,12
LF:63
LH:63
BRDA:74,0,0,18
BRDA:74,0,1,64
BRF:2
BRH:2
end_of_record
TN:
SF:/Users/Niall.Bunting/work/cvs/cvs-app-vtm/src/app/utils/utils.functions.ts
FN:1,scrollToSection
FN:3,(anonymous_1)
FNF:2
FNH:2
FNDA:1,scrollToSection
FNDA:2,(anonymous_1)
DA:1,21
DA:2,1
DA:3,2
LF:3
LH:3
BRF:0
BRH:0
end_of_record
TN:
SF:/Users/Niall.Bunting/work/cvs/cvs-app-vtm/src/environments/environment.ts
FNF:0
FNH:0
DA:5,1
LF:1
LH:1
BRF:0
BRH:0
end_of_record
TN:
SF:/Users/Niall.Bunting/work/cvs/cvs-app-vtm/testconfig/services-mocks/authentication-guard.mock.ts
FN:3,(anonymous_0)
FN:10,(anonymous_2)
FN:14,(anonymous_3)
FN:18,(anonymous_4)
FN:22,(anonymous_5)
FN:26,(anonymous_6)
FN:30,(anonymous_7)
FN:34,(anonymous_8)
FNF:8
FNH:8
FNDA:8,(anonymous_0)
FNDA:1,(anonymous_2)
FNDA:1,(anonymous_3)
FNDA:1,(anonymous_4)
FNDA:1,(anonymous_5)
FNDA:1,(anonymous_6)
FNDA:1,(anonymous_7)
FNDA:1,(anonymous_8)
DA:1,1
DA:3,1
DA:10,1
DA:11,1
DA:14,1
DA:15,1
DA:18,1
DA:19,1
DA:22,1
DA:23,1
DA:26,1
DA:27,1
DA:30,1
DA:31,1
DA:34,1
DA:35,1
DA:38,1
LF:17
LH:17
BRF:0
BRH:0
end_of_record
TN:
SF:/Users/Niall.Bunting/work/cvs/cvs-app-vtm/testconfig/services-mocks/technical-record-service.mock.ts
FN:3,(anonymous_0)
FN:5,(anonymous_2)
FN:9,(anonymous_3)
FNF:3
FNH:3
FNDA:4,(anonymous_0)
FNDA:1,(anonymous_2)
FNDA:1,(anonymous_3)
DA:1,2
DA:3,2
DA:5,2
DA:6,1
DA:9,2
DA:10,1
DA:13,2
LF:7
LH:7
BRF:0
BRH:0
end_of_record
